[INFO  Tue 02 May 2023 10:14:39 PM CDT] ...e/nvim/lazy/mason.nvim/lua/mason-core/installer/init.lua:166: Executing installer for Package(name=stylua) {}
[INFO  Tue 02 May 2023 10:14:39 PM CDT] ...e/nvim/lazy/mason.nvim/lua/mason-core/installer/init.lua:166: Executing installer for Package(name=shfmt) {}
[INFO  Tue 02 May 2023 10:14:39 PM CDT] ...e/nvim/lazy/mason.nvim/lua/mason-core/installer/init.lua:166: Executing installer for Package(name=lua-language-server) {}
[INFO  Tue 02 May 2023 10:14:39 PM CDT] ...e/nvim/lazy/mason.nvim/lua/mason-core/installer/init.lua:166: Executing installer for Package(name=json-lsp) {}
[ERROR Tue 02 May 2023 10:14:39 PM CDT] ...e/nvim/lazy/mason.nvim/lua/mason-core/installer/init.lua:200: Installation failed for Package(name=json-lsp) error=spawn: npm failed with exit code - and signal -. npm is not executable
[INFO  Tue 02 May 2023 10:14:40 PM CDT] ...e/nvim/lazy/mason.nvim/lua/mason-core/installer/init.lua:193: Installation succeeded for Package(name=shfmt)
[ERROR Tue 02 May 2023 10:14:41 PM CDT] ...e/nvim/lazy/mason.nvim/lua/mason-core/installer/init.lua:200: Installation failed for Package(name=stylua) error=spawn: unzip failed with exit code - and signal -. unzip is not executable
[INFO  Tue 02 May 2023 10:14:41 PM CDT] ...e/nvim/lazy/mason.nvim/lua/mason-core/installer/init.lua:193: Installation succeeded for Package(name=lua-language-server)
[INFO  Tue 02 May 2023 10:15:38 PM CDT] ...e/nvim/lazy/mason.nvim/lua/mason-core/installer/init.lua:166: Executing installer for Package(name=stylua) {}
[INFO  Tue 02 May 2023 10:15:38 PM CDT] ...e/nvim/lazy/mason.nvim/lua/mason-core/installer/init.lua:166: Executing installer for Package(name=json-lsp) {}
[ERROR Tue 02 May 2023 10:15:38 PM CDT] ...e/nvim/lazy/mason.nvim/lua/mason-core/installer/init.lua:200: Installation failed for Package(name=json-lsp) error=spawn: npm failed with exit code - and signal -. npm is not executable
[ERROR Tue 02 May 2023 10:15:39 PM CDT] ...e/nvim/lazy/mason.nvim/lua/mason-core/installer/init.lua:200: Installation failed for Package(name=stylua) error=spawn: unzip failed with exit code - and signal -. unzip is not executable
[INFO  Tue 02 May 2023 10:27:52 PM CDT] ...e/nvim/lazy/mason.nvim/lua/mason-core/installer/init.lua:166: Executing installer for Package(name=stylua) {}
[INFO  Tue 02 May 2023 10:27:52 PM CDT] ...e/nvim/lazy/mason.nvim/lua/mason-core/installer/init.lua:166: Executing installer for Package(name=json-lsp) {}
[ERROR Tue 02 May 2023 10:27:53 PM CDT] ...e/nvim/lazy/mason.nvim/lua/mason-core/installer/init.lua:200: Installation failed for Package(name=json-lsp) error=spawn: npm failed with exit code - and signal -. npm is not executable
[ERROR Tue 02 May 2023 10:27:54 PM CDT] ...e/nvim/lazy/mason.nvim/lua/mason-core/installer/init.lua:200: Installation failed for Package(name=stylua) error=spawn: unzip failed with exit code - and signal -. unzip is not executable
[INFO  Tue 02 May 2023 10:29:38 PM CDT] ...e/nvim/lazy/mason.nvim/lua/mason-core/installer/init.lua:166: Executing installer for Package(name=stylua) {}
[INFO  Tue 02 May 2023 10:29:38 PM CDT] ...e/nvim/lazy/mason.nvim/lua/mason-core/installer/init.lua:166: Executing installer for Package(name=json-lsp) {}
[ERROR Tue 02 May 2023 10:29:38 PM CDT] ...e/nvim/lazy/mason.nvim/lua/mason-core/installer/init.lua:200: Installation failed for Package(name=json-lsp) error=spawn: npm failed with exit code - and signal -. npm is not executable
[ERROR Tue 02 May 2023 10:29:39 PM CDT] ...e/nvim/lazy/mason.nvim/lua/mason-core/installer/init.lua:200: Installation failed for Package(name=stylua) error=spawn: unzip failed with exit code - and signal -. unzip is not executable
[INFO  Tue 02 May 2023 10:33:33 PM CDT] ...e/nvim/lazy/mason.nvim/lua/mason-core/installer/init.lua:166: Executing installer for Package(name=stylua) {}
[INFO  Tue 02 May 2023 10:33:33 PM CDT] ...e/nvim/lazy/mason.nvim/lua/mason-core/installer/init.lua:166: Executing installer for Package(name=json-lsp) {}
[ERROR Tue 02 May 2023 10:33:33 PM CDT] ...e/nvim/lazy/mason.nvim/lua/mason-core/installer/init.lua:200: Installation failed for Package(name=json-lsp) error=spawn: npm failed with exit code - and signal -. npm is not executable
[ERROR Tue 02 May 2023 10:33:34 PM CDT] ...e/nvim/lazy/mason.nvim/lua/mason-core/installer/init.lua:200: Installation failed for Package(name=stylua) error=spawn: unzip failed with exit code - and signal -. unzip is not executable
[INFO  Tue 02 May 2023 10:53:18 PM CDT] ...e/nvim/lazy/mason.nvim/lua/mason-core/installer/init.lua:166: Executing installer for Package(name=stylua) {}
[INFO  Tue 02 May 2023 10:53:18 PM CDT] ...e/nvim/lazy/mason.nvim/lua/mason-core/installer/init.lua:166: Executing installer for Package(name=json-lsp) {}
[ERROR Tue 02 May 2023 10:53:18 PM CDT] ...e/nvim/lazy/mason.nvim/lua/mason-core/installer/init.lua:200: Installation failed for Package(name=json-lsp) error=spawn: npm failed with exit code - and signal -. npm is not executable
[ERROR Tue 02 May 2023 10:53:19 PM CDT] ...e/nvim/lazy/mason.nvim/lua/mason-core/installer/init.lua:200: Installation failed for Package(name=stylua) error=spawn: unzip failed with exit code - and signal -. unzip is not executable
[INFO  Wed 03 May 2023 08:41:32 PM CDT] ...e/nvim/lazy/mason.nvim/lua/mason-core/installer/init.lua:166: Executing installer for Package(name=stylua) {}
[INFO  Wed 03 May 2023 08:41:32 PM CDT] ...e/nvim/lazy/mason.nvim/lua/mason-core/installer/init.lua:166: Executing installer for Package(name=json-lsp) {}
[ERROR Wed 03 May 2023 08:41:33 PM CDT] ...e/nvim/lazy/mason.nvim/lua/mason-core/installer/init.lua:200: Installation failed for Package(name=stylua) error=spawn: unzip failed with exit code - and signal -. unzip is not executable
[INFO  Wed 03 May 2023 08:41:38 PM CDT] ...e/nvim/lazy/mason.nvim/lua/mason-core/installer/init.lua:193: Installation succeeded for Package(name=json-lsp)
[INFO  Wed 03 May 2023 08:54:53 PM CDT] ...e/nvim/lazy/mason.nvim/lua/mason-core/installer/init.lua:166: Executing installer for Package(name=stylua) {}
[ERROR Wed 03 May 2023 08:54:54 PM CDT] ...e/nvim/lazy/mason.nvim/lua/mason-core/installer/init.lua:200: Installation failed for Package(name=stylua) error=spawn: unzip failed with exit code - and signal -. unzip is not executable
[INFO  Thu 04 May 2023 12:03:20 AM CDT] ...e/nvim/lazy/mason.nvim/lua/mason-core/installer/init.lua:166: Executing installer for Package(name=stylua) {}
[ERROR Thu 04 May 2023 12:03:21 AM CDT] ...e/nvim/lazy/mason.nvim/lua/mason-core/installer/init.lua:200: Installation failed for Package(name=stylua) error=spawn: unzip failed with exit code - and signal -. unzip is not executable
[INFO  Thu 04 May 2023 12:08:34 AM CDT] ...e/nvim/lazy/mason.nvim/lua/mason-core/installer/init.lua:166: Executing installer for Package(name=stylua) {}
[ERROR Thu 04 May 2023 12:08:49 AM CDT] ...e/nvim/lazy/mason.nvim/lua/mason-core/installer/init.lua:200: Installation failed for Package(name=stylua) error='spawn: wget failed with exit code - and signal -. wget is not executable\nFailed to download file "https://github.com/johnnymorganz/stylua/releases/download/v0.17.1/stylua-linux-x86_64.zip".'
[INFO  Thu 04 May 2023 12:11:37 AM CDT] ...e/nvim/lazy/mason.nvim/lua/mason-core/installer/init.lua:166: Executing installer for Package(name=stylua) {}
[ERROR Thu 04 May 2023 12:11:38 AM CDT] ...e/nvim/lazy/mason.nvim/lua/mason-core/installer/init.lua:200: Installation failed for Package(name=stylua) error=spawn: unzip failed with exit code - and signal -. unzip is not executable
[INFO  Thu 04 May 2023 12:13:36 AM CDT] ...e/nvim/lazy/mason.nvim/lua/mason-core/installer/init.lua:166: Executing installer for Package(name=stylua) {}
[ERROR Thu 04 May 2023 12:13:37 AM CDT] ...e/nvim/lazy/mason.nvim/lua/mason-core/installer/init.lua:200: Installation failed for Package(name=stylua) error=spawn: unzip failed with exit code - and signal -. unzip is not executable
[INFO  Thu 04 May 2023 12:20:03 AM CDT] ...e/nvim/lazy/mason.nvim/lua/mason-core/installer/init.lua:166: Executing installer for Package(name=stylua) {}
[ERROR Thu 04 May 2023 12:20:04 AM CDT] ...e/nvim/lazy/mason.nvim/lua/mason-core/installer/init.lua:200: Installation failed for Package(name=stylua) error=spawn: unzip failed with exit code - and signal -. unzip is not executable
[INFO  Thu 04 May 2023 12:21:01 AM CDT] ...e/nvim/lazy/mason.nvim/lua/mason-core/installer/init.lua:166: Executing installer for Package(name=stylua) {}
[ERROR Thu 04 May 2023 12:21:02 AM CDT] ...e/nvim/lazy/mason.nvim/lua/mason-core/installer/init.lua:200: Installation failed for Package(name=stylua) error=spawn: unzip failed with exit code - and signal -. unzip is not executable
[INFO  Thu 04 May 2023 12:22:46 AM CDT] ...e/nvim/lazy/mason.nvim/lua/mason-core/installer/init.lua:166: Executing installer for Package(name=stylua) {}
[ERROR Thu 04 May 2023 12:22:48 AM CDT] ...e/nvim/lazy/mason.nvim/lua/mason-core/installer/init.lua:200: Installation failed for Package(name=stylua) error=spawn: unzip failed with exit code - and signal -. unzip is not executable
[INFO  Thu 04 May 2023 12:24:07 AM CDT] ...e/nvim/lazy/mason.nvim/lua/mason-core/installer/init.lua:166: Executing installer for Package(name=stylua) {}
[ERROR Thu 04 May 2023 12:24:08 AM CDT] ...e/nvim/lazy/mason.nvim/lua/mason-core/installer/init.lua:200: Installation failed for Package(name=stylua) error=spawn: unzip failed with exit code - and signal -. unzip is not executable
[INFO  Thu 04 May 2023 12:24:18 AM CDT] ...e/nvim/lazy/mason.nvim/lua/mason-core/installer/init.lua:166: Executing installer for Package(name=stylua) {}
[ERROR Thu 04 May 2023 12:24:18 AM CDT] ...e/nvim/lazy/mason.nvim/lua/mason-core/installer/init.lua:200: Installation failed for Package(name=stylua) error=spawn: unzip failed with exit code - and signal -. unzip is not executable
[INFO  Thu 04 May 2023 12:44:56 PM CDT] ...e/nvim/lazy/mason.nvim/lua/mason-core/installer/init.lua:166: Executing installer for Package(name=stylua) {}
[ERROR Thu 04 May 2023 12:44:57 PM CDT] ...e/nvim/lazy/mason.nvim/lua/mason-core/installer/init.lua:200: Installation failed for Package(name=stylua) error=spawn: unzip failed with exit code - and signal -. unzip is not executable
[INFO  Thu 04 May 2023 12:47:08 PM CDT] ...e/nvim/lazy/mason.nvim/lua/mason-core/installer/init.lua:166: Executing installer for Package(name=stylua) {}
[ERROR Thu 04 May 2023 12:47:09 PM CDT] ...e/nvim/lazy/mason.nvim/lua/mason-core/installer/init.lua:200: Installation failed for Package(name=stylua) error=spawn: unzip failed with exit code - and signal -. unzip is not executable
[INFO  Thu 04 May 2023 12:48:10 PM CDT] ...e/nvim/lazy/mason.nvim/lua/mason-core/installer/init.lua:166: Executing installer for Package(name=stylua) {}
[ERROR Thu 04 May 2023 12:48:13 PM CDT] ...e/nvim/lazy/mason.nvim/lua/mason-core/installer/init.lua:200: Installation failed for Package(name=stylua) error=spawn: unzip failed with exit code - and signal -. unzip is not executable
[INFO  Thu 04 May 2023 12:48:42 PM CDT] ...e/nvim/lazy/mason.nvim/lua/mason-core/installer/init.lua:166: Executing installer for Package(name=stylua) {}
[ERROR Thu 04 May 2023 12:48:43 PM CDT] ...e/nvim/lazy/mason.nvim/lua/mason-core/installer/init.lua:200: Installation failed for Package(name=stylua) error=spawn: unzip failed with exit code - and signal -. unzip is not executable
[INFO  Thu 04 May 2023 12:48:48 PM CDT] ...e/nvim/lazy/mason.nvim/lua/mason-core/installer/init.lua:166: Executing installer for Package(name=stylua) {}
[ERROR Thu 04 May 2023 12:48:50 PM CDT] ...e/nvim/lazy/mason.nvim/lua/mason-core/installer/init.lua:200: Installation failed for Package(name=stylua) error=spawn: unzip failed with exit code - and signal -. unzip is not executable
[INFO  Thu 04 May 2023 12:48:55 PM CDT] ...e/nvim/lazy/mason.nvim/lua/mason-core/installer/init.lua:166: Executing installer for Package(name=stylua) {}
[ERROR Thu 04 May 2023 12:48:56 PM CDT] ...e/nvim/lazy/mason.nvim/lua/mason-core/installer/init.lua:200: Installation failed for Package(name=stylua) error=spawn: unzip failed with exit code - and signal -. unzip is not executable
[INFO  Thu 04 May 2023 12:50:19 PM CDT] ...e/nvim/lazy/mason.nvim/lua/mason-core/installer/init.lua:166: Executing installer for Package(name=stylua) {}
[ERROR Thu 04 May 2023 12:50:20 PM CDT] ...e/nvim/lazy/mason.nvim/lua/mason-core/installer/init.lua:200: Installation failed for Package(name=stylua) error=spawn: unzip failed with exit code - and signal -. unzip is not executable
[INFO  Thu 04 May 2023 12:50:50 PM CDT] ...e/nvim/lazy/mason.nvim/lua/mason-core/installer/init.lua:166: Executing installer for Package(name=stylua) {}
[ERROR Thu 04 May 2023 12:50:51 PM CDT] ...e/nvim/lazy/mason.nvim/lua/mason-core/installer/init.lua:200: Installation failed for Package(name=stylua) error=spawn: unzip failed with exit code - and signal -. unzip is not executable
[INFO  Thu 04 May 2023 12:56:06 PM CDT] ...e/nvim/lazy/mason.nvim/lua/mason-core/installer/init.lua:166: Executing installer for Package(name=stylua) {}
[ERROR Thu 04 May 2023 12:56:07 PM CDT] ...e/nvim/lazy/mason.nvim/lua/mason-core/installer/init.lua:200: Installation failed for Package(name=stylua) error=spawn: unzip failed with exit code - and signal -. unzip is not executable
[INFO  Thu 04 May 2023 01:00:50 PM CDT] ...e/nvim/lazy/mason.nvim/lua/mason-core/installer/init.lua:166: Executing installer for Package(name=stylua) {}
[ERROR Thu 04 May 2023 01:00:51 PM CDT] ...e/nvim/lazy/mason.nvim/lua/mason-core/installer/init.lua:200: Installation failed for Package(name=stylua) error=spawn: unzip failed with exit code - and signal -. unzip is not executable
[INFO  Thu 04 May 2023 01:05:20 PM CDT] ...e/nvim/lazy/mason.nvim/lua/mason-core/installer/init.lua:166: Executing installer for Package(name=stylua) {}
[INFO  Thu 04 May 2023 01:05:21 PM CDT] ...e/nvim/lazy/mason.nvim/lua/mason-core/installer/init.lua:193: Installation succeeded for Package(name=stylua)
