

Sun 07 May 2023 02:07:37 AM CDT
...local/share/nvim/lazy/noice.nvim/lua/noice/view/init.lua:246: Failed to save undo information

stack traceback:
	[C]: in function 'pcall'
	...local/share/nvim/lazy/noice.nvim/lua/noice/util/call.lua:144: in function <...local/share/nvim/lazy/noice.nvim/lua/noice/util/call.lua:143>
	[C]: in function 'nvim_buf_set_lines'
	...local/share/nvim/lazy/noice.nvim/lua/noice/view/init.lua:246: in function 'render'
	....local/share/nvim/lazy/noice.nvim/lua/noice/view/nui.lua:290: in function <....local/share/nvim/lazy/noice.nvim/lua/noice/view/nui.lua:276>
	[C]: in function 'xpcall'
	...local/share/nvim/lazy/noice.nvim/lua/noice/util/call.lua:149: in function 'try'
	...local/share/nvim/lazy/noice.nvim/lua/noice/view/init.lua:140: in function 'display'
	...are/nvim/lazy/noice.nvim/lua/noice/view/backend/mini.lua:96: in function 'update'
	...are/nvim/lazy/noice.nvim/lua/noice/view/backend/mini.lua:72: in function <...are/nvim/lazy/noice.nvim/lua/noice/view/backend/mini.lua:63>
	[C]: in function 'xpcall'
	...local/share/nvim/lazy/noice.nvim/lua/noice/util/call.lua:149: in function 'try'
	...local/share/nvim/lazy/noice.nvim/lua/noice/view/init.lua:140: in function 'display'
	.../share/nvim/lazy/noice.nvim/lua/noice/message/router.lua:215: in function 'update'
	...ocal/share/nvim/lazy/noice.nvim/lua/noice/util/hacks.lua:158: in function <...ocal/share/nvim/lazy/noice.nvim/lua/noice/util/hacks.lua:149>
	[C]: in function 'pcall'
	.../vylssius/.local/share/nvim/lazy/mini.ai/lua/mini/ai.lua:1834: in function 'user_textobject_id'
	.../vylssius/.local/share/nvim/lazy/mini.ai/lua/mini/ai.lua:1163: in function <.../vylssius/.local/share/nvim/lazy/mini.ai/lua/mini/ai.lua:1162>