2023-05-05T04:06:17.149Z [Modules] Modules initializing
2023-05-05T04:06:17.150Z [Modules] Distribution: remote
2023-05-05T04:06:17.150Z [Modules] Host updates: enabled
2023-05-05T04:06:17.150Z [Modules] Module updates: enabled
2023-05-05T04:06:17.151Z [Modules] Module install path: /home/vylssius/.config/discord/0.0.27/modules
2023-05-05T04:06:17.151Z [Modules] Module installed file path: /home/vylssius/.config/discord/0.0.27/modules/installed.json
2023-05-05T04:06:17.151Z [Modules] Module download path: /home/vylssius/.config/discord/0.0.27/modules/pending
2023-05-05T04:06:18.490Z [Modules] Bootstrapping...
2023-05-05T04:06:18.491Z [Modules] Installing discord_desktop_core@0 from /opt/discord/resources/bootstrap/discord_desktop_core.zip
2023-05-05T04:06:18.492Z [Modules] Failed installing discord_desktop_core@0: Error: ENOENT: no such file or directory, open '/opt/discord/resources/bootstrap/discord_desktop_core.zip'
2023-05-05T04:06:18.492Z [Modules] Installing discord_erlpack@0 from /opt/discord/resources/bootstrap/discord_erlpack.zip
2023-05-05T04:06:18.495Z [Modules] Failed installing discord_erlpack@0: Error: ENOENT: no such file or directory, open '/opt/discord/resources/bootstrap/discord_erlpack.zip'
2023-05-05T04:06:18.495Z [Modules] Installing discord_spellcheck@0 from /opt/discord/resources/bootstrap/discord_spellcheck.zip
2023-05-05T04:06:18.496Z [Modules] Failed installing discord_spellcheck@0: Error: ENOENT: no such file or directory, open '/opt/discord/resources/bootstrap/discord_spellcheck.zip'
2023-05-05T04:06:18.510Z [Modules] Installing discord_utils@0 from /opt/discord/resources/bootstrap/discord_utils.zip
2023-05-05T04:06:18.511Z [Modules] Failed installing discord_utils@0: Error: ENOENT: no such file or directory, open '/opt/discord/resources/bootstrap/discord_utils.zip'
2023-05-05T04:06:18.511Z [Modules] Installing discord_voice@0 from /opt/discord/resources/bootstrap/discord_voice.zip
2023-05-05T04:06:18.511Z [Modules] Failed installing discord_voice@0: Error: ENOENT: no such file or directory, open '/opt/discord/resources/bootstrap/discord_voice.zip'
2023-05-05T04:06:18.512Z [Modules] Finished module installations. [success: 0] [failure: 5]
2023-05-05T04:06:18.512Z [Modules] Checking for host updates.
2023-05-05T04:06:18.682Z [Modules] Host is up to date.
2023-05-05T04:06:18.683Z [Modules] Checking for module updates at https://discord.com/api/modules/stable/versions.json
2023-05-05T04:06:18.763Z [Modules] Module update available: discord_desktop_core@1 [installed: 0]
2023-05-05T04:06:18.763Z [Modules] Module update available: discord_erlpack@1 [installed: 0]
2023-05-05T04:06:18.763Z [Modules] Module update available: discord_spellcheck@1 [installed: 0]
2023-05-05T04:06:18.763Z [Modules] Module update available: discord_utils@1 [installed: 0]
2023-05-05T04:06:18.764Z [Modules] Module update available: discord_voice@1 [installed: 0]
2023-05-05T04:06:18.765Z [Modules] Fetching discord_desktop_core@1 from https://discord.com/api/modules/stable/discord_desktop_core/1
2023-05-05T04:06:18.765Z [Modules] Streaming discord_desktop_core@1 to /home/vylssius/.config/discord/0.0.27/modules/pending/discord_desktop_core-1.zip
2023-05-05T04:06:18.968Z [Modules] Streaming discord_desktop_core@1 to /home/vylssius/.config/discord/0.0.27/modules/pending/discord_desktop_core-1.zip: 2%
2023-05-05T04:06:18.993Z [Modules] Streaming discord_desktop_core@1 to /home/vylssius/.config/discord/0.0.27/modules/pending/discord_desktop_core-1.zip: 4%
2023-05-05T04:06:18.998Z [Modules] Streaming discord_desktop_core@1 to /home/vylssius/.config/discord/0.0.27/modules/pending/discord_desktop_core-1.zip: 5%
2023-05-05T04:06:19.000Z [Modules] Streaming discord_desktop_core@1 to /home/vylssius/.config/discord/0.0.27/modules/pending/discord_desktop_core-1.zip: 6%
2023-05-05T04:06:19.015Z [Modules] Streaming discord_desktop_core@1 to /home/vylssius/.config/discord/0.0.27/modules/pending/discord_desktop_core-1.zip: 7%
2023-05-05T04:06:19.021Z [Modules] Streaming discord_desktop_core@1 to /home/vylssius/.config/discord/0.0.27/modules/pending/discord_desktop_core-1.zip: 9%
2023-05-05T04:06:19.023Z [Modules] Streaming discord_desktop_core@1 to /home/vylssius/.config/discord/0.0.27/modules/pending/discord_desktop_core-1.zip: 10%
2023-05-05T04:06:19.027Z [Modules] Streaming discord_desktop_core@1 to /home/vylssius/.config/discord/0.0.27/modules/pending/discord_desktop_core-1.zip: 11%
2023-05-05T04:06:19.030Z [Modules] Streaming discord_desktop_core@1 to /home/vylssius/.config/discord/0.0.27/modules/pending/discord_desktop_core-1.zip: 12%
2023-05-05T04:06:19.033Z [Modules] Streaming discord_desktop_core@1 to /home/vylssius/.config/discord/0.0.27/modules/pending/discord_desktop_core-1.zip: 14%
2023-05-05T04:06:19.042Z [Modules] Streaming discord_desktop_core@1 to /home/vylssius/.config/discord/0.0.27/modules/pending/discord_desktop_core-1.zip: 15%
2023-05-05T04:06:19.045Z [Modules] Streaming discord_desktop_core@1 to /home/vylssius/.config/discord/0.0.27/modules/pending/discord_desktop_core-1.zip: 17%
2023-05-05T04:06:19.046Z [Modules] Streaming discord_desktop_core@1 to /home/vylssius/.config/discord/0.0.27/modules/pending/discord_desktop_core-1.zip: 18%
2023-05-05T04:06:19.050Z [Modules] Streaming discord_desktop_core@1 to /home/vylssius/.config/discord/0.0.27/modules/pending/discord_desktop_core-1.zip: 19%
2023-05-05T04:06:19.053Z [Modules] Streaming discord_desktop_core@1 to /home/vylssius/.config/discord/0.0.27/modules/pending/discord_desktop_core-1.zip: 21%
2023-05-05T04:06:19.056Z [Modules] Streaming discord_desktop_core@1 to /home/vylssius/.config/discord/0.0.27/modules/pending/discord_desktop_core-1.zip: 22%
2023-05-05T04:06:19.059Z [Modules] Streaming discord_desktop_core@1 to /home/vylssius/.config/discord/0.0.27/modules/pending/discord_desktop_core-1.zip: 24%
2023-05-05T04:06:19.062Z [Modules] Streaming discord_desktop_core@1 to /home/vylssius/.config/discord/0.0.27/modules/pending/discord_desktop_core-1.zip: 26%
2023-05-05T04:06:19.064Z [Modules] Streaming discord_desktop_core@1 to /home/vylssius/.config/discord/0.0.27/modules/pending/discord_desktop_core-1.zip: 27%
2023-05-05T04:06:19.070Z [Modules] Streaming discord_desktop_core@1 to /home/vylssius/.config/discord/0.0.27/modules/pending/discord_desktop_core-1.zip: 31%
2023-05-05T04:06:19.070Z [Modules] Streaming discord_desktop_core@1 to /home/vylssius/.config/discord/0.0.27/modules/pending/discord_desktop_core-1.zip: 33%
2023-05-05T04:06:19.072Z [Modules] Streaming discord_desktop_core@1 to /home/vylssius/.config/discord/0.0.27/modules/pending/discord_desktop_core-1.zip: 34%
2023-05-05T04:06:19.076Z [Modules] Streaming discord_desktop_core@1 to /home/vylssius/.config/discord/0.0.27/modules/pending/discord_desktop_core-1.zip: 36%
2023-05-05T04:06:19.079Z [Modules] Streaming discord_desktop_core@1 to /home/vylssius/.config/discord/0.0.27/modules/pending/discord_desktop_core-1.zip: 39%
2023-05-05T04:06:19.081Z [Modules] Streaming discord_desktop_core@1 to /home/vylssius/.config/discord/0.0.27/modules/pending/discord_desktop_core-1.zip: 41%
2023-05-05T04:06:19.085Z [Modules] Streaming discord_desktop_core@1 to /home/vylssius/.config/discord/0.0.27/modules/pending/discord_desktop_core-1.zip: 42%
2023-05-05T04:06:19.088Z [Modules] Streaming discord_desktop_core@1 to /home/vylssius/.config/discord/0.0.27/modules/pending/discord_desktop_core-1.zip: 46%
2023-05-05T04:06:19.089Z [Modules] Streaming discord_desktop_core@1 to /home/vylssius/.config/discord/0.0.27/modules/pending/discord_desktop_core-1.zip: 47%
2023-05-05T04:06:19.091Z [Modules] Streaming discord_desktop_core@1 to /home/vylssius/.config/discord/0.0.27/modules/pending/discord_desktop_core-1.zip: 48%
2023-05-05T04:06:19.096Z [Modules] Streaming discord_desktop_core@1 to /home/vylssius/.config/discord/0.0.27/modules/pending/discord_desktop_core-1.zip: 52%
2023-05-05T04:06:19.099Z [Modules] Streaming discord_desktop_core@1 to /home/vylssius/.config/discord/0.0.27/modules/pending/discord_desktop_core-1.zip: 53%
2023-05-05T04:06:19.102Z [Modules] Streaming discord_desktop_core@1 to /home/vylssius/.config/discord/0.0.27/modules/pending/discord_desktop_core-1.zip: 57%
2023-05-05T04:06:19.102Z [Modules] Streaming discord_desktop_core@1 to /home/vylssius/.config/discord/0.0.27/modules/pending/discord_desktop_core-1.zip: 59%
2023-05-05T04:06:19.104Z [Modules] Streaming discord_desktop_core@1 to /home/vylssius/.config/discord/0.0.27/modules/pending/discord_desktop_core-1.zip: 63%
2023-05-05T04:06:19.113Z [Modules] Streaming discord_desktop_core@1 to /home/vylssius/.config/discord/0.0.27/modules/pending/discord_desktop_core-1.zip: 68%
2023-05-05T04:06:19.122Z [Modules] Streaming discord_desktop_core@1 to /home/vylssius/.config/discord/0.0.27/modules/pending/discord_desktop_core-1.zip: 72%
2023-05-05T04:06:19.122Z [Modules] Streaming discord_desktop_core@1 to /home/vylssius/.config/discord/0.0.27/modules/pending/discord_desktop_core-1.zip: 73%
2023-05-05T04:06:19.124Z [Modules] Streaming discord_desktop_core@1 to /home/vylssius/.config/discord/0.0.27/modules/pending/discord_desktop_core-1.zip: 77%
2023-05-05T04:06:19.124Z [Modules] Streaming discord_desktop_core@1 to /home/vylssius/.config/discord/0.0.27/modules/pending/discord_desktop_core-1.zip: 84%
2023-05-05T04:06:19.125Z [Modules] Streaming discord_desktop_core@1 to /home/vylssius/.config/discord/0.0.27/modules/pending/discord_desktop_core-1.zip: 88%
2023-05-05T04:06:19.125Z [Modules] Streaming discord_desktop_core@1 to /home/vylssius/.config/discord/0.0.27/modules/pending/discord_desktop_core-1.zip: 89%
2023-05-05T04:06:19.131Z [Modules] Streaming discord_desktop_core@1 to /home/vylssius/.config/discord/0.0.27/modules/pending/discord_desktop_core-1.zip: 93%
2023-05-05T04:06:19.131Z [Modules] Streaming discord_desktop_core@1 to /home/vylssius/.config/discord/0.0.27/modules/pending/discord_desktop_core-1.zip: 95%
2023-05-05T04:06:19.132Z [Modules] Streaming discord_desktop_core@1 to /home/vylssius/.config/discord/0.0.27/modules/pending/discord_desktop_core-1.zip: 100%
2023-05-05T04:06:19.133Z [Modules] Fetching discord_erlpack@1 from https://discord.com/api/modules/stable/discord_erlpack/1
2023-05-05T04:06:19.133Z [Modules] Streaming discord_erlpack@1 to /home/vylssius/.config/discord/0.0.27/modules/pending/discord_erlpack-1.zip
2023-05-05T04:06:19.275Z [Modules] Streaming discord_erlpack@1 to /home/vylssius/.config/discord/0.0.27/modules/pending/discord_erlpack-1.zip: 3%
2023-05-05T04:06:19.276Z [Modules] Streaming discord_erlpack@1 to /home/vylssius/.config/discord/0.0.27/modules/pending/discord_erlpack-1.zip: 7%
2023-05-05T04:06:19.292Z [Modules] Streaming discord_erlpack@1 to /home/vylssius/.config/discord/0.0.27/modules/pending/discord_erlpack-1.zip: 11%
2023-05-05T04:06:19.294Z [Modules] Streaming discord_erlpack@1 to /home/vylssius/.config/discord/0.0.27/modules/pending/discord_erlpack-1.zip: 12%
2023-05-05T04:06:19.295Z [Modules] Streaming discord_erlpack@1 to /home/vylssius/.config/discord/0.0.27/modules/pending/discord_erlpack-1.zip: 21%
2023-05-05T04:06:19.296Z [Modules] Streaming discord_erlpack@1 to /home/vylssius/.config/discord/0.0.27/modules/pending/discord_erlpack-1.zip: 25%
2023-05-05T04:06:19.297Z [Modules] Streaming discord_erlpack@1 to /home/vylssius/.config/discord/0.0.27/modules/pending/discord_erlpack-1.zip: 31%
2023-05-05T04:06:19.299Z [Modules] Streaming discord_erlpack@1 to /home/vylssius/.config/discord/0.0.27/modules/pending/discord_erlpack-1.zip: 35%
2023-05-05T04:06:19.300Z [Modules] Streaming discord_erlpack@1 to /home/vylssius/.config/discord/0.0.27/modules/pending/discord_erlpack-1.zip: 40%
2023-05-05T04:06:19.301Z [Modules] Streaming discord_erlpack@1 to /home/vylssius/.config/discord/0.0.27/modules/pending/discord_erlpack-1.zip: 43%
2023-05-05T04:06:19.317Z [Modules] Streaming discord_erlpack@1 to /home/vylssius/.config/discord/0.0.27/modules/pending/discord_erlpack-1.zip: 47%
2023-05-05T04:06:19.318Z [Modules] Streaming discord_erlpack@1 to /home/vylssius/.config/discord/0.0.27/modules/pending/discord_erlpack-1.zip: 49%
2023-05-05T04:06:19.320Z [Modules] Streaming discord_erlpack@1 to /home/vylssius/.config/discord/0.0.27/modules/pending/discord_erlpack-1.zip: 57%
2023-05-05T04:06:19.321Z [Modules] Streaming discord_erlpack@1 to /home/vylssius/.config/discord/0.0.27/modules/pending/discord_erlpack-1.zip: 62%
2023-05-05T04:06:19.322Z [Modules] Streaming discord_erlpack@1 to /home/vylssius/.config/discord/0.0.27/modules/pending/discord_erlpack-1.zip: 68%
2023-05-05T04:06:19.337Z [Modules] Streaming discord_erlpack@1 to /home/vylssius/.config/discord/0.0.27/modules/pending/discord_erlpack-1.zip: 72%
2023-05-05T04:06:19.338Z [Modules] Streaming discord_erlpack@1 to /home/vylssius/.config/discord/0.0.27/modules/pending/discord_erlpack-1.zip: 74%
2023-05-05T04:06:19.339Z [Modules] Streaming discord_erlpack@1 to /home/vylssius/.config/discord/0.0.27/modules/pending/discord_erlpack-1.zip: 80%
2023-05-05T04:06:19.341Z [Modules] Streaming discord_erlpack@1 to /home/vylssius/.config/discord/0.0.27/modules/pending/discord_erlpack-1.zip: 83%
2023-05-05T04:06:19.342Z [Modules] Streaming discord_erlpack@1 to /home/vylssius/.config/discord/0.0.27/modules/pending/discord_erlpack-1.zip: 88%
2023-05-05T04:06:19.344Z [Modules] Streaming discord_erlpack@1 to /home/vylssius/.config/discord/0.0.27/modules/pending/discord_erlpack-1.zip: 100%
2023-05-05T04:06:19.346Z [Modules] Fetching discord_spellcheck@1 from https://discord.com/api/modules/stable/discord_spellcheck/1
2023-05-05T04:06:19.347Z [Modules] Streaming discord_spellcheck@1 to /home/vylssius/.config/discord/0.0.27/modules/pending/discord_spellcheck-1.zip
2023-05-05T04:06:19.497Z [Modules] Streaming discord_spellcheck@1 to /home/vylssius/.config/discord/0.0.27/modules/pending/discord_spellcheck-1.zip: 1%
2023-05-05T04:06:19.499Z [Modules] Streaming discord_spellcheck@1 to /home/vylssius/.config/discord/0.0.27/modules/pending/discord_spellcheck-1.zip: 2%
2023-05-05T04:06:19.501Z [Modules] Streaming discord_spellcheck@1 to /home/vylssius/.config/discord/0.0.27/modules/pending/discord_spellcheck-1.zip: 3%
2023-05-05T04:06:19.502Z [Modules] Streaming discord_spellcheck@1 to /home/vylssius/.config/discord/0.0.27/modules/pending/discord_spellcheck-1.zip: 4%
2023-05-05T04:06:19.504Z [Modules] Streaming discord_spellcheck@1 to /home/vylssius/.config/discord/0.0.27/modules/pending/discord_spellcheck-1.zip: 5%
2023-05-05T04:06:19.505Z [Modules] Streaming discord_spellcheck@1 to /home/vylssius/.config/discord/0.0.27/modules/pending/discord_spellcheck-1.zip: 6%
2023-05-05T04:06:19.716Z [Modules] Streaming discord_spellcheck@1 to /home/vylssius/.config/discord/0.0.27/modules/pending/discord_spellcheck-1.zip: 7%
2023-05-05T04:06:19.717Z [Modules] Streaming discord_spellcheck@1 to /home/vylssius/.config/discord/0.0.27/modules/pending/discord_spellcheck-1.zip: 8%
2023-05-05T04:06:19.724Z [Modules] Streaming discord_spellcheck@1 to /home/vylssius/.config/discord/0.0.27/modules/pending/discord_spellcheck-1.zip: 9%
2023-05-05T04:06:19.725Z [Modules] Streaming discord_spellcheck@1 to /home/vylssius/.config/discord/0.0.27/modules/pending/discord_spellcheck-1.zip: 10%
2023-05-05T04:06:19.735Z [Modules] Streaming discord_spellcheck@1 to /home/vylssius/.config/discord/0.0.27/modules/pending/discord_spellcheck-1.zip: 11%
2023-05-05T04:06:19.736Z [Modules] Streaming discord_spellcheck@1 to /home/vylssius/.config/discord/0.0.27/modules/pending/discord_spellcheck-1.zip: 13%
2023-05-05T04:06:19.737Z [Modules] Streaming discord_spellcheck@1 to /home/vylssius/.config/discord/0.0.27/modules/pending/discord_spellcheck-1.zip: 14%
2023-05-05T04:06:19.738Z [Modules] Streaming discord_spellcheck@1 to /home/vylssius/.config/discord/0.0.27/modules/pending/discord_spellcheck-1.zip: 15%
2023-05-05T04:06:19.739Z [Modules] Streaming discord_spellcheck@1 to /home/vylssius/.config/discord/0.0.27/modules/pending/discord_spellcheck-1.zip: 16%
2023-05-05T04:06:19.741Z [Modules] Streaming discord_spellcheck@1 to /home/vylssius/.config/discord/0.0.27/modules/pending/discord_spellcheck-1.zip: 17%
2023-05-05T04:06:19.743Z [Modules] Streaming discord_spellcheck@1 to /home/vylssius/.config/discord/0.0.27/modules/pending/discord_spellcheck-1.zip: 18%
2023-05-05T04:06:19.743Z [Modules] Streaming discord_spellcheck@1 to /home/vylssius/.config/discord/0.0.27/modules/pending/discord_spellcheck-1.zip: 19%
2023-05-05T04:06:19.748Z [Modules] Streaming discord_spellcheck@1 to /home/vylssius/.config/discord/0.0.27/modules/pending/discord_spellcheck-1.zip: 20%
2023-05-05T04:06:19.750Z [Modules] Streaming discord_spellcheck@1 to /home/vylssius/.config/discord/0.0.27/modules/pending/discord_spellcheck-1.zip: 21%
2023-05-05T04:06:19.789Z [Modules] Streaming discord_spellcheck@1 to /home/vylssius/.config/discord/0.0.27/modules/pending/discord_spellcheck-1.zip: 22%
2023-05-05T04:06:19.794Z [Modules] Streaming discord_spellcheck@1 to /home/vylssius/.config/discord/0.0.27/modules/pending/discord_spellcheck-1.zip: 23%
2023-05-05T04:06:19.795Z [Modules] Streaming discord_spellcheck@1 to /home/vylssius/.config/discord/0.0.27/modules/pending/discord_spellcheck-1.zip: 24%
2023-05-05T04:06:19.846Z [Modules] Streaming discord_spellcheck@1 to /home/vylssius/.config/discord/0.0.27/modules/pending/discord_spellcheck-1.zip: 25%
2023-05-05T04:06:19.848Z [Modules] Streaming discord_spellcheck@1 to /home/vylssius/.config/discord/0.0.27/modules/pending/discord_spellcheck-1.zip: 26%
2023-05-05T04:06:19.849Z [Modules] Streaming discord_spellcheck@1 to /home/vylssius/.config/discord/0.0.27/modules/pending/discord_spellcheck-1.zip: 27%
2023-05-05T04:06:19.850Z [Modules] Streaming discord_spellcheck@1 to /home/vylssius/.config/discord/0.0.27/modules/pending/discord_spellcheck-1.zip: 28%
2023-05-05T04:06:19.852Z [Modules] Streaming discord_spellcheck@1 to /home/vylssius/.config/discord/0.0.27/modules/pending/discord_spellcheck-1.zip: 29%
2023-05-05T04:06:19.853Z [Modules] Streaming discord_spellcheck@1 to /home/vylssius/.config/discord/0.0.27/modules/pending/discord_spellcheck-1.zip: 30%
2023-05-05T04:06:19.854Z [Modules] Streaming discord_spellcheck@1 to /home/vylssius/.config/discord/0.0.27/modules/pending/discord_spellcheck-1.zip: 31%
2023-05-05T04:06:19.855Z [Modules] Streaming discord_spellcheck@1 to /home/vylssius/.config/discord/0.0.27/modules/pending/discord_spellcheck-1.zip: 32%
2023-05-05T04:06:19.856Z [Modules] Streaming discord_spellcheck@1 to /home/vylssius/.config/discord/0.0.27/modules/pending/discord_spellcheck-1.zip: 33%
2023-05-05T04:06:19.858Z [Modules] Streaming discord_spellcheck@1 to /home/vylssius/.config/discord/0.0.27/modules/pending/discord_spellcheck-1.zip: 34%
2023-05-05T04:06:19.860Z [Modules] Streaming discord_spellcheck@1 to /home/vylssius/.config/discord/0.0.27/modules/pending/discord_spellcheck-1.zip: 35%
2023-05-05T04:06:19.861Z [Modules] Streaming discord_spellcheck@1 to /home/vylssius/.config/discord/0.0.27/modules/pending/discord_spellcheck-1.zip: 36%
2023-05-05T04:06:19.862Z [Modules] Streaming discord_spellcheck@1 to /home/vylssius/.config/discord/0.0.27/modules/pending/discord_spellcheck-1.zip: 37%
2023-05-05T04:06:19.864Z [Modules] Streaming discord_spellcheck@1 to /home/vylssius/.config/discord/0.0.27/modules/pending/discord_spellcheck-1.zip: 38%
2023-05-05T04:06:19.865Z [Modules] Streaming discord_spellcheck@1 to /home/vylssius/.config/discord/0.0.27/modules/pending/discord_spellcheck-1.zip: 39%
2023-05-05T04:06:19.867Z [Modules] Streaming discord_spellcheck@1 to /home/vylssius/.config/discord/0.0.27/modules/pending/discord_spellcheck-1.zip: 40%
2023-05-05T04:06:19.945Z [Modules] Streaming discord_spellcheck@1 to /home/vylssius/.config/discord/0.0.27/modules/pending/discord_spellcheck-1.zip: 41%
2023-05-05T04:06:19.947Z [Modules] Streaming discord_spellcheck@1 to /home/vylssius/.config/discord/0.0.27/modules/pending/discord_spellcheck-1.zip: 42%
2023-05-05T04:06:19.948Z [Modules] Streaming discord_spellcheck@1 to /home/vylssius/.config/discord/0.0.27/modules/pending/discord_spellcheck-1.zip: 43%
2023-05-05T04:06:19.949Z [Modules] Streaming discord_spellcheck@1 to /home/vylssius/.config/discord/0.0.27/modules/pending/discord_spellcheck-1.zip: 44%
2023-05-05T04:06:19.950Z [Modules] Streaming discord_spellcheck@1 to /home/vylssius/.config/discord/0.0.27/modules/pending/discord_spellcheck-1.zip: 45%
2023-05-05T04:06:19.951Z [Modules] Streaming discord_spellcheck@1 to /home/vylssius/.config/discord/0.0.27/modules/pending/discord_spellcheck-1.zip: 46%
2023-05-05T04:06:19.953Z [Modules] Streaming discord_spellcheck@1 to /home/vylssius/.config/discord/0.0.27/modules/pending/discord_spellcheck-1.zip: 47%
2023-05-05T04:06:19.954Z [Modules] Streaming discord_spellcheck@1 to /home/vylssius/.config/discord/0.0.27/modules/pending/discord_spellcheck-1.zip: 48%
2023-05-05T04:06:19.962Z [Modules] Streaming discord_spellcheck@1 to /home/vylssius/.config/discord/0.0.27/modules/pending/discord_spellcheck-1.zip: 49%
2023-05-05T04:06:19.964Z [Modules] Streaming discord_spellcheck@1 to /home/vylssius/.config/discord/0.0.27/modules/pending/discord_spellcheck-1.zip: 50%
2023-05-05T04:06:19.964Z [Modules] Streaming discord_spellcheck@1 to /home/vylssius/.config/discord/0.0.27/modules/pending/discord_spellcheck-1.zip: 51%
2023-05-05T04:06:19.966Z [Modules] Streaming discord_spellcheck@1 to /home/vylssius/.config/discord/0.0.27/modules/pending/discord_spellcheck-1.zip: 52%
2023-05-05T04:06:19.968Z [Modules] Streaming discord_spellcheck@1 to /home/vylssius/.config/discord/0.0.27/modules/pending/discord_spellcheck-1.zip: 53%
2023-05-05T04:06:19.968Z [Modules] Streaming discord_spellcheck@1 to /home/vylssius/.config/discord/0.0.27/modules/pending/discord_spellcheck-1.zip: 54%
2023-05-05T04:06:19.970Z [Modules] Streaming discord_spellcheck@1 to /home/vylssius/.config/discord/0.0.27/modules/pending/discord_spellcheck-1.zip: 55%
2023-05-05T04:06:19.981Z [Modules] Streaming discord_spellcheck@1 to /home/vylssius/.config/discord/0.0.27/modules/pending/discord_spellcheck-1.zip: 56%
2023-05-05T04:06:19.982Z [Modules] Streaming discord_spellcheck@1 to /home/vylssius/.config/discord/0.0.27/modules/pending/discord_spellcheck-1.zip: 57%
2023-05-05T04:06:20.004Z [Modules] Streaming discord_spellcheck@1 to /home/vylssius/.config/discord/0.0.27/modules/pending/discord_spellcheck-1.zip: 58%
2023-05-05T04:06:20.018Z [Modules] Streaming discord_spellcheck@1 to /home/vylssius/.config/discord/0.0.27/modules/pending/discord_spellcheck-1.zip: 59%
2023-05-05T04:06:20.019Z [Modules] Streaming discord_spellcheck@1 to /home/vylssius/.config/discord/0.0.27/modules/pending/discord_spellcheck-1.zip: 60%
2023-05-05T04:06:20.021Z [Modules] Streaming discord_spellcheck@1 to /home/vylssius/.config/discord/0.0.27/modules/pending/discord_spellcheck-1.zip: 61%
2023-05-05T04:06:20.022Z [Modules] Streaming discord_spellcheck@1 to /home/vylssius/.config/discord/0.0.27/modules/pending/discord_spellcheck-1.zip: 62%
2023-05-05T04:06:20.023Z [Modules] Streaming discord_spellcheck@1 to /home/vylssius/.config/discord/0.0.27/modules/pending/discord_spellcheck-1.zip: 63%
2023-05-05T04:06:20.025Z [Modules] Streaming discord_spellcheck@1 to /home/vylssius/.config/discord/0.0.27/modules/pending/discord_spellcheck-1.zip: 64%
2023-05-05T04:06:20.026Z [Modules] Streaming discord_spellcheck@1 to /home/vylssius/.config/discord/0.0.27/modules/pending/discord_spellcheck-1.zip: 65%
2023-05-05T04:06:20.027Z [Modules] Streaming discord_spellcheck@1 to /home/vylssius/.config/discord/0.0.27/modules/pending/discord_spellcheck-1.zip: 66%
2023-05-05T04:06:20.239Z [Modules] Streaming discord_spellcheck@1 to /home/vylssius/.config/discord/0.0.27/modules/pending/discord_spellcheck-1.zip: 67%
2023-05-05T04:06:20.240Z [Modules] Streaming discord_spellcheck@1 to /home/vylssius/.config/discord/0.0.27/modules/pending/discord_spellcheck-1.zip: 68%
2023-05-05T04:06:20.242Z [Modules] Streaming discord_spellcheck@1 to /home/vylssius/.config/discord/0.0.27/modules/pending/discord_spellcheck-1.zip: 69%
2023-05-05T04:06:20.243Z [Modules] Streaming discord_spellcheck@1 to /home/vylssius/.config/discord/0.0.27/modules/pending/discord_spellcheck-1.zip: 70%
2023-05-05T04:06:20.244Z [Modules] Streaming discord_spellcheck@1 to /home/vylssius/.config/discord/0.0.27/modules/pending/discord_spellcheck-1.zip: 71%
2023-05-05T04:06:20.245Z [Modules] Streaming discord_spellcheck@1 to /home/vylssius/.config/discord/0.0.27/modules/pending/discord_spellcheck-1.zip: 72%
2023-05-05T04:06:20.298Z [Modules] Streaming discord_spellcheck@1 to /home/vylssius/.config/discord/0.0.27/modules/pending/discord_spellcheck-1.zip: 73%
2023-05-05T04:06:20.299Z [Modules] Streaming discord_spellcheck@1 to /home/vylssius/.config/discord/0.0.27/modules/pending/discord_spellcheck-1.zip: 74%
2023-05-05T04:06:20.301Z [Modules] Streaming discord_spellcheck@1 to /home/vylssius/.config/discord/0.0.27/modules/pending/discord_spellcheck-1.zip: 75%
2023-05-05T04:06:20.302Z [Modules] Streaming discord_spellcheck@1 to /home/vylssius/.config/discord/0.0.27/modules/pending/discord_spellcheck-1.zip: 76%
2023-05-05T04:06:20.303Z [Modules] Streaming discord_spellcheck@1 to /home/vylssius/.config/discord/0.0.27/modules/pending/discord_spellcheck-1.zip: 77%
2023-05-05T04:06:20.307Z [Modules] Streaming discord_spellcheck@1 to /home/vylssius/.config/discord/0.0.27/modules/pending/discord_spellcheck-1.zip: 78%
2023-05-05T04:06:20.309Z [Modules] Streaming discord_spellcheck@1 to /home/vylssius/.config/discord/0.0.27/modules/pending/discord_spellcheck-1.zip: 79%
2023-05-05T04:06:20.310Z [Modules] Streaming discord_spellcheck@1 to /home/vylssius/.config/discord/0.0.27/modules/pending/discord_spellcheck-1.zip: 80%
2023-05-05T04:06:20.312Z [Modules] Streaming discord_spellcheck@1 to /home/vylssius/.config/discord/0.0.27/modules/pending/discord_spellcheck-1.zip: 81%
2023-05-05T04:06:20.313Z [Modules] Streaming discord_spellcheck@1 to /home/vylssius/.config/discord/0.0.27/modules/pending/discord_spellcheck-1.zip: 82%
2023-05-05T04:06:20.315Z [Modules] Streaming discord_spellcheck@1 to /home/vylssius/.config/discord/0.0.27/modules/pending/discord_spellcheck-1.zip: 83%
2023-05-05T04:06:20.335Z [Modules] Streaming discord_spellcheck@1 to /home/vylssius/.config/discord/0.0.27/modules/pending/discord_spellcheck-1.zip: 84%
2023-05-05T04:06:20.337Z [Modules] Streaming discord_spellcheck@1 to /home/vylssius/.config/discord/0.0.27/modules/pending/discord_spellcheck-1.zip: 85%
2023-05-05T04:06:20.337Z [Modules] Streaming discord_spellcheck@1 to /home/vylssius/.config/discord/0.0.27/modules/pending/discord_spellcheck-1.zip: 86%
2023-05-05T04:06:20.339Z [Modules] Streaming discord_spellcheck@1 to /home/vylssius/.config/discord/0.0.27/modules/pending/discord_spellcheck-1.zip: 87%
2023-05-05T04:06:20.339Z [Modules] Streaming discord_spellcheck@1 to /home/vylssius/.config/discord/0.0.27/modules/pending/discord_spellcheck-1.zip: 88%
2023-05-05T04:06:20.390Z [Modules] Streaming discord_spellcheck@1 to /home/vylssius/.config/discord/0.0.27/modules/pending/discord_spellcheck-1.zip: 89%
2023-05-05T04:06:20.391Z [Modules] Streaming discord_spellcheck@1 to /home/vylssius/.config/discord/0.0.27/modules/pending/discord_spellcheck-1.zip: 90%
2023-05-05T04:06:20.392Z [Modules] Streaming discord_spellcheck@1 to /home/vylssius/.config/discord/0.0.27/modules/pending/discord_spellcheck-1.zip: 91%
2023-05-05T04:06:20.393Z [Modules] Streaming discord_spellcheck@1 to /home/vylssius/.config/discord/0.0.27/modules/pending/discord_spellcheck-1.zip: 92%
2023-05-05T04:06:20.394Z [Modules] Streaming discord_spellcheck@1 to /home/vylssius/.config/discord/0.0.27/modules/pending/discord_spellcheck-1.zip: 93%
2023-05-05T04:06:20.396Z [Modules] Streaming discord_spellcheck@1 to /home/vylssius/.config/discord/0.0.27/modules/pending/discord_spellcheck-1.zip: 94%
2023-05-05T04:06:20.396Z [Modules] Streaming discord_spellcheck@1 to /home/vylssius/.config/discord/0.0.27/modules/pending/discord_spellcheck-1.zip: 95%
2023-05-05T04:06:20.403Z [Modules] Streaming discord_spellcheck@1 to /home/vylssius/.config/discord/0.0.27/modules/pending/discord_spellcheck-1.zip: 96%
2023-05-05T04:06:20.407Z [Modules] Streaming discord_spellcheck@1 to /home/vylssius/.config/discord/0.0.27/modules/pending/discord_spellcheck-1.zip: 97%
2023-05-05T04:06:20.409Z [Modules] Streaming discord_spellcheck@1 to /home/vylssius/.config/discord/0.0.27/modules/pending/discord_spellcheck-1.zip: 98%
2023-05-05T04:06:20.410Z [Modules] Streaming discord_spellcheck@1 to /home/vylssius/.config/discord/0.0.27/modules/pending/discord_spellcheck-1.zip: 99%
2023-05-05T04:06:20.410Z [Modules] Streaming discord_spellcheck@1 to /home/vylssius/.config/discord/0.0.27/modules/pending/discord_spellcheck-1.zip: 100%
2023-05-05T04:06:20.411Z [Modules] Fetching discord_utils@1 from https://discord.com/api/modules/stable/discord_utils/1
2023-05-05T04:06:20.411Z [Modules] Streaming discord_utils@1 to /home/vylssius/.config/discord/0.0.27/modules/pending/discord_utils-1.zip
2023-05-05T04:06:20.565Z [Modules] Streaming discord_utils@1 to /home/vylssius/.config/discord/0.0.27/modules/pending/discord_utils-1.zip: 2%
2023-05-05T04:06:20.572Z [Modules] Streaming discord_utils@1 to /home/vylssius/.config/discord/0.0.27/modules/pending/discord_utils-1.zip: 4%
2023-05-05T04:06:20.583Z [Modules] Streaming discord_utils@1 to /home/vylssius/.config/discord/0.0.27/modules/pending/discord_utils-1.zip: 6%
2023-05-05T04:06:20.584Z [Modules] Streaming discord_utils@1 to /home/vylssius/.config/discord/0.0.27/modules/pending/discord_utils-1.zip: 7%
2023-05-05T04:06:20.585Z [Modules] Streaming discord_utils@1 to /home/vylssius/.config/discord/0.0.27/modules/pending/discord_utils-1.zip: 10%
2023-05-05T04:06:20.585Z [Modules] Streaming discord_utils@1 to /home/vylssius/.config/discord/0.0.27/modules/pending/discord_utils-1.zip: 12%
2023-05-05T04:06:20.586Z [Modules] Streaming discord_utils@1 to /home/vylssius/.config/discord/0.0.27/modules/pending/discord_utils-1.zip: 13%
2023-05-05T04:06:20.587Z [Modules] Streaming discord_utils@1 to /home/vylssius/.config/discord/0.0.27/modules/pending/discord_utils-1.zip: 15%
2023-05-05T04:06:20.588Z [Modules] Streaming discord_utils@1 to /home/vylssius/.config/discord/0.0.27/modules/pending/discord_utils-1.zip: 18%
2023-05-05T04:06:20.589Z [Modules] Streaming discord_utils@1 to /home/vylssius/.config/discord/0.0.27/modules/pending/discord_utils-1.zip: 20%
2023-05-05T04:06:20.589Z [Modules] Streaming discord_utils@1 to /home/vylssius/.config/discord/0.0.27/modules/pending/discord_utils-1.zip: 23%
2023-05-05T04:06:20.589Z [Modules] Streaming discord_utils@1 to /home/vylssius/.config/discord/0.0.27/modules/pending/discord_utils-1.zip: 25%
2023-05-05T04:06:20.590Z [Modules] Streaming discord_utils@1 to /home/vylssius/.config/discord/0.0.27/modules/pending/discord_utils-1.zip: 27%
2023-05-05T04:06:20.600Z [Modules] Streaming discord_utils@1 to /home/vylssius/.config/discord/0.0.27/modules/pending/discord_utils-1.zip: 30%
2023-05-05T04:06:20.600Z [Modules] Streaming discord_utils@1 to /home/vylssius/.config/discord/0.0.27/modules/pending/discord_utils-1.zip: 31%
2023-05-05T04:06:20.602Z [Modules] Streaming discord_utils@1 to /home/vylssius/.config/discord/0.0.27/modules/pending/discord_utils-1.zip: 33%
2023-05-05T04:06:20.602Z [Modules] Streaming discord_utils@1 to /home/vylssius/.config/discord/0.0.27/modules/pending/discord_utils-1.zip: 36%
2023-05-05T04:06:20.604Z [Modules] Streaming discord_utils@1 to /home/vylssius/.config/discord/0.0.27/modules/pending/discord_utils-1.zip: 38%
2023-05-05T04:06:20.604Z [Modules] Streaming discord_utils@1 to /home/vylssius/.config/discord/0.0.27/modules/pending/discord_utils-1.zip: 40%
2023-05-05T04:06:20.609Z [Modules] Streaming discord_utils@1 to /home/vylssius/.config/discord/0.0.27/modules/pending/discord_utils-1.zip: 42%
2023-05-05T04:06:20.610Z [Modules] Streaming discord_utils@1 to /home/vylssius/.config/discord/0.0.27/modules/pending/discord_utils-1.zip: 43%
2023-05-05T04:06:20.611Z [Modules] Streaming discord_utils@1 to /home/vylssius/.config/discord/0.0.27/modules/pending/discord_utils-1.zip: 45%
2023-05-05T04:06:20.617Z [Modules] Streaming discord_utils@1 to /home/vylssius/.config/discord/0.0.27/modules/pending/discord_utils-1.zip: 47%
2023-05-05T04:06:20.617Z [Modules] Streaming discord_utils@1 to /home/vylssius/.config/discord/0.0.27/modules/pending/discord_utils-1.zip: 48%
2023-05-05T04:06:20.618Z [Modules] Streaming discord_utils@1 to /home/vylssius/.config/discord/0.0.27/modules/pending/discord_utils-1.zip: 50%
2023-05-05T04:06:20.619Z [Modules] Streaming discord_utils@1 to /home/vylssius/.config/discord/0.0.27/modules/pending/discord_utils-1.zip: 51%
2023-05-05T04:06:20.654Z [Modules] Streaming discord_utils@1 to /home/vylssius/.config/discord/0.0.27/modules/pending/discord_utils-1.zip: 53%
2023-05-05T04:06:20.654Z [Modules] Streaming discord_utils@1 to /home/vylssius/.config/discord/0.0.27/modules/pending/discord_utils-1.zip: 55%
2023-05-05T04:06:20.656Z [Modules] Streaming discord_utils@1 to /home/vylssius/.config/discord/0.0.27/modules/pending/discord_utils-1.zip: 57%
2023-05-05T04:06:20.656Z [Modules] Streaming discord_utils@1 to /home/vylssius/.config/discord/0.0.27/modules/pending/discord_utils-1.zip: 60%
2023-05-05T04:06:20.657Z [Modules] Streaming discord_utils@1 to /home/vylssius/.config/discord/0.0.27/modules/pending/discord_utils-1.zip: 62%
2023-05-05T04:06:20.657Z [Modules] Streaming discord_utils@1 to /home/vylssius/.config/discord/0.0.27/modules/pending/discord_utils-1.zip: 64%
2023-05-05T04:06:20.670Z [Modules] Streaming discord_utils@1 to /home/vylssius/.config/discord/0.0.27/modules/pending/discord_utils-1.zip: 65%
2023-05-05T04:06:20.671Z [Modules] Streaming discord_utils@1 to /home/vylssius/.config/discord/0.0.27/modules/pending/discord_utils-1.zip: 67%
2023-05-05T04:06:20.671Z [Modules] Streaming discord_utils@1 to /home/vylssius/.config/discord/0.0.27/modules/pending/discord_utils-1.zip: 69%
2023-05-05T04:06:20.671Z [Modules] Streaming discord_utils@1 to /home/vylssius/.config/discord/0.0.27/modules/pending/discord_utils-1.zip: 72%
2023-05-05T04:06:20.672Z [Modules] Streaming discord_utils@1 to /home/vylssius/.config/discord/0.0.27/modules/pending/discord_utils-1.zip: 74%
2023-05-05T04:06:20.673Z [Modules] Streaming discord_utils@1 to /home/vylssius/.config/discord/0.0.27/modules/pending/discord_utils-1.zip: 76%
2023-05-05T04:06:20.697Z [Modules] Streaming discord_utils@1 to /home/vylssius/.config/discord/0.0.27/modules/pending/discord_utils-1.zip: 78%
2023-05-05T04:06:20.697Z [Modules] Streaming discord_utils@1 to /home/vylssius/.config/discord/0.0.27/modules/pending/discord_utils-1.zip: 79%
2023-05-05T04:06:20.699Z [Modules] Streaming discord_utils@1 to /home/vylssius/.config/discord/0.0.27/modules/pending/discord_utils-1.zip: 82%
2023-05-05T04:06:20.699Z [Modules] Streaming discord_utils@1 to /home/vylssius/.config/discord/0.0.27/modules/pending/discord_utils-1.zip: 85%
2023-05-05T04:06:20.701Z [Modules] Streaming discord_utils@1 to /home/vylssius/.config/discord/0.0.27/modules/pending/discord_utils-1.zip: 87%
2023-05-05T04:06:20.701Z [Modules] Streaming discord_utils@1 to /home/vylssius/.config/discord/0.0.27/modules/pending/discord_utils-1.zip: 90%
2023-05-05T04:06:20.703Z [Modules] Streaming discord_utils@1 to /home/vylssius/.config/discord/0.0.27/modules/pending/discord_utils-1.zip: 92%
2023-05-05T04:06:20.703Z [Modules] Streaming discord_utils@1 to /home/vylssius/.config/discord/0.0.27/modules/pending/discord_utils-1.zip: 95%
2023-05-05T04:06:20.704Z [Modules] Streaming discord_utils@1 to /home/vylssius/.config/discord/0.0.27/modules/pending/discord_utils-1.zip: 97%
2023-05-05T04:06:20.705Z [Modules] Streaming discord_utils@1 to /home/vylssius/.config/discord/0.0.27/modules/pending/discord_utils-1.zip: 100%
2023-05-05T04:06:20.705Z [Modules] Fetching discord_voice@1 from https://discord.com/api/modules/stable/discord_voice/1
2023-05-05T04:06:20.705Z [Modules] Streaming discord_voice@1 to /home/vylssius/.config/discord/0.0.27/modules/pending/discord_voice-1.zip
2023-05-05T04:06:20.840Z [Modules] Streaming discord_voice@1 to /home/vylssius/.config/discord/0.0.27/modules/pending/discord_voice-1.zip: 1%
2023-05-05T04:06:20.846Z [Modules] Streaming discord_voice@1 to /home/vylssius/.config/discord/0.0.27/modules/pending/discord_voice-1.zip: 2%
2023-05-05T04:06:20.848Z [Modules] Streaming discord_voice@1 to /home/vylssius/.config/discord/0.0.27/modules/pending/discord_voice-1.zip: 3%
2023-05-05T04:06:20.858Z [Modules] Streaming discord_voice@1 to /home/vylssius/.config/discord/0.0.27/modules/pending/discord_voice-1.zip: 4%
2023-05-05T04:06:20.860Z [Modules] Streaming discord_voice@1 to /home/vylssius/.config/discord/0.0.27/modules/pending/discord_voice-1.zip: 5%
2023-05-05T04:06:20.872Z [Modules] Streaming discord_voice@1 to /home/vylssius/.config/discord/0.0.27/modules/pending/discord_voice-1.zip: 6%
2023-05-05T04:06:20.874Z [Modules] Streaming discord_voice@1 to /home/vylssius/.config/discord/0.0.27/modules/pending/discord_voice-1.zip: 7%
2023-05-05T04:06:20.890Z [Modules] Streaming discord_voice@1 to /home/vylssius/.config/discord/0.0.27/modules/pending/discord_voice-1.zip: 8%
2023-05-05T04:06:20.902Z [Modules] Streaming discord_voice@1 to /home/vylssius/.config/discord/0.0.27/modules/pending/discord_voice-1.zip: 9%
2023-05-05T04:06:20.904Z [Modules] Streaming discord_voice@1 to /home/vylssius/.config/discord/0.0.27/modules/pending/discord_voice-1.zip: 10%
2023-05-05T04:06:20.915Z [Modules] Streaming discord_voice@1 to /home/vylssius/.config/discord/0.0.27/modules/pending/discord_voice-1.zip: 11%
2023-05-05T04:06:20.933Z [Modules] Streaming discord_voice@1 to /home/vylssius/.config/discord/0.0.27/modules/pending/discord_voice-1.zip: 12%
2023-05-05T04:06:20.935Z [Modules] Streaming discord_voice@1 to /home/vylssius/.config/discord/0.0.27/modules/pending/discord_voice-1.zip: 13%
2023-05-05T04:06:20.937Z [Modules] Streaming discord_voice@1 to /home/vylssius/.config/discord/0.0.27/modules/pending/discord_voice-1.zip: 14%
2023-05-05T04:06:20.982Z [Modules] Streaming discord_voice@1 to /home/vylssius/.config/discord/0.0.27/modules/pending/discord_voice-1.zip: 15%
2023-05-05T04:06:20.985Z [Modules] Streaming discord_voice@1 to /home/vylssius/.config/discord/0.0.27/modules/pending/discord_voice-1.zip: 16%
2023-05-05T04:06:20.988Z [Modules] Streaming discord_voice@1 to /home/vylssius/.config/discord/0.0.27/modules/pending/discord_voice-1.zip: 17%
2023-05-05T04:06:20.990Z [Modules] Streaming discord_voice@1 to /home/vylssius/.config/discord/0.0.27/modules/pending/discord_voice-1.zip: 18%
2023-05-05T04:06:21.040Z [Modules] Streaming discord_voice@1 to /home/vylssius/.config/discord/0.0.27/modules/pending/discord_voice-1.zip: 19%
2023-05-05T04:06:21.042Z [Modules] Streaming discord_voice@1 to /home/vylssius/.config/discord/0.0.27/modules/pending/discord_voice-1.zip: 20%
2023-05-05T04:06:21.045Z [Modules] Streaming discord_voice@1 to /home/vylssius/.config/discord/0.0.27/modules/pending/discord_voice-1.zip: 21%
2023-05-05T04:06:21.054Z [Modules] Streaming discord_voice@1 to /home/vylssius/.config/discord/0.0.27/modules/pending/discord_voice-1.zip: 22%
2023-05-05T04:06:21.056Z [Modules] Streaming discord_voice@1 to /home/vylssius/.config/discord/0.0.27/modules/pending/discord_voice-1.zip: 23%
2023-05-05T04:06:21.072Z [Modules] Streaming discord_voice@1 to /home/vylssius/.config/discord/0.0.27/modules/pending/discord_voice-1.zip: 24%
2023-05-05T04:06:21.084Z [Modules] Streaming discord_voice@1 to /home/vylssius/.config/discord/0.0.27/modules/pending/discord_voice-1.zip: 25%
2023-05-05T04:06:21.098Z [Modules] Streaming discord_voice@1 to /home/vylssius/.config/discord/0.0.27/modules/pending/discord_voice-1.zip: 26%
2023-05-05T04:06:21.106Z [Modules] Streaming discord_voice@1 to /home/vylssius/.config/discord/0.0.27/modules/pending/discord_voice-1.zip: 27%
2023-05-05T04:06:21.113Z [Modules] Streaming discord_voice@1 to /home/vylssius/.config/discord/0.0.27/modules/pending/discord_voice-1.zip: 28%
2023-05-05T04:06:21.130Z [Modules] Streaming discord_voice@1 to /home/vylssius/.config/discord/0.0.27/modules/pending/discord_voice-1.zip: 29%
2023-05-05T04:06:21.149Z [Modules] Streaming discord_voice@1 to /home/vylssius/.config/discord/0.0.27/modules/pending/discord_voice-1.zip: 30%
2023-05-05T04:06:21.152Z [Modules] Streaming discord_voice@1 to /home/vylssius/.config/discord/0.0.27/modules/pending/discord_voice-1.zip: 31%
2023-05-05T04:06:21.198Z [Modules] Streaming discord_voice@1 to /home/vylssius/.config/discord/0.0.27/modules/pending/discord_voice-1.zip: 32%
2023-05-05T04:06:21.200Z [Modules] Streaming discord_voice@1 to /home/vylssius/.config/discord/0.0.27/modules/pending/discord_voice-1.zip: 33%
2023-05-05T04:06:21.202Z [Modules] Streaming discord_voice@1 to /home/vylssius/.config/discord/0.0.27/modules/pending/discord_voice-1.zip: 34%
2023-05-05T04:06:21.206Z [Modules] Streaming discord_voice@1 to /home/vylssius/.config/discord/0.0.27/modules/pending/discord_voice-1.zip: 35%
2023-05-05T04:06:21.232Z [Modules] Streaming discord_voice@1 to /home/vylssius/.config/discord/0.0.27/modules/pending/discord_voice-1.zip: 36%
2023-05-05T04:06:21.234Z [Modules] Streaming discord_voice@1 to /home/vylssius/.config/discord/0.0.27/modules/pending/discord_voice-1.zip: 37%
2023-05-05T04:06:21.240Z [Modules] Streaming discord_voice@1 to /home/vylssius/.config/discord/0.0.27/modules/pending/discord_voice-1.zip: 38%
2023-05-05T04:06:21.241Z [Modules] Streaming discord_voice@1 to /home/vylssius/.config/discord/0.0.27/modules/pending/discord_voice-1.zip: 39%
2023-05-05T04:06:21.275Z [Modules] Streaming discord_voice@1 to /home/vylssius/.config/discord/0.0.27/modules/pending/discord_voice-1.zip: 40%
2023-05-05T04:06:21.277Z [Modules] Streaming discord_voice@1 to /home/vylssius/.config/discord/0.0.27/modules/pending/discord_voice-1.zip: 41%
2023-05-05T04:06:21.288Z [Modules] Streaming discord_voice@1 to /home/vylssius/.config/discord/0.0.27/modules/pending/discord_voice-1.zip: 42%
2023-05-05T04:06:21.318Z [Modules] Streaming discord_voice@1 to /home/vylssius/.config/discord/0.0.27/modules/pending/discord_voice-1.zip: 43%
2023-05-05T04:06:21.320Z [Modules] Streaming discord_voice@1 to /home/vylssius/.config/discord/0.0.27/modules/pending/discord_voice-1.zip: 44%
2023-05-05T04:06:21.323Z [Modules] Streaming discord_voice@1 to /home/vylssius/.config/discord/0.0.27/modules/pending/discord_voice-1.zip: 45%
2023-05-05T04:06:21.325Z [Modules] Streaming discord_voice@1 to /home/vylssius/.config/discord/0.0.27/modules/pending/discord_voice-1.zip: 46%
2023-05-05T04:06:21.336Z [Modules] Streaming discord_voice@1 to /home/vylssius/.config/discord/0.0.27/modules/pending/discord_voice-1.zip: 47%
2023-05-05T04:06:21.357Z [Modules] Streaming discord_voice@1 to /home/vylssius/.config/discord/0.0.27/modules/pending/discord_voice-1.zip: 48%
2023-05-05T04:06:21.359Z [Modules] Streaming discord_voice@1 to /home/vylssius/.config/discord/0.0.27/modules/pending/discord_voice-1.zip: 49%
2023-05-05T04:06:21.368Z [Modules] Streaming discord_voice@1 to /home/vylssius/.config/discord/0.0.27/modules/pending/discord_voice-1.zip: 50%
2023-05-05T04:06:21.395Z [Modules] Streaming discord_voice@1 to /home/vylssius/.config/discord/0.0.27/modules/pending/discord_voice-1.zip: 51%
2023-05-05T04:06:21.399Z [Modules] Streaming discord_voice@1 to /home/vylssius/.config/discord/0.0.27/modules/pending/discord_voice-1.zip: 52%
2023-05-05T04:06:21.401Z [Modules] Streaming discord_voice@1 to /home/vylssius/.config/discord/0.0.27/modules/pending/discord_voice-1.zip: 53%
2023-05-05T04:06:21.410Z [Modules] Streaming discord_voice@1 to /home/vylssius/.config/discord/0.0.27/modules/pending/discord_voice-1.zip: 54%
2023-05-05T04:06:21.412Z [Modules] Streaming discord_voice@1 to /home/vylssius/.config/discord/0.0.27/modules/pending/discord_voice-1.zip: 55%
2023-05-05T04:06:21.422Z [Modules] Streaming discord_voice@1 to /home/vylssius/.config/discord/0.0.27/modules/pending/discord_voice-1.zip: 56%
2023-05-05T04:06:21.443Z [Modules] Streaming discord_voice@1 to /home/vylssius/.config/discord/0.0.27/modules/pending/discord_voice-1.zip: 57%
2023-05-05T04:06:21.445Z [Modules] Streaming discord_voice@1 to /home/vylssius/.config/discord/0.0.27/modules/pending/discord_voice-1.zip: 58%
2023-05-05T04:06:21.467Z [Modules] Streaming discord_voice@1 to /home/vylssius/.config/discord/0.0.27/modules/pending/discord_voice-1.zip: 59%
2023-05-05T04:06:21.486Z [Modules] Streaming discord_voice@1 to /home/vylssius/.config/discord/0.0.27/modules/pending/discord_voice-1.zip: 60%
2023-05-05T04:06:21.489Z [Modules] Streaming discord_voice@1 to /home/vylssius/.config/discord/0.0.27/modules/pending/discord_voice-1.zip: 61%
2023-05-05T04:06:21.509Z [Modules] Streaming discord_voice@1 to /home/vylssius/.config/discord/0.0.27/modules/pending/discord_voice-1.zip: 62%
2023-05-05T04:06:21.513Z [Modules] Streaming discord_voice@1 to /home/vylssius/.config/discord/0.0.27/modules/pending/discord_voice-1.zip: 63%
2023-05-05T04:06:21.515Z [Modules] Streaming discord_voice@1 to /home/vylssius/.config/discord/0.0.27/modules/pending/discord_voice-1.zip: 64%
2023-05-05T04:06:21.537Z [Modules] Streaming discord_voice@1 to /home/vylssius/.config/discord/0.0.27/modules/pending/discord_voice-1.zip: 65%
2023-05-05T04:06:21.539Z [Modules] Streaming discord_voice@1 to /home/vylssius/.config/discord/0.0.27/modules/pending/discord_voice-1.zip: 66%
2023-05-05T04:06:21.563Z [Modules] Streaming discord_voice@1 to /home/vylssius/.config/discord/0.0.27/modules/pending/discord_voice-1.zip: 67%
2023-05-05T04:06:21.564Z [Modules] Streaming discord_voice@1 to /home/vylssius/.config/discord/0.0.27/modules/pending/discord_voice-1.zip: 68%
2023-05-05T04:06:21.575Z [Modules] Streaming discord_voice@1 to /home/vylssius/.config/discord/0.0.27/modules/pending/discord_voice-1.zip: 69%
2023-05-05T04:06:21.588Z [Modules] Streaming discord_voice@1 to /home/vylssius/.config/discord/0.0.27/modules/pending/discord_voice-1.zip: 70%
2023-05-05T04:06:21.592Z [Modules] Streaming discord_voice@1 to /home/vylssius/.config/discord/0.0.27/modules/pending/discord_voice-1.zip: 71%
2023-05-05T04:06:21.608Z [Modules] Streaming discord_voice@1 to /home/vylssius/.config/discord/0.0.27/modules/pending/discord_voice-1.zip: 72%
2023-05-05T04:06:21.610Z [Modules] Streaming discord_voice@1 to /home/vylssius/.config/discord/0.0.27/modules/pending/discord_voice-1.zip: 73%
2023-05-05T04:06:21.618Z [Modules] Streaming discord_voice@1 to /home/vylssius/.config/discord/0.0.27/modules/pending/discord_voice-1.zip: 74%
2023-05-05T04:06:21.647Z [Modules] Streaming discord_voice@1 to /home/vylssius/.config/discord/0.0.27/modules/pending/discord_voice-1.zip: 75%
2023-05-05T04:06:21.660Z [Modules] Streaming discord_voice@1 to /home/vylssius/.config/discord/0.0.27/modules/pending/discord_voice-1.zip: 76%
2023-05-05T04:06:21.662Z [Modules] Streaming discord_voice@1 to /home/vylssius/.config/discord/0.0.27/modules/pending/discord_voice-1.zip: 77%
2023-05-05T04:06:21.691Z [Modules] Streaming discord_voice@1 to /home/vylssius/.config/discord/0.0.27/modules/pending/discord_voice-1.zip: 78%
2023-05-05T04:06:21.693Z [Modules] Streaming discord_voice@1 to /home/vylssius/.config/discord/0.0.27/modules/pending/discord_voice-1.zip: 79%
2023-05-05T04:06:21.697Z [Modules] Streaming discord_voice@1 to /home/vylssius/.config/discord/0.0.27/modules/pending/discord_voice-1.zip: 80%
2023-05-05T04:06:21.713Z [Modules] Streaming discord_voice@1 to /home/vylssius/.config/discord/0.0.27/modules/pending/discord_voice-1.zip: 81%
2023-05-05T04:06:21.715Z [Modules] Streaming discord_voice@1 to /home/vylssius/.config/discord/0.0.27/modules/pending/discord_voice-1.zip: 82%
2023-05-05T04:06:21.724Z [Modules] Streaming discord_voice@1 to /home/vylssius/.config/discord/0.0.27/modules/pending/discord_voice-1.zip: 83%
2023-05-05T04:06:21.733Z [Modules] Streaming discord_voice@1 to /home/vylssius/.config/discord/0.0.27/modules/pending/discord_voice-1.zip: 84%
2023-05-05T04:06:21.758Z [Modules] Streaming discord_voice@1 to /home/vylssius/.config/discord/0.0.27/modules/pending/discord_voice-1.zip: 85%
2023-05-05T04:06:21.762Z [Modules] Streaming discord_voice@1 to /home/vylssius/.config/discord/0.0.27/modules/pending/discord_voice-1.zip: 86%
2023-05-05T04:06:21.764Z [Modules] Streaming discord_voice@1 to /home/vylssius/.config/discord/0.0.27/modules/pending/discord_voice-1.zip: 87%
2023-05-05T04:06:21.775Z [Modules] Streaming discord_voice@1 to /home/vylssius/.config/discord/0.0.27/modules/pending/discord_voice-1.zip: 88%
2023-05-05T04:06:21.778Z [Modules] Streaming discord_voice@1 to /home/vylssius/.config/discord/0.0.27/modules/pending/discord_voice-1.zip: 89%
2023-05-05T04:06:21.814Z [Modules] Streaming discord_voice@1 to /home/vylssius/.config/discord/0.0.27/modules/pending/discord_voice-1.zip: 90%
2023-05-05T04:06:21.815Z [Modules] Streaming discord_voice@1 to /home/vylssius/.config/discord/0.0.27/modules/pending/discord_voice-1.zip: 91%
2023-05-05T04:06:21.817Z [Modules] Streaming discord_voice@1 to /home/vylssius/.config/discord/0.0.27/modules/pending/discord_voice-1.zip: 92%
2023-05-05T04:06:21.860Z [Modules] Streaming discord_voice@1 to /home/vylssius/.config/discord/0.0.27/modules/pending/discord_voice-1.zip: 93%
2023-05-05T04:06:21.864Z [Modules] Streaming discord_voice@1 to /home/vylssius/.config/discord/0.0.27/modules/pending/discord_voice-1.zip: 94%
2023-05-05T04:06:21.866Z [Modules] Streaming discord_voice@1 to /home/vylssius/.config/discord/0.0.27/modules/pending/discord_voice-1.zip: 95%
2023-05-05T04:06:21.869Z [Modules] Streaming discord_voice@1 to /home/vylssius/.config/discord/0.0.27/modules/pending/discord_voice-1.zip: 96%
2023-05-05T04:06:21.887Z [Modules] Streaming discord_voice@1 to /home/vylssius/.config/discord/0.0.27/modules/pending/discord_voice-1.zip: 97%
2023-05-05T04:06:21.889Z [Modules] Streaming discord_voice@1 to /home/vylssius/.config/discord/0.0.27/modules/pending/discord_voice-1.zip: 98%
2023-05-05T04:06:21.891Z [Modules] Streaming discord_voice@1 to /home/vylssius/.config/discord/0.0.27/modules/pending/discord_voice-1.zip: 99%
2023-05-05T04:06:21.893Z [Modules] Streaming discord_voice@1 to /home/vylssius/.config/discord/0.0.27/modules/pending/discord_voice-1.zip: 100%
2023-05-05T04:06:21.893Z [Modules] Finished module downloads. [success: 5] [failure: 0]
2023-05-05T04:06:21.894Z [Modules] Installing updates...
2023-05-05T04:06:21.894Z [Modules] Installing discord_desktop_core@1 from /home/vylssius/.config/discord/0.0.27/modules/pending/discord_desktop_core-1.zip
2023-05-05T04:06:21.942Z [Modules] Installing discord_erlpack@1 from /home/vylssius/.config/discord/0.0.27/modules/pending/discord_erlpack-1.zip
2023-05-05T04:06:21.989Z [Modules] Installing discord_spellcheck@1 from /home/vylssius/.config/discord/0.0.27/modules/pending/discord_spellcheck-1.zip
2023-05-05T04:06:22.430Z [Modules] Installing discord_utils@1 from /home/vylssius/.config/discord/0.0.27/modules/pending/discord_utils-1.zip
2023-05-05T04:06:22.678Z [Modules] Installing discord_voice@1 from /home/vylssius/.config/discord/0.0.27/modules/pending/discord_voice-1.zip
2023-05-05T04:06:23.161Z [Modules] Finished module installations. [success: 5] [failure: 0]
2023-05-05T04:06:23.161Z [Modules] Checking for host updates.
2023-05-05T04:06:23.233Z [Modules] Host is up to date.
2023-05-05T04:06:23.234Z [Modules] Checking for module updates at https://discord.com/api/modules/stable/versions.json
2023-05-05T04:06:23.235Z [Modules] No module updates available.
2023-05-05T04:06:25.176Z [Modules] Starting to install discord_krisp...
2023-05-05T04:06:25.176Z [Modules] Fetching discord_krisp@1 from https://discord.com/api/modules/stable/discord_krisp/1
2023-05-05T04:06:25.176Z [Modules] Streaming discord_krisp@1 to /home/vylssius/.config/discord/0.0.27/modules/pending/discord_krisp-1.zip
2023-05-05T04:06:25.293Z [Modules] Starting to install discord_game_utils...
2023-05-05T04:06:25.334Z [Modules] Streaming discord_krisp@1 to /home/vylssius/.config/discord/0.0.27/modules/pending/discord_krisp-1.zip: 1%
2023-05-05T04:06:25.336Z [Modules] Streaming discord_krisp@1 to /home/vylssius/.config/discord/0.0.27/modules/pending/discord_krisp-1.zip: 2%
2023-05-05T04:06:25.340Z [Modules] Streaming discord_krisp@1 to /home/vylssius/.config/discord/0.0.27/modules/pending/discord_krisp-1.zip: 3%
2023-05-05T04:06:25.368Z [Modules] Streaming discord_krisp@1 to /home/vylssius/.config/discord/0.0.27/modules/pending/discord_krisp-1.zip: 4%
2023-05-05T04:06:25.370Z [Modules] Streaming discord_krisp@1 to /home/vylssius/.config/discord/0.0.27/modules/pending/discord_krisp-1.zip: 5%
2023-05-05T04:06:25.374Z [Modules] Streaming discord_krisp@1 to /home/vylssius/.config/discord/0.0.27/modules/pending/discord_krisp-1.zip: 6%
2023-05-05T04:06:25.399Z [Modules] Streaming discord_krisp@1 to /home/vylssius/.config/discord/0.0.27/modules/pending/discord_krisp-1.zip: 7%
2023-05-05T04:06:25.413Z [Modules] Streaming discord_krisp@1 to /home/vylssius/.config/discord/0.0.27/modules/pending/discord_krisp-1.zip: 8%
2023-05-05T04:06:25.484Z [Modules] Streaming discord_krisp@1 to /home/vylssius/.config/discord/0.0.27/modules/pending/discord_krisp-1.zip: 9%
2023-05-05T04:06:25.486Z [Modules] Streaming discord_krisp@1 to /home/vylssius/.config/discord/0.0.27/modules/pending/discord_krisp-1.zip: 10%
2023-05-05T04:06:25.488Z [Modules] Streaming discord_krisp@1 to /home/vylssius/.config/discord/0.0.27/modules/pending/discord_krisp-1.zip: 11%
2023-05-05T04:06:25.496Z [Modules] Streaming discord_krisp@1 to /home/vylssius/.config/discord/0.0.27/modules/pending/discord_krisp-1.zip: 12%
2023-05-05T04:06:25.500Z [Modules] Streaming discord_krisp@1 to /home/vylssius/.config/discord/0.0.27/modules/pending/discord_krisp-1.zip: 13%
2023-05-05T04:06:25.502Z [Modules] Streaming discord_krisp@1 to /home/vylssius/.config/discord/0.0.27/modules/pending/discord_krisp-1.zip: 14%
2023-05-05T04:06:25.604Z [Modules] Streaming discord_krisp@1 to /home/vylssius/.config/discord/0.0.27/modules/pending/discord_krisp-1.zip: 15%
2023-05-05T04:06:25.609Z [Modules] Streaming discord_krisp@1 to /home/vylssius/.config/discord/0.0.27/modules/pending/discord_krisp-1.zip: 16%
2023-05-05T04:06:25.612Z [Modules] Streaming discord_krisp@1 to /home/vylssius/.config/discord/0.0.27/modules/pending/discord_krisp-1.zip: 17%
2023-05-05T04:06:25.616Z [Modules] Streaming discord_krisp@1 to /home/vylssius/.config/discord/0.0.27/modules/pending/discord_krisp-1.zip: 18%
2023-05-05T04:06:25.620Z [Modules] Streaming discord_krisp@1 to /home/vylssius/.config/discord/0.0.27/modules/pending/discord_krisp-1.zip: 19%
2023-05-05T04:06:25.622Z [Modules] Streaming discord_krisp@1 to /home/vylssius/.config/discord/0.0.27/modules/pending/discord_krisp-1.zip: 20%
2023-05-05T04:06:25.624Z [Modules] Streaming discord_krisp@1 to /home/vylssius/.config/discord/0.0.27/modules/pending/discord_krisp-1.zip: 21%
2023-05-05T04:06:25.628Z [Modules] Streaming discord_krisp@1 to /home/vylssius/.config/discord/0.0.27/modules/pending/discord_krisp-1.zip: 22%
2023-05-05T04:06:25.629Z [Modules] Streaming discord_krisp@1 to /home/vylssius/.config/discord/0.0.27/modules/pending/discord_krisp-1.zip: 23%
2023-05-05T04:06:25.659Z [Modules] Streaming discord_krisp@1 to /home/vylssius/.config/discord/0.0.27/modules/pending/discord_krisp-1.zip: 24%
2023-05-05T04:06:25.662Z [Modules] Streaming discord_krisp@1 to /home/vylssius/.config/discord/0.0.27/modules/pending/discord_krisp-1.zip: 25%
2023-05-05T04:06:25.665Z [Modules] Streaming discord_krisp@1 to /home/vylssius/.config/discord/0.0.27/modules/pending/discord_krisp-1.zip: 26%
2023-05-05T04:06:25.667Z [Modules] Streaming discord_krisp@1 to /home/vylssius/.config/discord/0.0.27/modules/pending/discord_krisp-1.zip: 27%
2023-05-05T04:06:25.687Z [Modules] Streaming discord_krisp@1 to /home/vylssius/.config/discord/0.0.27/modules/pending/discord_krisp-1.zip: 28%
2023-05-05T04:06:25.691Z [Modules] Streaming discord_krisp@1 to /home/vylssius/.config/discord/0.0.27/modules/pending/discord_krisp-1.zip: 29%
2023-05-05T04:06:25.693Z [Modules] Streaming discord_krisp@1 to /home/vylssius/.config/discord/0.0.27/modules/pending/discord_krisp-1.zip: 30%
2023-05-05T04:06:25.719Z [Modules] Streaming discord_krisp@1 to /home/vylssius/.config/discord/0.0.27/modules/pending/discord_krisp-1.zip: 31%
2023-05-05T04:06:25.736Z [Modules] Streaming discord_krisp@1 to /home/vylssius/.config/discord/0.0.27/modules/pending/discord_krisp-1.zip: 32%
2023-05-05T04:06:25.751Z [Modules] Streaming discord_krisp@1 to /home/vylssius/.config/discord/0.0.27/modules/pending/discord_krisp-1.zip: 33%
2023-05-05T04:06:25.753Z [Modules] Streaming discord_krisp@1 to /home/vylssius/.config/discord/0.0.27/modules/pending/discord_krisp-1.zip: 34%
2023-05-05T04:06:25.765Z [Modules] Streaming discord_krisp@1 to /home/vylssius/.config/discord/0.0.27/modules/pending/discord_krisp-1.zip: 35%
2023-05-05T04:06:25.768Z [Modules] Streaming discord_krisp@1 to /home/vylssius/.config/discord/0.0.27/modules/pending/discord_krisp-1.zip: 36%
2023-05-05T04:06:25.797Z [Modules] Streaming discord_krisp@1 to /home/vylssius/.config/discord/0.0.27/modules/pending/discord_krisp-1.zip: 37%
2023-05-05T04:06:25.798Z [Modules] Streaming discord_krisp@1 to /home/vylssius/.config/discord/0.0.27/modules/pending/discord_krisp-1.zip: 38%
2023-05-05T04:06:25.814Z [Modules] Streaming discord_krisp@1 to /home/vylssius/.config/discord/0.0.27/modules/pending/discord_krisp-1.zip: 39%
2023-05-05T04:06:25.833Z [Modules] Streaming discord_krisp@1 to /home/vylssius/.config/discord/0.0.27/modules/pending/discord_krisp-1.zip: 40%
2023-05-05T04:06:25.868Z [Modules] Streaming discord_krisp@1 to /home/vylssius/.config/discord/0.0.27/modules/pending/discord_krisp-1.zip: 41%
2023-05-05T04:06:25.870Z [Modules] Streaming discord_krisp@1 to /home/vylssius/.config/discord/0.0.27/modules/pending/discord_krisp-1.zip: 42%
2023-05-05T04:06:25.874Z [Modules] Streaming discord_krisp@1 to /home/vylssius/.config/discord/0.0.27/modules/pending/discord_krisp-1.zip: 43%
2023-05-05T04:06:25.901Z [Modules] Streaming discord_krisp@1 to /home/vylssius/.config/discord/0.0.27/modules/pending/discord_krisp-1.zip: 44%
2023-05-05T04:06:25.903Z [Modules] Streaming discord_krisp@1 to /home/vylssius/.config/discord/0.0.27/modules/pending/discord_krisp-1.zip: 45%
2023-05-05T04:06:25.905Z [Modules] Streaming discord_krisp@1 to /home/vylssius/.config/discord/0.0.27/modules/pending/discord_krisp-1.zip: 46%
2023-05-05T04:06:25.909Z [Modules] Streaming discord_krisp@1 to /home/vylssius/.config/discord/0.0.27/modules/pending/discord_krisp-1.zip: 47%
2023-05-05T04:06:25.928Z [Modules] Streaming discord_krisp@1 to /home/vylssius/.config/discord/0.0.27/modules/pending/discord_krisp-1.zip: 48%
2023-05-05T04:06:25.941Z [Modules] Streaming discord_krisp@1 to /home/vylssius/.config/discord/0.0.27/modules/pending/discord_krisp-1.zip: 49%
2023-05-05T04:06:25.946Z [Modules] Streaming discord_krisp@1 to /home/vylssius/.config/discord/0.0.27/modules/pending/discord_krisp-1.zip: 50%
2023-05-05T04:06:25.960Z [Modules] Streaming discord_krisp@1 to /home/vylssius/.config/discord/0.0.27/modules/pending/discord_krisp-1.zip: 51%
2023-05-05T04:06:25.960Z [Modules] Streaming discord_krisp@1 to /home/vylssius/.config/discord/0.0.27/modules/pending/discord_krisp-1.zip: 52%
2023-05-05T04:06:25.972Z [Modules] Streaming discord_krisp@1 to /home/vylssius/.config/discord/0.0.27/modules/pending/discord_krisp-1.zip: 53%
2023-05-05T04:06:25.988Z [Modules] Streaming discord_krisp@1 to /home/vylssius/.config/discord/0.0.27/modules/pending/discord_krisp-1.zip: 54%
2023-05-05T04:06:26.004Z [Modules] Streaming discord_krisp@1 to /home/vylssius/.config/discord/0.0.27/modules/pending/discord_krisp-1.zip: 55%
2023-05-05T04:06:26.023Z [Modules] Streaming discord_krisp@1 to /home/vylssius/.config/discord/0.0.27/modules/pending/discord_krisp-1.zip: 56%
2023-05-05T04:06:26.035Z [Modules] Streaming discord_krisp@1 to /home/vylssius/.config/discord/0.0.27/modules/pending/discord_krisp-1.zip: 57%
2023-05-05T04:06:26.039Z [Modules] Streaming discord_krisp@1 to /home/vylssius/.config/discord/0.0.27/modules/pending/discord_krisp-1.zip: 58%
2023-05-05T04:06:26.062Z [Modules] Streaming discord_krisp@1 to /home/vylssius/.config/discord/0.0.27/modules/pending/discord_krisp-1.zip: 59%
2023-05-05T04:06:26.068Z [Modules] Streaming discord_krisp@1 to /home/vylssius/.config/discord/0.0.27/modules/pending/discord_krisp-1.zip: 61%
2023-05-05T04:06:26.090Z [Modules] Checking for host updates.
2023-05-05T04:06:26.096Z [Modules] Streaming discord_krisp@1 to /home/vylssius/.config/discord/0.0.27/modules/pending/discord_krisp-1.zip: 62%
2023-05-05T04:06:26.100Z [Modules] Streaming discord_krisp@1 to /home/vylssius/.config/discord/0.0.27/modules/pending/discord_krisp-1.zip: 63%
2023-05-05T04:06:26.102Z [Modules] Streaming discord_krisp@1 to /home/vylssius/.config/discord/0.0.27/modules/pending/discord_krisp-1.zip: 64%
2023-05-05T04:06:26.128Z [Modules] Streaming discord_krisp@1 to /home/vylssius/.config/discord/0.0.27/modules/pending/discord_krisp-1.zip: 65%
2023-05-05T04:06:26.131Z [Modules] Streaming discord_krisp@1 to /home/vylssius/.config/discord/0.0.27/modules/pending/discord_krisp-1.zip: 66%
2023-05-05T04:06:26.134Z [Modules] Streaming discord_krisp@1 to /home/vylssius/.config/discord/0.0.27/modules/pending/discord_krisp-1.zip: 67%
2023-05-05T04:06:26.168Z [Modules] Streaming discord_krisp@1 to /home/vylssius/.config/discord/0.0.27/modules/pending/discord_krisp-1.zip: 68%
2023-05-05T04:06:26.170Z [Modules] Streaming discord_krisp@1 to /home/vylssius/.config/discord/0.0.27/modules/pending/discord_krisp-1.zip: 69%
2023-05-05T04:06:26.174Z [Modules] Streaming discord_krisp@1 to /home/vylssius/.config/discord/0.0.27/modules/pending/discord_krisp-1.zip: 70%
2023-05-05T04:06:26.180Z [Modules] Streaming discord_krisp@1 to /home/vylssius/.config/discord/0.0.27/modules/pending/discord_krisp-1.zip: 71%
2023-05-05T04:06:26.180Z [Modules] Host is up to date.
2023-05-05T04:06:26.180Z [Modules] Checking for module updates at https://discord.com/api/modules/stable/versions.json
2023-05-05T04:06:26.182Z [Modules] No module updates available.
2023-05-05T04:06:26.191Z [Modules] Streaming discord_krisp@1 to /home/vylssius/.config/discord/0.0.27/modules/pending/discord_krisp-1.zip: 72%
2023-05-05T04:06:26.211Z [Modules] Streaming discord_krisp@1 to /home/vylssius/.config/discord/0.0.27/modules/pending/discord_krisp-1.zip: 73%
2023-05-05T04:06:26.214Z [Modules] Streaming discord_krisp@1 to /home/vylssius/.config/discord/0.0.27/modules/pending/discord_krisp-1.zip: 74%
2023-05-05T04:06:26.230Z [Modules] Streaming discord_krisp@1 to /home/vylssius/.config/discord/0.0.27/modules/pending/discord_krisp-1.zip: 75%
2023-05-05T04:06:26.234Z [Modules] Streaming discord_krisp@1 to /home/vylssius/.config/discord/0.0.27/modules/pending/discord_krisp-1.zip: 76%
2023-05-05T04:06:26.261Z [Modules] Streaming discord_krisp@1 to /home/vylssius/.config/discord/0.0.27/modules/pending/discord_krisp-1.zip: 77%
2023-05-05T04:06:26.263Z [Modules] Streaming discord_krisp@1 to /home/vylssius/.config/discord/0.0.27/modules/pending/discord_krisp-1.zip: 78%
2023-05-05T04:06:26.266Z [Modules] Streaming discord_krisp@1 to /home/vylssius/.config/discord/0.0.27/modules/pending/discord_krisp-1.zip: 79%
2023-05-05T04:06:26.294Z [Modules] Streaming discord_krisp@1 to /home/vylssius/.config/discord/0.0.27/modules/pending/discord_krisp-1.zip: 80%
2023-05-05T04:06:26.304Z [Modules] Streaming discord_krisp@1 to /home/vylssius/.config/discord/0.0.27/modules/pending/discord_krisp-1.zip: 81%
2023-05-05T04:06:26.322Z [Modules] Starting to install discord_rpc...
2023-05-05T04:06:26.325Z [Modules] Streaming discord_krisp@1 to /home/vylssius/.config/discord/0.0.27/modules/pending/discord_krisp-1.zip: 82%
2023-05-05T04:06:26.328Z [Modules] Streaming discord_krisp@1 to /home/vylssius/.config/discord/0.0.27/modules/pending/discord_krisp-1.zip: 83%
2023-05-05T04:06:26.368Z [Modules] Streaming discord_krisp@1 to /home/vylssius/.config/discord/0.0.27/modules/pending/discord_krisp-1.zip: 84%
2023-05-05T04:06:26.370Z [Modules] Streaming discord_krisp@1 to /home/vylssius/.config/discord/0.0.27/modules/pending/discord_krisp-1.zip: 85%
2023-05-05T04:06:26.374Z [Modules] Streaming discord_krisp@1 to /home/vylssius/.config/discord/0.0.27/modules/pending/discord_krisp-1.zip: 86%
2023-05-05T04:06:26.379Z [Modules] Streaming discord_krisp@1 to /home/vylssius/.config/discord/0.0.27/modules/pending/discord_krisp-1.zip: 87%
2023-05-05T04:06:26.402Z [Modules] Streaming discord_krisp@1 to /home/vylssius/.config/discord/0.0.27/modules/pending/discord_krisp-1.zip: 88%
2023-05-05T04:06:26.404Z [Modules] Streaming discord_krisp@1 to /home/vylssius/.config/discord/0.0.27/modules/pending/discord_krisp-1.zip: 89%
2023-05-05T04:06:26.407Z [Modules] Streaming discord_krisp@1 to /home/vylssius/.config/discord/0.0.27/modules/pending/discord_krisp-1.zip: 90%
2023-05-05T04:06:26.455Z [Modules] Streaming discord_krisp@1 to /home/vylssius/.config/discord/0.0.27/modules/pending/discord_krisp-1.zip: 91%
2023-05-05T04:06:26.455Z [Modules] Streaming discord_krisp@1 to /home/vylssius/.config/discord/0.0.27/modules/pending/discord_krisp-1.zip: 92%
2023-05-05T04:06:26.455Z [Modules] Streaming discord_krisp@1 to /home/vylssius/.config/discord/0.0.27/modules/pending/discord_krisp-1.zip: 93%
2023-05-05T04:06:26.456Z [Modules] Streaming discord_krisp@1 to /home/vylssius/.config/discord/0.0.27/modules/pending/discord_krisp-1.zip: 94%
2023-05-05T04:06:26.471Z [Modules] Streaming discord_krisp@1 to /home/vylssius/.config/discord/0.0.27/modules/pending/discord_krisp-1.zip: 95%
2023-05-05T04:06:26.473Z [Modules] Streaming discord_krisp@1 to /home/vylssius/.config/discord/0.0.27/modules/pending/discord_krisp-1.zip: 96%
2023-05-05T04:06:26.482Z [Modules] Streaming discord_krisp@1 to /home/vylssius/.config/discord/0.0.27/modules/pending/discord_krisp-1.zip: 97%
2023-05-05T04:06:26.499Z [Modules] Streaming discord_krisp@1 to /home/vylssius/.config/discord/0.0.27/modules/pending/discord_krisp-1.zip: 98%
2023-05-05T04:06:26.509Z [Modules] Streaming discord_krisp@1 to /home/vylssius/.config/discord/0.0.27/modules/pending/discord_krisp-1.zip: 99%
2023-05-05T04:06:26.517Z [Modules] Streaming discord_krisp@1 to /home/vylssius/.config/discord/0.0.27/modules/pending/discord_krisp-1.zip: 100%
2023-05-05T04:06:26.518Z [Modules] Fetching discord_game_utils@1 from https://discord.com/api/modules/stable/discord_game_utils/1
2023-05-05T04:06:26.518Z [Modules] Streaming discord_game_utils@1 to /home/vylssius/.config/discord/0.0.27/modules/pending/discord_game_utils-1.zip
2023-05-05T04:06:26.518Z [Modules] Installing discord_krisp@1 from /home/vylssius/.config/discord/0.0.27/modules/pending/discord_krisp-1.zip
2023-05-05T04:06:26.620Z [Modules] Streaming discord_game_utils@1 to /home/vylssius/.config/discord/0.0.27/modules/pending/discord_game_utils-1.zip: 2%
2023-05-05T04:06:26.629Z [Modules] Streaming discord_game_utils@1 to /home/vylssius/.config/discord/0.0.27/modules/pending/discord_game_utils-1.zip: 5%
2023-05-05T04:06:26.631Z [Modules] Streaming discord_game_utils@1 to /home/vylssius/.config/discord/0.0.27/modules/pending/discord_game_utils-1.zip: 8%
2023-05-05T04:06:26.631Z [Modules] Streaming discord_game_utils@1 to /home/vylssius/.config/discord/0.0.27/modules/pending/discord_game_utils-1.zip: 11%
2023-05-05T04:06:26.637Z [Modules] Streaming discord_game_utils@1 to /home/vylssius/.config/discord/0.0.27/modules/pending/discord_game_utils-1.zip: 14%
2023-05-05T04:06:26.637Z [Modules] Streaming discord_game_utils@1 to /home/vylssius/.config/discord/0.0.27/modules/pending/discord_game_utils-1.zip: 15%
2023-05-05T04:06:26.638Z [Modules] Streaming discord_game_utils@1 to /home/vylssius/.config/discord/0.0.27/modules/pending/discord_game_utils-1.zip: 18%
2023-05-05T04:06:26.638Z [Modules] Streaming discord_game_utils@1 to /home/vylssius/.config/discord/0.0.27/modules/pending/discord_game_utils-1.zip: 19%
2023-05-05T04:06:26.648Z [Modules] Streaming discord_game_utils@1 to /home/vylssius/.config/discord/0.0.27/modules/pending/discord_game_utils-1.zip: 21%
2023-05-05T04:06:26.648Z [Modules] Streaming discord_game_utils@1 to /home/vylssius/.config/discord/0.0.27/modules/pending/discord_game_utils-1.zip: 23%
2023-05-05T04:06:26.649Z [Modules] Streaming discord_game_utils@1 to /home/vylssius/.config/discord/0.0.27/modules/pending/discord_game_utils-1.zip: 25%
2023-05-05T04:06:26.649Z [Modules] Streaming discord_game_utils@1 to /home/vylssius/.config/discord/0.0.27/modules/pending/discord_game_utils-1.zip: 27%
2023-05-05T04:06:26.651Z [Modules] Streaming discord_game_utils@1 to /home/vylssius/.config/discord/0.0.27/modules/pending/discord_game_utils-1.zip: 29%
2023-05-05T04:06:26.660Z [Modules] Streaming discord_game_utils@1 to /home/vylssius/.config/discord/0.0.27/modules/pending/discord_game_utils-1.zip: 32%
2023-05-05T04:06:26.660Z [Modules] Streaming discord_game_utils@1 to /home/vylssius/.config/discord/0.0.27/modules/pending/discord_game_utils-1.zip: 33%
2023-05-05T04:06:26.665Z [Modules] Streaming discord_game_utils@1 to /home/vylssius/.config/discord/0.0.27/modules/pending/discord_game_utils-1.zip: 40%
2023-05-05T04:06:26.702Z [Modules] Streaming discord_game_utils@1 to /home/vylssius/.config/discord/0.0.27/modules/pending/discord_game_utils-1.zip: 43%
2023-05-05T04:06:26.703Z [Modules] Streaming discord_game_utils@1 to /home/vylssius/.config/discord/0.0.27/modules/pending/discord_game_utils-1.zip: 46%
2023-05-05T04:06:26.704Z [Modules] Streaming discord_game_utils@1 to /home/vylssius/.config/discord/0.0.27/modules/pending/discord_game_utils-1.zip: 50%
2023-05-05T04:06:26.706Z [Modules] Streaming discord_game_utils@1 to /home/vylssius/.config/discord/0.0.27/modules/pending/discord_game_utils-1.zip: 52%
2023-05-05T04:06:26.706Z [Modules] Streaming discord_game_utils@1 to /home/vylssius/.config/discord/0.0.27/modules/pending/discord_game_utils-1.zip: 56%
2023-05-05T04:06:26.708Z [Modules] Streaming discord_game_utils@1 to /home/vylssius/.config/discord/0.0.27/modules/pending/discord_game_utils-1.zip: 59%
2023-05-05T04:06:26.708Z [Modules] Streaming discord_game_utils@1 to /home/vylssius/.config/discord/0.0.27/modules/pending/discord_game_utils-1.zip: 62%
2023-05-05T04:06:26.708Z [Modules] Streaming discord_game_utils@1 to /home/vylssius/.config/discord/0.0.27/modules/pending/discord_game_utils-1.zip: 63%
2023-05-05T04:06:26.710Z [Modules] Streaming discord_game_utils@1 to /home/vylssius/.config/discord/0.0.27/modules/pending/discord_game_utils-1.zip: 66%
2023-05-05T04:06:26.710Z [Modules] Streaming discord_game_utils@1 to /home/vylssius/.config/discord/0.0.27/modules/pending/discord_game_utils-1.zip: 70%
2023-05-05T04:06:26.716Z [Modules] Streaming discord_game_utils@1 to /home/vylssius/.config/discord/0.0.27/modules/pending/discord_game_utils-1.zip: 72%
2023-05-05T04:06:26.716Z [Modules] Streaming discord_game_utils@1 to /home/vylssius/.config/discord/0.0.27/modules/pending/discord_game_utils-1.zip: 73%
2023-05-05T04:06:26.718Z [Modules] Streaming discord_game_utils@1 to /home/vylssius/.config/discord/0.0.27/modules/pending/discord_game_utils-1.zip: 76%
2023-05-05T04:06:26.718Z [Modules] Streaming discord_game_utils@1 to /home/vylssius/.config/discord/0.0.27/modules/pending/discord_game_utils-1.zip: 79%
2023-05-05T04:06:26.718Z [Modules] Streaming discord_game_utils@1 to /home/vylssius/.config/discord/0.0.27/modules/pending/discord_game_utils-1.zip: 80%
2023-05-05T04:06:26.734Z [Modules] Streaming discord_game_utils@1 to /home/vylssius/.config/discord/0.0.27/modules/pending/discord_game_utils-1.zip: 82%
2023-05-05T04:06:26.735Z [Modules] Streaming discord_game_utils@1 to /home/vylssius/.config/discord/0.0.27/modules/pending/discord_game_utils-1.zip: 84%
2023-05-05T04:06:26.736Z [Modules] Streaming discord_game_utils@1 to /home/vylssius/.config/discord/0.0.27/modules/pending/discord_game_utils-1.zip: 85%
2023-05-05T04:06:26.737Z [Modules] Streaming discord_game_utils@1 to /home/vylssius/.config/discord/0.0.27/modules/pending/discord_game_utils-1.zip: 90%
2023-05-05T04:06:26.738Z [Modules] Streaming discord_game_utils@1 to /home/vylssius/.config/discord/0.0.27/modules/pending/discord_game_utils-1.zip: 93%
2023-05-05T04:06:26.739Z [Modules] Streaming discord_game_utils@1 to /home/vylssius/.config/discord/0.0.27/modules/pending/discord_game_utils-1.zip: 97%
2023-05-05T04:06:26.740Z [Modules] Streaming discord_game_utils@1 to /home/vylssius/.config/discord/0.0.27/modules/pending/discord_game_utils-1.zip: 98%
2023-05-05T04:06:26.741Z [Modules] Streaming discord_game_utils@1 to /home/vylssius/.config/discord/0.0.27/modules/pending/discord_game_utils-1.zip: 100%
2023-05-05T04:06:26.742Z [Modules] Fetching discord_rpc@1 from https://discord.com/api/modules/stable/discord_rpc/1
2023-05-05T04:06:26.742Z [Modules] Streaming discord_rpc@1 to /home/vylssius/.config/discord/0.0.27/modules/pending/discord_rpc-1.zip
2023-05-05T04:06:26.837Z [Modules] Streaming discord_rpc@1 to /home/vylssius/.config/discord/0.0.27/modules/pending/discord_rpc-1.zip: 100%
2023-05-05T04:06:26.838Z [Modules] Finished module downloads. [success: 3] [failure: 0]
2023-05-05T04:06:26.932Z [Modules] Installing discord_game_utils@1 from /home/vylssius/.config/discord/0.0.27/modules/pending/discord_game_utils-1.zip
2023-05-05T04:06:26.983Z [Modules] Installing discord_rpc@1 from /home/vylssius/.config/discord/0.0.27/modules/pending/discord_rpc-1.zip
2023-05-05T04:06:26.994Z [Modules] Finished module installations. [success: 3] [failure: 0]
2023-05-05T21:22:22.744Z [Modules] Modules initializing
2023-05-05T21:22:22.746Z [Modules] Distribution: remote
2023-05-05T21:22:22.746Z [Modules] Host updates: enabled
2023-05-05T21:22:22.746Z [Modules] Module updates: enabled
2023-05-05T21:22:22.746Z [Modules] Module install path: /home/vylssius/.config/discord/0.0.27/modules
2023-05-05T21:22:22.746Z [Modules] Module installed file path: /home/vylssius/.config/discord/0.0.27/modules/installed.json
2023-05-05T21:22:22.746Z [Modules] Module download path: /home/vylssius/.config/discord/0.0.27/modules/pending
2023-05-05T21:22:24.146Z [Modules] No updates to install
2023-05-05T21:22:24.146Z [Modules] Checking for host updates.
2023-05-05T21:22:24.314Z [Modules] Host is up to date.
2023-05-05T21:22:24.315Z [Modules] Checking for module updates at https://discord.com/api/modules/stable/versions.json
2023-05-05T21:22:24.353Z [Modules] No module updates available.
2023-05-05T21:22:27.037Z [Modules] Checking for host updates.
2023-05-05T21:22:27.103Z [Modules] Host is up to date.
2023-05-05T21:22:27.103Z [Modules] Checking for module updates at https://discord.com/api/modules/stable/versions.json
2023-05-05T21:22:27.105Z [Modules] No module updates available.
2023-05-05T22:22:27.039Z [Modules] Checking for host updates.
2023-05-05T22:22:27.153Z [Modules] Host is up to date.
2023-05-05T22:22:27.153Z [Modules] Checking for module updates at https://discord.com/api/modules/stable/versions.json
2023-05-05T22:22:27.238Z [Modules] No module updates available.
2023-05-05T23:22:27.045Z [Modules] Checking for host updates.
2023-05-05T23:22:27.164Z [Modules] Host is up to date.
2023-05-05T23:22:27.164Z [Modules] Checking for module updates at https://discord.com/api/modules/stable/versions.json
2023-05-05T23:22:27.212Z [Modules] No module updates available.
2023-05-06T06:04:23.042Z [Modules] Modules initializing
2023-05-06T06:04:23.043Z [Modules] Distribution: remote
2023-05-06T06:04:23.043Z [Modules] Host updates: enabled
2023-05-06T06:04:23.043Z [Modules] Module updates: enabled
2023-05-06T06:04:23.044Z [Modules] Module install path: /home/vylssius/.config/discord/0.0.27/modules
2023-05-06T06:04:23.044Z [Modules] Module installed file path: /home/vylssius/.config/discord/0.0.27/modules/installed.json
2023-05-06T06:04:23.044Z [Modules] Module download path: /home/vylssius/.config/discord/0.0.27/modules/pending
2023-05-06T06:04:24.412Z [Modules] No updates to install
2023-05-06T06:04:24.412Z [Modules] Checking for host updates.
2023-05-06T06:04:24.561Z [Modules] Host is up to date.
2023-05-06T06:04:24.562Z [Modules] Checking for module updates at https://discord.com/api/modules/stable/versions.json
2023-05-06T06:04:24.601Z [Modules] No module updates available.
2023-05-06T06:04:28.783Z [Modules] Checking for host updates.
2023-05-06T06:04:28.846Z [Modules] Host is up to date.
2023-05-06T06:04:28.846Z [Modules] Checking for module updates at https://discord.com/api/modules/stable/versions.json
2023-05-06T06:04:28.848Z [Modules] No module updates available.
2023-05-06T07:04:28.789Z [Modules] Checking for host updates.
2023-05-06T07:04:28.883Z [Modules] Host is up to date.
2023-05-06T07:04:28.883Z [Modules] Checking for module updates at https://discord.com/api/modules/stable/versions.json
2023-05-06T07:04:28.919Z [Modules] No module updates available.
2023-05-06T22:50:09.802Z [Modules] Modules initializing
2023-05-06T22:50:09.804Z [Modules] Distribution: remote
2023-05-06T22:50:09.804Z [Modules] Host updates: enabled
2023-05-06T22:50:09.804Z [Modules] Module updates: enabled
2023-05-06T22:50:09.804Z [Modules] Module install path: /home/vylssius/.config/discord/0.0.27/modules
2023-05-06T22:50:09.804Z [Modules] Module installed file path: /home/vylssius/.config/discord/0.0.27/modules/installed.json
2023-05-06T22:50:09.804Z [Modules] Module download path: /home/vylssius/.config/discord/0.0.27/modules/pending
2023-05-06T22:50:10.033Z [Modules] No updates to install
2023-05-06T22:50:10.034Z [Modules] Checking for host updates.
2023-05-06T22:50:10.164Z [Modules] Host is up to date.
2023-05-06T22:50:10.164Z [Modules] Checking for module updates at https://discord.com/api/modules/stable/versions.json
2023-05-06T22:50:10.250Z [Modules] No module updates available.
2023-05-06T22:50:12.234Z [Modules] Checking for host updates.
2023-05-06T22:50:12.310Z [Modules] Host is up to date.
2023-05-06T22:50:12.311Z [Modules] Checking for module updates at https://discord.com/api/modules/stable/versions.json
2023-05-06T22:50:12.313Z [Modules] No module updates available.
2023-05-07T00:15:10.134Z [Modules] Modules initializing
2023-05-07T00:15:10.136Z [Modules] Distribution: remote
2023-05-07T00:15:10.136Z [Modules] Host updates: enabled
2023-05-07T00:15:10.136Z [Modules] Module updates: enabled
2023-05-07T00:15:10.137Z [Modules] Module install path: /home/vylssius/.config/discord/0.0.27/modules
2023-05-07T00:15:10.137Z [Modules] Module installed file path: /home/vylssius/.config/discord/0.0.27/modules/installed.json
2023-05-07T00:15:10.137Z [Modules] Module download path: /home/vylssius/.config/discord/0.0.27/modules/pending
2023-05-07T00:15:10.369Z [Modules] No updates to install
2023-05-07T00:15:10.370Z [Modules] Checking for host updates.
2023-05-07T00:15:10.542Z [Modules] Host is up to date.
2023-05-07T00:15:10.543Z [Modules] Checking for module updates at https://discord.com/api/modules/stable/versions.json
2023-05-07T00:15:10.624Z [Modules] No module updates available.
2023-05-07T00:15:12.576Z [Modules] Checking for host updates.
2023-05-07T00:15:12.642Z [Modules] Host is up to date.
2023-05-07T00:15:12.642Z [Modules] Checking for module updates at https://discord.com/api/modules/stable/versions.json
2023-05-07T00:15:12.644Z [Modules] No module updates available.
2023-05-07T00:23:30.081Z [Modules] Modules initializing
2023-05-07T00:23:30.083Z [Modules] Distribution: remote
2023-05-07T00:23:30.083Z [Modules] Host updates: enabled
2023-05-07T00:23:30.083Z [Modules] Module updates: enabled
2023-05-07T00:23:30.084Z [Modules] Module install path: /home/vylssius/.config/discord/0.0.27/modules
2023-05-07T00:23:30.084Z [Modules] Module installed file path: /home/vylssius/.config/discord/0.0.27/modules/installed.json
2023-05-07T00:23:30.084Z [Modules] Module download path: /home/vylssius/.config/discord/0.0.27/modules/pending
2023-05-07T00:23:30.318Z [Modules] No updates to install
2023-05-07T00:23:30.319Z [Modules] Checking for host updates.
2023-05-07T00:23:30.495Z [Modules] Host is up to date.
2023-05-07T00:23:30.496Z [Modules] Checking for module updates at https://discord.com/api/modules/stable/versions.json
2023-05-07T00:23:30.540Z [Modules] No module updates available.
2023-05-07T00:23:32.532Z [Modules] Checking for host updates.
2023-05-07T00:23:32.612Z [Modules] Host is up to date.
2023-05-07T00:23:32.612Z [Modules] Checking for module updates at https://discord.com/api/modules/stable/versions.json
2023-05-07T00:23:32.614Z [Modules] No module updates available.
2023-05-07T00:40:33.976Z [Modules] Modules initializing
2023-05-07T00:40:33.977Z [Modules] Distribution: remote
2023-05-07T00:40:33.977Z [Modules] Host updates: enabled
2023-05-07T00:40:33.977Z [Modules] Module updates: enabled
2023-05-07T00:40:33.978Z [Modules] Module install path: /home/vylssius/.config/discord/0.0.27/modules
2023-05-07T00:40:33.978Z [Modules] Module installed file path: /home/vylssius/.config/discord/0.0.27/modules/installed.json
2023-05-07T00:40:33.978Z [Modules] Module download path: /home/vylssius/.config/discord/0.0.27/modules/pending
2023-05-07T00:40:34.213Z [Modules] No updates to install
2023-05-07T00:40:34.213Z [Modules] Checking for host updates.
2023-05-07T00:40:34.399Z [Modules] Host is up to date.
2023-05-07T00:40:34.400Z [Modules] Checking for module updates at https://discord.com/api/modules/stable/versions.json
2023-05-07T00:40:34.438Z [Modules] No module updates available.
2023-05-07T00:40:36.443Z [Modules] Checking for host updates.
2023-05-07T00:40:36.508Z [Modules] Host is up to date.
2023-05-07T00:40:36.508Z [Modules] Checking for module updates at https://discord.com/api/modules/stable/versions.json
2023-05-07T00:40:36.510Z [Modules] No module updates available.
2023-05-07T00:40:58.142Z [Modules] Modules initializing
2023-05-07T00:40:58.143Z [Modules] Distribution: remote
2023-05-07T00:40:58.143Z [Modules] Host updates: enabled
2023-05-07T00:40:58.143Z [Modules] Module updates: enabled
2023-05-07T00:40:58.143Z [Modules] Module install path: /home/vylssius/.config/discord/0.0.27/modules
2023-05-07T00:40:58.144Z [Modules] Module installed file path: /home/vylssius/.config/discord/0.0.27/modules/installed.json
2023-05-07T00:40:58.144Z [Modules] Module download path: /home/vylssius/.config/discord/0.0.27/modules/pending
2023-05-07T00:40:58.295Z [Modules] No updates to install
2023-05-07T00:40:58.296Z [Modules] Checking for host updates.
2023-05-07T00:40:58.461Z [Modules] Host is up to date.
2023-05-07T00:40:58.461Z [Modules] Checking for module updates at https://discord.com/api/modules/stable/versions.json
2023-05-07T00:40:58.464Z [Modules] No module updates available.
2023-05-07T00:41:00.221Z [Modules] Checking for host updates.
2023-05-07T00:41:00.290Z [Modules] Host is up to date.
2023-05-07T00:41:00.290Z [Modules] Checking for module updates at https://discord.com/api/modules/stable/versions.json
2023-05-07T00:41:00.292Z [Modules] No module updates available.
2023-05-07T00:47:13.112Z [Modules] Modules initializing
2023-05-07T00:47:13.113Z [Modules] Distribution: remote
2023-05-07T00:47:13.113Z [Modules] Host updates: enabled
2023-05-07T00:47:13.113Z [Modules] Module updates: enabled
2023-05-07T00:47:13.113Z [Modules] Module install path: /home/vylssius/.config/discord/0.0.27/modules
2023-05-07T00:47:13.113Z [Modules] Module installed file path: /home/vylssius/.config/discord/0.0.27/modules/installed.json
2023-05-07T00:47:13.113Z [Modules] Module download path: /home/vylssius/.config/discord/0.0.27/modules/pending
2023-05-07T00:47:13.257Z [Modules] No updates to install
2023-05-07T00:47:13.258Z [Modules] Checking for host updates.
2023-05-07T00:47:13.402Z [Modules] Host is up to date.
2023-05-07T00:47:13.402Z [Modules] Checking for module updates at https://discord.com/api/modules/stable/versions.json
2023-05-07T00:47:13.440Z [Modules] No module updates available.
2023-05-07T00:47:15.218Z [Modules] Checking for host updates.
2023-05-07T00:47:15.288Z [Modules] Host is up to date.
2023-05-07T00:47:15.288Z [Modules] Checking for module updates at https://discord.com/api/modules/stable/versions.json
2023-05-07T00:47:15.290Z [Modules] No module updates available.
2023-05-07T00:48:50.907Z [Modules] Modules initializing
2023-05-07T00:48:50.908Z [Modules] Distribution: remote
2023-05-07T00:48:50.908Z [Modules] Host updates: enabled
2023-05-07T00:48:50.908Z [Modules] Module updates: enabled
2023-05-07T00:48:50.909Z [Modules] Module install path: /home/vylssius/.config/discord/0.0.27/modules
2023-05-07T00:48:50.909Z [Modules] Module installed file path: /home/vylssius/.config/discord/0.0.27/modules/installed.json
2023-05-07T00:48:50.910Z [Modules] Module download path: /home/vylssius/.config/discord/0.0.27/modules/pending
2023-05-07T00:48:51.145Z [Modules] No updates to install
2023-05-07T00:48:51.146Z [Modules] Checking for host updates.
2023-05-07T00:48:51.283Z [Modules] Host is up to date.
2023-05-07T00:48:51.283Z [Modules] Checking for module updates at https://discord.com/api/modules/stable/versions.json
2023-05-07T00:48:51.319Z [Modules] No module updates available.
2023-05-07T00:48:53.148Z [Modules] Checking for host updates.
2023-05-07T00:48:53.215Z [Modules] Host is up to date.
2023-05-07T00:48:53.215Z [Modules] Checking for module updates at https://discord.com/api/modules/stable/versions.json
2023-05-07T00:48:53.217Z [Modules] No module updates available.
