2024-01-20T00:32:02.644Z [Modules] Modules initializing
2024-01-20T00:32:02.644Z [Modules] Distribution: remote
2024-01-20T00:32:02.645Z [Modules] Host updates: enabled
2024-01-20T00:32:02.645Z [Modules] Module updates: enabled
2024-01-20T00:32:02.645Z [Modules] Module install path: /home/vylssius/.config/discord/0.0.40/modules
2024-01-20T00:32:02.645Z [Modules] Module installed file path: /home/vylssius/.config/discord/0.0.40/modules/installed.json
2024-01-20T00:32:02.646Z [Modules] Module download path: /home/vylssius/.config/discord/0.0.40/modules/pending
2024-01-20T00:32:02.737Z [Modules] Bootstrapping...
2024-01-20T00:32:02.738Z [Modules] Installing discord_desktop_core@0 from /opt/discord/resources/bootstrap/discord_desktop_core.zip
2024-01-20T00:32:02.740Z [Modules] Failed installing discord_desktop_core@0: Error: ENOENT: no such file or directory, open '/opt/discord/resources/bootstrap/discord_desktop_core.zip'
2024-01-20T00:32:02.740Z [Modules] Installing discord_erlpack@0 from /opt/discord/resources/bootstrap/discord_erlpack.zip
2024-01-20T00:32:02.740Z [Modules] Failed installing discord_erlpack@0: Error: ENOENT: no such file or directory, open '/opt/discord/resources/bootstrap/discord_erlpack.zip'
2024-01-20T00:32:02.741Z [Modules] Installing discord_spellcheck@0 from /opt/discord/resources/bootstrap/discord_spellcheck.zip
2024-01-20T00:32:02.741Z [Modules] Failed installing discord_spellcheck@0: Error: ENOENT: no such file or directory, open '/opt/discord/resources/bootstrap/discord_spellcheck.zip'
2024-01-20T00:32:02.741Z [Modules] Installing discord_utils@0 from /opt/discord/resources/bootstrap/discord_utils.zip
2024-01-20T00:32:02.742Z [Modules] Failed installing discord_utils@0: Error: ENOENT: no such file or directory, open '/opt/discord/resources/bootstrap/discord_utils.zip'
2024-01-20T00:32:02.742Z [Modules] Installing discord_voice@0 from /opt/discord/resources/bootstrap/discord_voice.zip
2024-01-20T00:32:02.742Z [Modules] Failed installing discord_voice@0: Error: ENOENT: no such file or directory, open '/opt/discord/resources/bootstrap/discord_voice.zip'
2024-01-20T00:32:02.742Z [Modules] Finished module installations. [success: 0] [failure: 5]
2024-01-20T00:32:02.742Z [Modules] Checking for host updates.
2024-01-20T00:32:02.925Z [Modules] Host is up to date.
2024-01-20T00:32:02.925Z [Modules] Checking for module updates at https://discord.com/api/modules/stable/versions.json
2024-01-20T00:32:02.971Z [Modules] Module update available: discord_desktop_core@1 [installed: 0]
2024-01-20T00:32:02.971Z [Modules] Module update available: discord_erlpack@1 [installed: 0]
2024-01-20T00:32:02.971Z [Modules] Module update available: discord_spellcheck@1 [installed: 0]
2024-01-20T00:32:02.971Z [Modules] Module update available: discord_utils@1 [installed: 0]
2024-01-20T00:32:02.972Z [Modules] Module update available: discord_voice@1 [installed: 0]
2024-01-20T00:32:02.972Z [Modules] Fetching discord_desktop_core@1 from https://discord.com/api/modules/stable/discord_desktop_core/1
2024-01-20T00:32:02.972Z [Modules] Streaming discord_desktop_core@1 to /home/vylssius/.config/discord/0.0.40/modules/pending/discord_desktop_core-1.zip
2024-01-20T00:32:03.179Z [Modules] Streaming discord_desktop_core@1 to /home/vylssius/.config/discord/0.0.40/modules/pending/discord_desktop_core-1.zip: 1%
2024-01-20T00:32:03.193Z [Modules] Streaming discord_desktop_core@1 to /home/vylssius/.config/discord/0.0.40/modules/pending/discord_desktop_core-1.zip: 2%
2024-01-20T00:32:03.209Z [Modules] Streaming discord_desktop_core@1 to /home/vylssius/.config/discord/0.0.40/modules/pending/discord_desktop_core-1.zip: 5%
2024-01-20T00:32:03.221Z [Modules] Streaming discord_desktop_core@1 to /home/vylssius/.config/discord/0.0.40/modules/pending/discord_desktop_core-1.zip: 7%
2024-01-20T00:32:03.226Z [Modules] Streaming discord_desktop_core@1 to /home/vylssius/.config/discord/0.0.40/modules/pending/discord_desktop_core-1.zip: 10%
2024-01-20T00:32:03.230Z [Modules] Streaming discord_desktop_core@1 to /home/vylssius/.config/discord/0.0.40/modules/pending/discord_desktop_core-1.zip: 13%
2024-01-20T00:32:03.233Z [Modules] Streaming discord_desktop_core@1 to /home/vylssius/.config/discord/0.0.40/modules/pending/discord_desktop_core-1.zip: 14%
2024-01-20T00:32:03.236Z [Modules] Streaming discord_desktop_core@1 to /home/vylssius/.config/discord/0.0.40/modules/pending/discord_desktop_core-1.zip: 17%
2024-01-20T00:32:03.243Z [Modules] Streaming discord_desktop_core@1 to /home/vylssius/.config/discord/0.0.40/modules/pending/discord_desktop_core-1.zip: 19%
2024-01-20T00:32:03.248Z [Modules] Streaming discord_desktop_core@1 to /home/vylssius/.config/discord/0.0.40/modules/pending/discord_desktop_core-1.zip: 20%
2024-01-20T00:32:03.252Z [Modules] Streaming discord_desktop_core@1 to /home/vylssius/.config/discord/0.0.40/modules/pending/discord_desktop_core-1.zip: 22%
2024-01-20T00:32:03.254Z [Modules] Streaming discord_desktop_core@1 to /home/vylssius/.config/discord/0.0.40/modules/pending/discord_desktop_core-1.zip: 26%
2024-01-20T00:32:03.255Z [Modules] Streaming discord_desktop_core@1 to /home/vylssius/.config/discord/0.0.40/modules/pending/discord_desktop_core-1.zip: 29%
2024-01-20T00:32:03.256Z [Modules] Streaming discord_desktop_core@1 to /home/vylssius/.config/discord/0.0.40/modules/pending/discord_desktop_core-1.zip: 32%
2024-01-20T00:32:03.258Z [Modules] Streaming discord_desktop_core@1 to /home/vylssius/.config/discord/0.0.40/modules/pending/discord_desktop_core-1.zip: 35%
2024-01-20T00:32:03.260Z [Modules] Streaming discord_desktop_core@1 to /home/vylssius/.config/discord/0.0.40/modules/pending/discord_desktop_core-1.zip: 36%
2024-01-20T00:32:03.261Z [Modules] Streaming discord_desktop_core@1 to /home/vylssius/.config/discord/0.0.40/modules/pending/discord_desktop_core-1.zip: 39%
2024-01-20T00:32:03.263Z [Modules] Streaming discord_desktop_core@1 to /home/vylssius/.config/discord/0.0.40/modules/pending/discord_desktop_core-1.zip: 42%
2024-01-20T00:32:03.266Z [Modules] Streaming discord_desktop_core@1 to /home/vylssius/.config/discord/0.0.40/modules/pending/discord_desktop_core-1.zip: 45%
2024-01-20T00:32:03.269Z [Modules] Streaming discord_desktop_core@1 to /home/vylssius/.config/discord/0.0.40/modules/pending/discord_desktop_core-1.zip: 47%
2024-01-20T00:32:03.272Z [Modules] Streaming discord_desktop_core@1 to /home/vylssius/.config/discord/0.0.40/modules/pending/discord_desktop_core-1.zip: 50%
2024-01-20T00:32:03.274Z [Modules] Streaming discord_desktop_core@1 to /home/vylssius/.config/discord/0.0.40/modules/pending/discord_desktop_core-1.zip: 53%
2024-01-20T00:32:03.276Z [Modules] Streaming discord_desktop_core@1 to /home/vylssius/.config/discord/0.0.40/modules/pending/discord_desktop_core-1.zip: 56%
2024-01-20T00:32:03.278Z [Modules] Streaming discord_desktop_core@1 to /home/vylssius/.config/discord/0.0.40/modules/pending/discord_desktop_core-1.zip: 59%
2024-01-20T00:32:03.280Z [Modules] Streaming discord_desktop_core@1 to /home/vylssius/.config/discord/0.0.40/modules/pending/discord_desktop_core-1.zip: 62%
2024-01-20T00:32:03.282Z [Modules] Streaming discord_desktop_core@1 to /home/vylssius/.config/discord/0.0.40/modules/pending/discord_desktop_core-1.zip: 65%
2024-01-20T00:32:03.284Z [Modules] Streaming discord_desktop_core@1 to /home/vylssius/.config/discord/0.0.40/modules/pending/discord_desktop_core-1.zip: 68%
2024-01-20T00:32:03.286Z [Modules] Streaming discord_desktop_core@1 to /home/vylssius/.config/discord/0.0.40/modules/pending/discord_desktop_core-1.zip: 71%
2024-01-20T00:32:03.288Z [Modules] Streaming discord_desktop_core@1 to /home/vylssius/.config/discord/0.0.40/modules/pending/discord_desktop_core-1.zip: 74%
2024-01-20T00:32:03.290Z [Modules] Streaming discord_desktop_core@1 to /home/vylssius/.config/discord/0.0.40/modules/pending/discord_desktop_core-1.zip: 77%
2024-01-20T00:32:03.292Z [Modules] Streaming discord_desktop_core@1 to /home/vylssius/.config/discord/0.0.40/modules/pending/discord_desktop_core-1.zip: 80%
2024-01-20T00:32:03.295Z [Modules] Streaming discord_desktop_core@1 to /home/vylssius/.config/discord/0.0.40/modules/pending/discord_desktop_core-1.zip: 83%
2024-01-20T00:32:03.296Z [Modules] Streaming discord_desktop_core@1 to /home/vylssius/.config/discord/0.0.40/modules/pending/discord_desktop_core-1.zip: 86%
2024-01-20T00:32:03.299Z [Modules] Streaming discord_desktop_core@1 to /home/vylssius/.config/discord/0.0.40/modules/pending/discord_desktop_core-1.zip: 89%
2024-01-20T00:32:03.301Z [Modules] Streaming discord_desktop_core@1 to /home/vylssius/.config/discord/0.0.40/modules/pending/discord_desktop_core-1.zip: 92%
2024-01-20T00:32:03.303Z [Modules] Streaming discord_desktop_core@1 to /home/vylssius/.config/discord/0.0.40/modules/pending/discord_desktop_core-1.zip: 95%
2024-01-20T00:32:03.305Z [Modules] Streaming discord_desktop_core@1 to /home/vylssius/.config/discord/0.0.40/modules/pending/discord_desktop_core-1.zip: 98%
2024-01-20T00:32:03.306Z [Modules] Streaming discord_desktop_core@1 to /home/vylssius/.config/discord/0.0.40/modules/pending/discord_desktop_core-1.zip: 100%
2024-01-20T00:32:03.309Z [Modules] Fetching discord_erlpack@1 from https://discord.com/api/modules/stable/discord_erlpack/1
2024-01-20T00:32:03.309Z [Modules] Streaming discord_erlpack@1 to /home/vylssius/.config/discord/0.0.40/modules/pending/discord_erlpack-1.zip
2024-01-20T00:32:03.458Z [Modules] Streaming discord_erlpack@1 to /home/vylssius/.config/discord/0.0.40/modules/pending/discord_erlpack-1.zip: 3%
2024-01-20T00:32:03.459Z [Modules] Streaming discord_erlpack@1 to /home/vylssius/.config/discord/0.0.40/modules/pending/discord_erlpack-1.zip: 5%
2024-01-20T00:32:03.461Z [Modules] Streaming discord_erlpack@1 to /home/vylssius/.config/discord/0.0.40/modules/pending/discord_erlpack-1.zip: 8%
2024-01-20T00:32:03.463Z [Modules] Streaming discord_erlpack@1 to /home/vylssius/.config/discord/0.0.40/modules/pending/discord_erlpack-1.zip: 11%
2024-01-20T00:32:03.479Z [Modules] Streaming discord_erlpack@1 to /home/vylssius/.config/discord/0.0.40/modules/pending/discord_erlpack-1.zip: 15%
2024-01-20T00:32:03.481Z [Modules] Streaming discord_erlpack@1 to /home/vylssius/.config/discord/0.0.40/modules/pending/discord_erlpack-1.zip: 18%
2024-01-20T00:32:03.483Z [Modules] Streaming discord_erlpack@1 to /home/vylssius/.config/discord/0.0.40/modules/pending/discord_erlpack-1.zip: 22%
2024-01-20T00:32:03.485Z [Modules] Streaming discord_erlpack@1 to /home/vylssius/.config/discord/0.0.40/modules/pending/discord_erlpack-1.zip: 25%
2024-01-20T00:32:03.487Z [Modules] Streaming discord_erlpack@1 to /home/vylssius/.config/discord/0.0.40/modules/pending/discord_erlpack-1.zip: 29%
2024-01-20T00:32:03.489Z [Modules] Streaming discord_erlpack@1 to /home/vylssius/.config/discord/0.0.40/modules/pending/discord_erlpack-1.zip: 32%
2024-01-20T00:32:03.491Z [Modules] Streaming discord_erlpack@1 to /home/vylssius/.config/discord/0.0.40/modules/pending/discord_erlpack-1.zip: 35%
2024-01-20T00:32:03.493Z [Modules] Streaming discord_erlpack@1 to /home/vylssius/.config/discord/0.0.40/modules/pending/discord_erlpack-1.zip: 39%
2024-01-20T00:32:03.495Z [Modules] Streaming discord_erlpack@1 to /home/vylssius/.config/discord/0.0.40/modules/pending/discord_erlpack-1.zip: 42%
2024-01-20T00:32:03.497Z [Modules] Streaming discord_erlpack@1 to /home/vylssius/.config/discord/0.0.40/modules/pending/discord_erlpack-1.zip: 46%
2024-01-20T00:32:03.499Z [Modules] Streaming discord_erlpack@1 to /home/vylssius/.config/discord/0.0.40/modules/pending/discord_erlpack-1.zip: 49%
2024-01-20T00:32:03.502Z [Modules] Streaming discord_erlpack@1 to /home/vylssius/.config/discord/0.0.40/modules/pending/discord_erlpack-1.zip: 52%
2024-01-20T00:32:03.504Z [Modules] Streaming discord_erlpack@1 to /home/vylssius/.config/discord/0.0.40/modules/pending/discord_erlpack-1.zip: 56%
2024-01-20T00:32:03.505Z [Modules] Streaming discord_erlpack@1 to /home/vylssius/.config/discord/0.0.40/modules/pending/discord_erlpack-1.zip: 59%
2024-01-20T00:32:03.510Z [Modules] Streaming discord_erlpack@1 to /home/vylssius/.config/discord/0.0.40/modules/pending/discord_erlpack-1.zip: 62%
2024-01-20T00:32:03.530Z [Modules] Streaming discord_erlpack@1 to /home/vylssius/.config/discord/0.0.40/modules/pending/discord_erlpack-1.zip: 65%
2024-01-20T00:32:03.533Z [Modules] Streaming discord_erlpack@1 to /home/vylssius/.config/discord/0.0.40/modules/pending/discord_erlpack-1.zip: 100%
2024-01-20T00:32:03.537Z [Modules] Fetching discord_spellcheck@1 from https://discord.com/api/modules/stable/discord_spellcheck/1
2024-01-20T00:32:03.537Z [Modules] Streaming discord_spellcheck@1 to /home/vylssius/.config/discord/0.0.40/modules/pending/discord_spellcheck-1.zip
2024-01-20T00:32:03.669Z [Modules] Streaming discord_spellcheck@1 to /home/vylssius/.config/discord/0.0.40/modules/pending/discord_spellcheck-1.zip: 1%
2024-01-20T00:32:03.671Z [Modules] Streaming discord_spellcheck@1 to /home/vylssius/.config/discord/0.0.40/modules/pending/discord_spellcheck-1.zip: 2%
2024-01-20T00:32:03.675Z [Modules] Streaming discord_spellcheck@1 to /home/vylssius/.config/discord/0.0.40/modules/pending/discord_spellcheck-1.zip: 3%
2024-01-20T00:32:03.677Z [Modules] Streaming discord_spellcheck@1 to /home/vylssius/.config/discord/0.0.40/modules/pending/discord_spellcheck-1.zip: 4%
2024-01-20T00:32:03.682Z [Modules] Streaming discord_spellcheck@1 to /home/vylssius/.config/discord/0.0.40/modules/pending/discord_spellcheck-1.zip: 5%
2024-01-20T00:32:03.684Z [Modules] Streaming discord_spellcheck@1 to /home/vylssius/.config/discord/0.0.40/modules/pending/discord_spellcheck-1.zip: 6%
2024-01-20T00:32:03.688Z [Modules] Streaming discord_spellcheck@1 to /home/vylssius/.config/discord/0.0.40/modules/pending/discord_spellcheck-1.zip: 7%
2024-01-20T00:32:03.690Z [Modules] Streaming discord_spellcheck@1 to /home/vylssius/.config/discord/0.0.40/modules/pending/discord_spellcheck-1.zip: 8%
2024-01-20T00:32:03.695Z [Modules] Streaming discord_spellcheck@1 to /home/vylssius/.config/discord/0.0.40/modules/pending/discord_spellcheck-1.zip: 9%
2024-01-20T00:32:03.697Z [Modules] Streaming discord_spellcheck@1 to /home/vylssius/.config/discord/0.0.40/modules/pending/discord_spellcheck-1.zip: 10%
2024-01-20T00:32:03.757Z [Modules] Streaming discord_spellcheck@1 to /home/vylssius/.config/discord/0.0.40/modules/pending/discord_spellcheck-1.zip: 11%
2024-01-20T00:32:03.760Z [Modules] Streaming discord_spellcheck@1 to /home/vylssius/.config/discord/0.0.40/modules/pending/discord_spellcheck-1.zip: 13%
2024-01-20T00:32:03.762Z [Modules] Streaming discord_spellcheck@1 to /home/vylssius/.config/discord/0.0.40/modules/pending/discord_spellcheck-1.zip: 16%
2024-01-20T00:32:03.764Z [Modules] Streaming discord_spellcheck@1 to /home/vylssius/.config/discord/0.0.40/modules/pending/discord_spellcheck-1.zip: 19%
2024-01-20T00:32:03.765Z [Modules] Streaming discord_spellcheck@1 to /home/vylssius/.config/discord/0.0.40/modules/pending/discord_spellcheck-1.zip: 20%
2024-01-20T00:32:03.766Z [Modules] Streaming discord_spellcheck@1 to /home/vylssius/.config/discord/0.0.40/modules/pending/discord_spellcheck-1.zip: 26%
2024-01-20T00:32:03.771Z [Modules] Streaming discord_spellcheck@1 to /home/vylssius/.config/discord/0.0.40/modules/pending/discord_spellcheck-1.zip: 27%
2024-01-20T00:32:03.772Z [Modules] Streaming discord_spellcheck@1 to /home/vylssius/.config/discord/0.0.40/modules/pending/discord_spellcheck-1.zip: 30%
2024-01-20T00:32:03.773Z [Modules] Streaming discord_spellcheck@1 to /home/vylssius/.config/discord/0.0.40/modules/pending/discord_spellcheck-1.zip: 32%
2024-01-20T00:32:03.778Z [Modules] Streaming discord_spellcheck@1 to /home/vylssius/.config/discord/0.0.40/modules/pending/discord_spellcheck-1.zip: 33%
2024-01-20T00:32:03.785Z [Modules] Streaming discord_spellcheck@1 to /home/vylssius/.config/discord/0.0.40/modules/pending/discord_spellcheck-1.zip: 34%
2024-01-20T00:32:03.789Z [Modules] Streaming discord_spellcheck@1 to /home/vylssius/.config/discord/0.0.40/modules/pending/discord_spellcheck-1.zip: 35%
2024-01-20T00:32:03.791Z [Modules] Streaming discord_spellcheck@1 to /home/vylssius/.config/discord/0.0.40/modules/pending/discord_spellcheck-1.zip: 36%
2024-01-20T00:32:03.795Z [Modules] Streaming discord_spellcheck@1 to /home/vylssius/.config/discord/0.0.40/modules/pending/discord_spellcheck-1.zip: 37%
2024-01-20T00:32:03.797Z [Modules] Streaming discord_spellcheck@1 to /home/vylssius/.config/discord/0.0.40/modules/pending/discord_spellcheck-1.zip: 38%
2024-01-20T00:32:03.801Z [Modules] Streaming discord_spellcheck@1 to /home/vylssius/.config/discord/0.0.40/modules/pending/discord_spellcheck-1.zip: 39%
2024-01-20T00:32:03.803Z [Modules] Streaming discord_spellcheck@1 to /home/vylssius/.config/discord/0.0.40/modules/pending/discord_spellcheck-1.zip: 40%
2024-01-20T00:32:03.808Z [Modules] Streaming discord_spellcheck@1 to /home/vylssius/.config/discord/0.0.40/modules/pending/discord_spellcheck-1.zip: 41%
2024-01-20T00:32:03.810Z [Modules] Streaming discord_spellcheck@1 to /home/vylssius/.config/discord/0.0.40/modules/pending/discord_spellcheck-1.zip: 42%
2024-01-20T00:32:03.846Z [Modules] Streaming discord_spellcheck@1 to /home/vylssius/.config/discord/0.0.40/modules/pending/discord_spellcheck-1.zip: 43%
2024-01-20T00:32:03.848Z [Modules] Streaming discord_spellcheck@1 to /home/vylssius/.config/discord/0.0.40/modules/pending/discord_spellcheck-1.zip: 44%
2024-01-20T00:32:03.850Z [Modules] Streaming discord_spellcheck@1 to /home/vylssius/.config/discord/0.0.40/modules/pending/discord_spellcheck-1.zip: 47%
2024-01-20T00:32:03.852Z [Modules] Streaming discord_spellcheck@1 to /home/vylssius/.config/discord/0.0.40/modules/pending/discord_spellcheck-1.zip: 50%
2024-01-20T00:32:03.862Z [Modules] Streaming discord_spellcheck@1 to /home/vylssius/.config/discord/0.0.40/modules/pending/discord_spellcheck-1.zip: 51%
2024-01-20T00:32:03.863Z [Modules] Streaming discord_spellcheck@1 to /home/vylssius/.config/discord/0.0.40/modules/pending/discord_spellcheck-1.zip: 54%
2024-01-20T00:32:03.883Z [Modules] Streaming discord_spellcheck@1 to /home/vylssius/.config/discord/0.0.40/modules/pending/discord_spellcheck-1.zip: 55%
2024-01-20T00:32:03.921Z [Modules] Streaming discord_spellcheck@1 to /home/vylssius/.config/discord/0.0.40/modules/pending/discord_spellcheck-1.zip: 56%
2024-01-20T00:32:03.922Z [Modules] Streaming discord_spellcheck@1 to /home/vylssius/.config/discord/0.0.40/modules/pending/discord_spellcheck-1.zip: 59%
2024-01-20T00:32:03.923Z [Modules] Streaming discord_spellcheck@1 to /home/vylssius/.config/discord/0.0.40/modules/pending/discord_spellcheck-1.zip: 62%
2024-01-20T00:32:03.925Z [Modules] Streaming discord_spellcheck@1 to /home/vylssius/.config/discord/0.0.40/modules/pending/discord_spellcheck-1.zip: 66%
2024-01-20T00:32:03.926Z [Modules] Streaming discord_spellcheck@1 to /home/vylssius/.config/discord/0.0.40/modules/pending/discord_spellcheck-1.zip: 72%
2024-01-20T00:32:03.966Z [Modules] Streaming discord_spellcheck@1 to /home/vylssius/.config/discord/0.0.40/modules/pending/discord_spellcheck-1.zip: 73%
2024-01-20T00:32:03.967Z [Modules] Streaming discord_spellcheck@1 to /home/vylssius/.config/discord/0.0.40/modules/pending/discord_spellcheck-1.zip: 78%
2024-01-20T00:32:03.970Z [Modules] Streaming discord_spellcheck@1 to /home/vylssius/.config/discord/0.0.40/modules/pending/discord_spellcheck-1.zip: 81%
2024-01-20T00:32:03.971Z [Modules] Streaming discord_spellcheck@1 to /home/vylssius/.config/discord/0.0.40/modules/pending/discord_spellcheck-1.zip: 82%
2024-01-20T00:32:03.972Z [Modules] Streaming discord_spellcheck@1 to /home/vylssius/.config/discord/0.0.40/modules/pending/discord_spellcheck-1.zip: 83%
2024-01-20T00:32:03.992Z [Modules] Streaming discord_spellcheck@1 to /home/vylssius/.config/discord/0.0.40/modules/pending/discord_spellcheck-1.zip: 84%
2024-01-20T00:32:03.994Z [Modules] Streaming discord_spellcheck@1 to /home/vylssius/.config/discord/0.0.40/modules/pending/discord_spellcheck-1.zip: 85%
2024-01-20T00:32:03.996Z [Modules] Streaming discord_spellcheck@1 to /home/vylssius/.config/discord/0.0.40/modules/pending/discord_spellcheck-1.zip: 87%
2024-01-20T00:32:03.997Z [Modules] Streaming discord_spellcheck@1 to /home/vylssius/.config/discord/0.0.40/modules/pending/discord_spellcheck-1.zip: 90%
2024-01-20T00:32:03.998Z [Modules] Streaming discord_spellcheck@1 to /home/vylssius/.config/discord/0.0.40/modules/pending/discord_spellcheck-1.zip: 93%
2024-01-20T00:32:04.000Z [Modules] Streaming discord_spellcheck@1 to /home/vylssius/.config/discord/0.0.40/modules/pending/discord_spellcheck-1.zip: 98%
2024-01-20T00:32:04.001Z [Modules] Streaming discord_spellcheck@1 to /home/vylssius/.config/discord/0.0.40/modules/pending/discord_spellcheck-1.zip: 99%
2024-01-20T00:32:04.002Z [Modules] Streaming discord_spellcheck@1 to /home/vylssius/.config/discord/0.0.40/modules/pending/discord_spellcheck-1.zip: 100%
2024-01-20T00:32:04.004Z [Modules] Fetching discord_utils@1 from https://discord.com/api/modules/stable/discord_utils/1
2024-01-20T00:32:04.004Z [Modules] Streaming discord_utils@1 to /home/vylssius/.config/discord/0.0.40/modules/pending/discord_utils-1.zip
2024-01-20T00:32:04.140Z [Modules] Streaming discord_utils@1 to /home/vylssius/.config/discord/0.0.40/modules/pending/discord_utils-1.zip: 2%
2024-01-20T00:32:04.143Z [Modules] Streaming discord_utils@1 to /home/vylssius/.config/discord/0.0.40/modules/pending/discord_utils-1.zip: 5%
2024-01-20T00:32:04.146Z [Modules] Streaming discord_utils@1 to /home/vylssius/.config/discord/0.0.40/modules/pending/discord_utils-1.zip: 9%
2024-01-20T00:32:04.148Z [Modules] Streaming discord_utils@1 to /home/vylssius/.config/discord/0.0.40/modules/pending/discord_utils-1.zip: 13%
2024-01-20T00:32:04.150Z [Modules] Streaming discord_utils@1 to /home/vylssius/.config/discord/0.0.40/modules/pending/discord_utils-1.zip: 17%
2024-01-20T00:32:04.152Z [Modules] Streaming discord_utils@1 to /home/vylssius/.config/discord/0.0.40/modules/pending/discord_utils-1.zip: 23%
2024-01-20T00:32:04.154Z [Modules] Streaming discord_utils@1 to /home/vylssius/.config/discord/0.0.40/modules/pending/discord_utils-1.zip: 28%
2024-01-20T00:32:04.156Z [Modules] Streaming discord_utils@1 to /home/vylssius/.config/discord/0.0.40/modules/pending/discord_utils-1.zip: 33%
2024-01-20T00:32:04.157Z [Modules] Streaming discord_utils@1 to /home/vylssius/.config/discord/0.0.40/modules/pending/discord_utils-1.zip: 35%
2024-01-20T00:32:04.159Z [Modules] Streaming discord_utils@1 to /home/vylssius/.config/discord/0.0.40/modules/pending/discord_utils-1.zip: 39%
2024-01-20T00:32:04.160Z [Modules] Streaming discord_utils@1 to /home/vylssius/.config/discord/0.0.40/modules/pending/discord_utils-1.zip: 41%
2024-01-20T00:32:04.162Z [Modules] Streaming discord_utils@1 to /home/vylssius/.config/discord/0.0.40/modules/pending/discord_utils-1.zip: 43%
2024-01-20T00:32:04.163Z [Modules] Streaming discord_utils@1 to /home/vylssius/.config/discord/0.0.40/modules/pending/discord_utils-1.zip: 47%
2024-01-20T00:32:04.164Z [Modules] Streaming discord_utils@1 to /home/vylssius/.config/discord/0.0.40/modules/pending/discord_utils-1.zip: 50%
2024-01-20T00:32:04.165Z [Modules] Streaming discord_utils@1 to /home/vylssius/.config/discord/0.0.40/modules/pending/discord_utils-1.zip: 52%
2024-01-20T00:32:04.166Z [Modules] Streaming discord_utils@1 to /home/vylssius/.config/discord/0.0.40/modules/pending/discord_utils-1.zip: 54%
2024-01-20T00:32:04.167Z [Modules] Streaming discord_utils@1 to /home/vylssius/.config/discord/0.0.40/modules/pending/discord_utils-1.zip: 56%
2024-01-20T00:32:04.168Z [Modules] Streaming discord_utils@1 to /home/vylssius/.config/discord/0.0.40/modules/pending/discord_utils-1.zip: 58%
2024-01-20T00:32:04.169Z [Modules] Streaming discord_utils@1 to /home/vylssius/.config/discord/0.0.40/modules/pending/discord_utils-1.zip: 62%
2024-01-20T00:32:04.170Z [Modules] Streaming discord_utils@1 to /home/vylssius/.config/discord/0.0.40/modules/pending/discord_utils-1.zip: 64%
2024-01-20T00:32:04.171Z [Modules] Streaming discord_utils@1 to /home/vylssius/.config/discord/0.0.40/modules/pending/discord_utils-1.zip: 66%
2024-01-20T00:32:04.172Z [Modules] Streaming discord_utils@1 to /home/vylssius/.config/discord/0.0.40/modules/pending/discord_utils-1.zip: 67%
2024-01-20T00:32:04.172Z [Modules] Streaming discord_utils@1 to /home/vylssius/.config/discord/0.0.40/modules/pending/discord_utils-1.zip: 68%
2024-01-20T00:32:04.173Z [Modules] Streaming discord_utils@1 to /home/vylssius/.config/discord/0.0.40/modules/pending/discord_utils-1.zip: 70%
2024-01-20T00:32:04.173Z [Modules] Streaming discord_utils@1 to /home/vylssius/.config/discord/0.0.40/modules/pending/discord_utils-1.zip: 72%
2024-01-20T00:32:04.174Z [Modules] Streaming discord_utils@1 to /home/vylssius/.config/discord/0.0.40/modules/pending/discord_utils-1.zip: 74%
2024-01-20T00:32:04.176Z [Modules] Streaming discord_utils@1 to /home/vylssius/.config/discord/0.0.40/modules/pending/discord_utils-1.zip: 76%
2024-01-20T00:32:04.178Z [Modules] Streaming discord_utils@1 to /home/vylssius/.config/discord/0.0.40/modules/pending/discord_utils-1.zip: 80%
2024-01-20T00:32:04.179Z [Modules] Streaming discord_utils@1 to /home/vylssius/.config/discord/0.0.40/modules/pending/discord_utils-1.zip: 82%
2024-01-20T00:32:04.181Z [Modules] Streaming discord_utils@1 to /home/vylssius/.config/discord/0.0.40/modules/pending/discord_utils-1.zip: 87%
2024-01-20T00:32:04.182Z [Modules] Streaming discord_utils@1 to /home/vylssius/.config/discord/0.0.40/modules/pending/discord_utils-1.zip: 90%
2024-01-20T00:32:04.184Z [Modules] Streaming discord_utils@1 to /home/vylssius/.config/discord/0.0.40/modules/pending/discord_utils-1.zip: 94%
2024-01-20T00:32:04.193Z [Modules] Streaming discord_utils@1 to /home/vylssius/.config/discord/0.0.40/modules/pending/discord_utils-1.zip: 100%
2024-01-20T00:32:04.196Z [Modules] Fetching discord_voice@1 from https://discord.com/api/modules/stable/discord_voice/1
2024-01-20T00:32:04.196Z [Modules] Streaming discord_voice@1 to /home/vylssius/.config/discord/0.0.40/modules/pending/discord_voice-1.zip
2024-01-20T00:32:04.366Z [Modules] Streaming discord_voice@1 to /home/vylssius/.config/discord/0.0.40/modules/pending/discord_voice-1.zip: 1%
2024-01-20T00:32:04.370Z [Modules] Streaming discord_voice@1 to /home/vylssius/.config/discord/0.0.40/modules/pending/discord_voice-1.zip: 2%
2024-01-20T00:32:04.373Z [Modules] Streaming discord_voice@1 to /home/vylssius/.config/discord/0.0.40/modules/pending/discord_voice-1.zip: 3%
2024-01-20T00:32:04.377Z [Modules] Streaming discord_voice@1 to /home/vylssius/.config/discord/0.0.40/modules/pending/discord_voice-1.zip: 4%
2024-01-20T00:32:04.381Z [Modules] Streaming discord_voice@1 to /home/vylssius/.config/discord/0.0.40/modules/pending/discord_voice-1.zip: 5%
2024-01-20T00:32:04.385Z [Modules] Streaming discord_voice@1 to /home/vylssius/.config/discord/0.0.40/modules/pending/discord_voice-1.zip: 6%
2024-01-20T00:32:04.389Z [Modules] Streaming discord_voice@1 to /home/vylssius/.config/discord/0.0.40/modules/pending/discord_voice-1.zip: 7%
2024-01-20T00:32:04.393Z [Modules] Streaming discord_voice@1 to /home/vylssius/.config/discord/0.0.40/modules/pending/discord_voice-1.zip: 8%
2024-01-20T00:32:04.397Z [Modules] Streaming discord_voice@1 to /home/vylssius/.config/discord/0.0.40/modules/pending/discord_voice-1.zip: 9%
2024-01-20T00:32:04.400Z [Modules] Streaming discord_voice@1 to /home/vylssius/.config/discord/0.0.40/modules/pending/discord_voice-1.zip: 10%
2024-01-20T00:32:04.404Z [Modules] Streaming discord_voice@1 to /home/vylssius/.config/discord/0.0.40/modules/pending/discord_voice-1.zip: 11%
2024-01-20T00:32:04.408Z [Modules] Streaming discord_voice@1 to /home/vylssius/.config/discord/0.0.40/modules/pending/discord_voice-1.zip: 12%
2024-01-20T00:32:04.412Z [Modules] Streaming discord_voice@1 to /home/vylssius/.config/discord/0.0.40/modules/pending/discord_voice-1.zip: 13%
2024-01-20T00:32:04.416Z [Modules] Streaming discord_voice@1 to /home/vylssius/.config/discord/0.0.40/modules/pending/discord_voice-1.zip: 14%
2024-01-20T00:32:04.419Z [Modules] Streaming discord_voice@1 to /home/vylssius/.config/discord/0.0.40/modules/pending/discord_voice-1.zip: 15%
2024-01-20T00:32:04.424Z [Modules] Streaming discord_voice@1 to /home/vylssius/.config/discord/0.0.40/modules/pending/discord_voice-1.zip: 16%
2024-01-20T00:32:04.428Z [Modules] Streaming discord_voice@1 to /home/vylssius/.config/discord/0.0.40/modules/pending/discord_voice-1.zip: 17%
2024-01-20T00:32:04.432Z [Modules] Streaming discord_voice@1 to /home/vylssius/.config/discord/0.0.40/modules/pending/discord_voice-1.zip: 18%
2024-01-20T00:32:04.436Z [Modules] Streaming discord_voice@1 to /home/vylssius/.config/discord/0.0.40/modules/pending/discord_voice-1.zip: 19%
2024-01-20T00:32:04.439Z [Modules] Streaming discord_voice@1 to /home/vylssius/.config/discord/0.0.40/modules/pending/discord_voice-1.zip: 20%
2024-01-20T00:32:04.443Z [Modules] Streaming discord_voice@1 to /home/vylssius/.config/discord/0.0.40/modules/pending/discord_voice-1.zip: 21%
2024-01-20T00:32:04.447Z [Modules] Streaming discord_voice@1 to /home/vylssius/.config/discord/0.0.40/modules/pending/discord_voice-1.zip: 22%
2024-01-20T00:32:04.451Z [Modules] Streaming discord_voice@1 to /home/vylssius/.config/discord/0.0.40/modules/pending/discord_voice-1.zip: 23%
2024-01-20T00:32:04.791Z [Modules] Streaming discord_voice@1 to /home/vylssius/.config/discord/0.0.40/modules/pending/discord_voice-1.zip: 24%
2024-01-20T00:32:04.797Z [Modules] Streaming discord_voice@1 to /home/vylssius/.config/discord/0.0.40/modules/pending/discord_voice-1.zip: 25%
2024-01-20T00:32:04.802Z [Modules] Streaming discord_voice@1 to /home/vylssius/.config/discord/0.0.40/modules/pending/discord_voice-1.zip: 26%
2024-01-20T00:32:04.804Z [Modules] Streaming discord_voice@1 to /home/vylssius/.config/discord/0.0.40/modules/pending/discord_voice-1.zip: 27%
2024-01-20T00:32:04.809Z [Modules] Streaming discord_voice@1 to /home/vylssius/.config/discord/0.0.40/modules/pending/discord_voice-1.zip: 28%
2024-01-20T00:32:04.812Z [Modules] Streaming discord_voice@1 to /home/vylssius/.config/discord/0.0.40/modules/pending/discord_voice-1.zip: 29%
2024-01-20T00:32:04.817Z [Modules] Streaming discord_voice@1 to /home/vylssius/.config/discord/0.0.40/modules/pending/discord_voice-1.zip: 30%
2024-01-20T00:32:04.821Z [Modules] Streaming discord_voice@1 to /home/vylssius/.config/discord/0.0.40/modules/pending/discord_voice-1.zip: 31%
2024-01-20T00:32:04.825Z [Modules] Streaming discord_voice@1 to /home/vylssius/.config/discord/0.0.40/modules/pending/discord_voice-1.zip: 32%
2024-01-20T00:32:04.829Z [Modules] Streaming discord_voice@1 to /home/vylssius/.config/discord/0.0.40/modules/pending/discord_voice-1.zip: 33%
2024-01-20T00:32:04.833Z [Modules] Streaming discord_voice@1 to /home/vylssius/.config/discord/0.0.40/modules/pending/discord_voice-1.zip: 34%
2024-01-20T00:32:04.836Z [Modules] Streaming discord_voice@1 to /home/vylssius/.config/discord/0.0.40/modules/pending/discord_voice-1.zip: 35%
2024-01-20T00:32:04.840Z [Modules] Streaming discord_voice@1 to /home/vylssius/.config/discord/0.0.40/modules/pending/discord_voice-1.zip: 36%
2024-01-20T00:32:04.844Z [Modules] Streaming discord_voice@1 to /home/vylssius/.config/discord/0.0.40/modules/pending/discord_voice-1.zip: 37%
2024-01-20T00:32:04.849Z [Modules] Streaming discord_voice@1 to /home/vylssius/.config/discord/0.0.40/modules/pending/discord_voice-1.zip: 38%
2024-01-20T00:32:04.852Z [Modules] Streaming discord_voice@1 to /home/vylssius/.config/discord/0.0.40/modules/pending/discord_voice-1.zip: 39%
2024-01-20T00:32:04.857Z [Modules] Streaming discord_voice@1 to /home/vylssius/.config/discord/0.0.40/modules/pending/discord_voice-1.zip: 40%
2024-01-20T00:32:04.863Z [Modules] Streaming discord_voice@1 to /home/vylssius/.config/discord/0.0.40/modules/pending/discord_voice-1.zip: 41%
2024-01-20T00:32:04.866Z [Modules] Streaming discord_voice@1 to /home/vylssius/.config/discord/0.0.40/modules/pending/discord_voice-1.zip: 42%
2024-01-20T00:32:04.870Z [Modules] Streaming discord_voice@1 to /home/vylssius/.config/discord/0.0.40/modules/pending/discord_voice-1.zip: 43%
2024-01-20T00:32:04.874Z [Modules] Streaming discord_voice@1 to /home/vylssius/.config/discord/0.0.40/modules/pending/discord_voice-1.zip: 44%
2024-01-20T00:32:04.877Z [Modules] Streaming discord_voice@1 to /home/vylssius/.config/discord/0.0.40/modules/pending/discord_voice-1.zip: 45%
2024-01-20T00:32:04.882Z [Modules] Streaming discord_voice@1 to /home/vylssius/.config/discord/0.0.40/modules/pending/discord_voice-1.zip: 46%
2024-01-20T00:32:04.886Z [Modules] Streaming discord_voice@1 to /home/vylssius/.config/discord/0.0.40/modules/pending/discord_voice-1.zip: 47%
2024-01-20T00:32:04.890Z [Modules] Streaming discord_voice@1 to /home/vylssius/.config/discord/0.0.40/modules/pending/discord_voice-1.zip: 48%
2024-01-20T00:32:04.894Z [Modules] Streaming discord_voice@1 to /home/vylssius/.config/discord/0.0.40/modules/pending/discord_voice-1.zip: 49%
2024-01-20T00:32:04.898Z [Modules] Streaming discord_voice@1 to /home/vylssius/.config/discord/0.0.40/modules/pending/discord_voice-1.zip: 50%
2024-01-20T00:32:04.902Z [Modules] Streaming discord_voice@1 to /home/vylssius/.config/discord/0.0.40/modules/pending/discord_voice-1.zip: 51%
2024-01-20T00:32:04.906Z [Modules] Streaming discord_voice@1 to /home/vylssius/.config/discord/0.0.40/modules/pending/discord_voice-1.zip: 52%
2024-01-20T00:32:04.910Z [Modules] Streaming discord_voice@1 to /home/vylssius/.config/discord/0.0.40/modules/pending/discord_voice-1.zip: 53%
2024-01-20T00:32:04.914Z [Modules] Streaming discord_voice@1 to /home/vylssius/.config/discord/0.0.40/modules/pending/discord_voice-1.zip: 54%
2024-01-20T00:32:04.918Z [Modules] Streaming discord_voice@1 to /home/vylssius/.config/discord/0.0.40/modules/pending/discord_voice-1.zip: 55%
2024-01-20T00:32:04.922Z [Modules] Streaming discord_voice@1 to /home/vylssius/.config/discord/0.0.40/modules/pending/discord_voice-1.zip: 56%
2024-01-20T00:32:04.925Z [Modules] Streaming discord_voice@1 to /home/vylssius/.config/discord/0.0.40/modules/pending/discord_voice-1.zip: 57%
2024-01-20T00:32:04.929Z [Modules] Streaming discord_voice@1 to /home/vylssius/.config/discord/0.0.40/modules/pending/discord_voice-1.zip: 58%
2024-01-20T00:32:05.237Z [Modules] Streaming discord_voice@1 to /home/vylssius/.config/discord/0.0.40/modules/pending/discord_voice-1.zip: 59%
2024-01-20T00:32:05.242Z [Modules] Streaming discord_voice@1 to /home/vylssius/.config/discord/0.0.40/modules/pending/discord_voice-1.zip: 60%
2024-01-20T00:32:05.246Z [Modules] Streaming discord_voice@1 to /home/vylssius/.config/discord/0.0.40/modules/pending/discord_voice-1.zip: 61%
2024-01-20T00:32:05.253Z [Modules] Streaming discord_voice@1 to /home/vylssius/.config/discord/0.0.40/modules/pending/discord_voice-1.zip: 62%
2024-01-20T00:32:05.257Z [Modules] Streaming discord_voice@1 to /home/vylssius/.config/discord/0.0.40/modules/pending/discord_voice-1.zip: 64%
2024-01-20T00:32:05.260Z [Modules] Streaming discord_voice@1 to /home/vylssius/.config/discord/0.0.40/modules/pending/discord_voice-1.zip: 65%
2024-01-20T00:32:05.264Z [Modules] Streaming discord_voice@1 to /home/vylssius/.config/discord/0.0.40/modules/pending/discord_voice-1.zip: 66%
2024-01-20T00:32:05.269Z [Modules] Streaming discord_voice@1 to /home/vylssius/.config/discord/0.0.40/modules/pending/discord_voice-1.zip: 67%
2024-01-20T00:32:05.273Z [Modules] Streaming discord_voice@1 to /home/vylssius/.config/discord/0.0.40/modules/pending/discord_voice-1.zip: 68%
2024-01-20T00:32:05.276Z [Modules] Streaming discord_voice@1 to /home/vylssius/.config/discord/0.0.40/modules/pending/discord_voice-1.zip: 69%
2024-01-20T00:32:05.281Z [Modules] Streaming discord_voice@1 to /home/vylssius/.config/discord/0.0.40/modules/pending/discord_voice-1.zip: 70%
2024-01-20T00:32:05.285Z [Modules] Streaming discord_voice@1 to /home/vylssius/.config/discord/0.0.40/modules/pending/discord_voice-1.zip: 71%
2024-01-20T00:32:05.288Z [Modules] Streaming discord_voice@1 to /home/vylssius/.config/discord/0.0.40/modules/pending/discord_voice-1.zip: 72%
2024-01-20T00:32:05.292Z [Modules] Streaming discord_voice@1 to /home/vylssius/.config/discord/0.0.40/modules/pending/discord_voice-1.zip: 73%
2024-01-20T00:32:05.296Z [Modules] Streaming discord_voice@1 to /home/vylssius/.config/discord/0.0.40/modules/pending/discord_voice-1.zip: 74%
2024-01-20T00:32:05.300Z [Modules] Streaming discord_voice@1 to /home/vylssius/.config/discord/0.0.40/modules/pending/discord_voice-1.zip: 75%
2024-01-20T00:32:05.303Z [Modules] Streaming discord_voice@1 to /home/vylssius/.config/discord/0.0.40/modules/pending/discord_voice-1.zip: 76%
2024-01-20T00:32:05.307Z [Modules] Streaming discord_voice@1 to /home/vylssius/.config/discord/0.0.40/modules/pending/discord_voice-1.zip: 77%
2024-01-20T00:32:05.311Z [Modules] Streaming discord_voice@1 to /home/vylssius/.config/discord/0.0.40/modules/pending/discord_voice-1.zip: 78%
2024-01-20T00:32:05.316Z [Modules] Streaming discord_voice@1 to /home/vylssius/.config/discord/0.0.40/modules/pending/discord_voice-1.zip: 79%
2024-01-20T00:32:05.320Z [Modules] Streaming discord_voice@1 to /home/vylssius/.config/discord/0.0.40/modules/pending/discord_voice-1.zip: 80%
2024-01-20T00:32:05.324Z [Modules] Streaming discord_voice@1 to /home/vylssius/.config/discord/0.0.40/modules/pending/discord_voice-1.zip: 81%
2024-01-20T00:32:05.328Z [Modules] Streaming discord_voice@1 to /home/vylssius/.config/discord/0.0.40/modules/pending/discord_voice-1.zip: 82%
2024-01-20T00:32:05.364Z [Modules] Streaming discord_voice@1 to /home/vylssius/.config/discord/0.0.40/modules/pending/discord_voice-1.zip: 83%
2024-01-20T00:32:05.367Z [Modules] Streaming discord_voice@1 to /home/vylssius/.config/discord/0.0.40/modules/pending/discord_voice-1.zip: 84%
2024-01-20T00:32:05.372Z [Modules] Streaming discord_voice@1 to /home/vylssius/.config/discord/0.0.40/modules/pending/discord_voice-1.zip: 85%
2024-01-20T00:32:05.376Z [Modules] Streaming discord_voice@1 to /home/vylssius/.config/discord/0.0.40/modules/pending/discord_voice-1.zip: 86%
2024-01-20T00:32:05.379Z [Modules] Streaming discord_voice@1 to /home/vylssius/.config/discord/0.0.40/modules/pending/discord_voice-1.zip: 87%
2024-01-20T00:32:05.383Z [Modules] Streaming discord_voice@1 to /home/vylssius/.config/discord/0.0.40/modules/pending/discord_voice-1.zip: 88%
2024-01-20T00:32:05.387Z [Modules] Streaming discord_voice@1 to /home/vylssius/.config/discord/0.0.40/modules/pending/discord_voice-1.zip: 89%
2024-01-20T00:32:05.390Z [Modules] Streaming discord_voice@1 to /home/vylssius/.config/discord/0.0.40/modules/pending/discord_voice-1.zip: 90%
2024-01-20T00:32:05.395Z [Modules] Streaming discord_voice@1 to /home/vylssius/.config/discord/0.0.40/modules/pending/discord_voice-1.zip: 91%
2024-01-20T00:32:05.400Z [Modules] Streaming discord_voice@1 to /home/vylssius/.config/discord/0.0.40/modules/pending/discord_voice-1.zip: 92%
2024-01-20T00:32:05.404Z [Modules] Streaming discord_voice@1 to /home/vylssius/.config/discord/0.0.40/modules/pending/discord_voice-1.zip: 93%
2024-01-20T00:32:05.407Z [Modules] Streaming discord_voice@1 to /home/vylssius/.config/discord/0.0.40/modules/pending/discord_voice-1.zip: 94%
2024-01-20T00:32:05.411Z [Modules] Streaming discord_voice@1 to /home/vylssius/.config/discord/0.0.40/modules/pending/discord_voice-1.zip: 95%
2024-01-20T00:32:05.415Z [Modules] Streaming discord_voice@1 to /home/vylssius/.config/discord/0.0.40/modules/pending/discord_voice-1.zip: 96%
2024-01-20T00:32:05.419Z [Modules] Streaming discord_voice@1 to /home/vylssius/.config/discord/0.0.40/modules/pending/discord_voice-1.zip: 97%
2024-01-20T00:32:05.423Z [Modules] Streaming discord_voice@1 to /home/vylssius/.config/discord/0.0.40/modules/pending/discord_voice-1.zip: 98%
2024-01-20T00:32:05.426Z [Modules] Streaming discord_voice@1 to /home/vylssius/.config/discord/0.0.40/modules/pending/discord_voice-1.zip: 99%
2024-01-20T00:32:05.430Z [Modules] Streaming discord_voice@1 to /home/vylssius/.config/discord/0.0.40/modules/pending/discord_voice-1.zip: 100%
2024-01-20T00:32:05.432Z [Modules] Finished module downloads. [success: 5] [failure: 0]
2024-01-20T00:32:05.432Z [Modules] Installing updates...
2024-01-20T00:32:05.432Z [Modules] Installing discord_desktop_core@1 from /home/vylssius/.config/discord/0.0.40/modules/pending/discord_desktop_core-1.zip
2024-01-20T00:32:05.495Z [Modules] Installing discord_erlpack@1 from /home/vylssius/.config/discord/0.0.40/modules/pending/discord_erlpack-1.zip
2024-01-20T00:32:05.542Z [Modules] Installing discord_spellcheck@1 from /home/vylssius/.config/discord/0.0.40/modules/pending/discord_spellcheck-1.zip
2024-01-20T00:32:06.001Z [Modules] Installing discord_utils@1 from /home/vylssius/.config/discord/0.0.40/modules/pending/discord_utils-1.zip
2024-01-20T00:32:06.125Z [Modules] Installing discord_voice@1 from /home/vylssius/.config/discord/0.0.40/modules/pending/discord_voice-1.zip
2024-01-20T00:32:06.881Z [Modules] Finished module installations. [success: 5] [failure: 0]
2024-01-20T00:32:06.881Z [Modules] Checking for host updates.
2024-01-20T00:32:06.988Z [Modules] Host is up to date.
2024-01-20T00:32:06.988Z [Modules] Checking for module updates at https://discord.com/api/modules/stable/versions.json
2024-01-20T00:32:06.992Z [Modules] No module updates available.
2024-01-20T00:32:08.048Z [Modules] Starting to install discord_krisp...
2024-01-20T00:32:08.048Z [Modules] Fetching discord_krisp@1 from https://discord.com/api/modules/stable/discord_krisp/1
2024-01-20T00:32:08.048Z [Modules] Streaming discord_krisp@1 to /home/vylssius/.config/discord/0.0.40/modules/pending/discord_krisp-1.zip
2024-01-20T00:32:08.052Z [Modules] Starting to install discord_game_utils...
2024-01-20T00:32:08.200Z [Modules] Streaming discord_krisp@1 to /home/vylssius/.config/discord/0.0.40/modules/pending/discord_krisp-1.zip: 1%
2024-01-20T00:32:08.203Z [Modules] Streaming discord_krisp@1 to /home/vylssius/.config/discord/0.0.40/modules/pending/discord_krisp-1.zip: 2%
2024-01-20T00:32:08.207Z [Modules] Streaming discord_krisp@1 to /home/vylssius/.config/discord/0.0.40/modules/pending/discord_krisp-1.zip: 3%
2024-01-20T00:32:08.211Z [Modules] Streaming discord_krisp@1 to /home/vylssius/.config/discord/0.0.40/modules/pending/discord_krisp-1.zip: 4%
2024-01-20T00:32:08.214Z [Modules] Streaming discord_krisp@1 to /home/vylssius/.config/discord/0.0.40/modules/pending/discord_krisp-1.zip: 5%
2024-01-20T00:32:08.217Z [Modules] Streaming discord_krisp@1 to /home/vylssius/.config/discord/0.0.40/modules/pending/discord_krisp-1.zip: 6%
2024-01-20T00:32:08.221Z [Modules] Streaming discord_krisp@1 to /home/vylssius/.config/discord/0.0.40/modules/pending/discord_krisp-1.zip: 7%
2024-01-20T00:32:08.225Z [Modules] Streaming discord_krisp@1 to /home/vylssius/.config/discord/0.0.40/modules/pending/discord_krisp-1.zip: 8%
2024-01-20T00:32:08.227Z [Modules] Streaming discord_krisp@1 to /home/vylssius/.config/discord/0.0.40/modules/pending/discord_krisp-1.zip: 9%
2024-01-20T00:32:08.311Z [Modules] Streaming discord_krisp@1 to /home/vylssius/.config/discord/0.0.40/modules/pending/discord_krisp-1.zip: 10%
2024-01-20T00:32:08.312Z [Modules] Streaming discord_krisp@1 to /home/vylssius/.config/discord/0.0.40/modules/pending/discord_krisp-1.zip: 11%
2024-01-20T00:32:08.312Z [Modules] Streaming discord_krisp@1 to /home/vylssius/.config/discord/0.0.40/modules/pending/discord_krisp-1.zip: 12%
2024-01-20T00:32:08.313Z [Modules] Streaming discord_krisp@1 to /home/vylssius/.config/discord/0.0.40/modules/pending/discord_krisp-1.zip: 13%
2024-01-20T00:32:08.313Z [Modules] Streaming discord_krisp@1 to /home/vylssius/.config/discord/0.0.40/modules/pending/discord_krisp-1.zip: 14%
2024-01-20T00:32:08.313Z [Modules] Streaming discord_krisp@1 to /home/vylssius/.config/discord/0.0.40/modules/pending/discord_krisp-1.zip: 15%
2024-01-20T00:32:08.314Z [Modules] Streaming discord_krisp@1 to /home/vylssius/.config/discord/0.0.40/modules/pending/discord_krisp-1.zip: 16%
2024-01-20T00:32:08.314Z [Modules] Streaming discord_krisp@1 to /home/vylssius/.config/discord/0.0.40/modules/pending/discord_krisp-1.zip: 17%
2024-01-20T00:32:08.315Z [Modules] Streaming discord_krisp@1 to /home/vylssius/.config/discord/0.0.40/modules/pending/discord_krisp-1.zip: 18%
2024-01-20T00:32:08.325Z [Modules] Streaming discord_krisp@1 to /home/vylssius/.config/discord/0.0.40/modules/pending/discord_krisp-1.zip: 19%
2024-01-20T00:32:08.325Z [Modules] Streaming discord_krisp@1 to /home/vylssius/.config/discord/0.0.40/modules/pending/discord_krisp-1.zip: 20%
2024-01-20T00:32:08.325Z [Modules] Streaming discord_krisp@1 to /home/vylssius/.config/discord/0.0.40/modules/pending/discord_krisp-1.zip: 21%
2024-01-20T00:32:08.325Z [Modules] Streaming discord_krisp@1 to /home/vylssius/.config/discord/0.0.40/modules/pending/discord_krisp-1.zip: 22%
2024-01-20T00:32:08.326Z [Modules] Streaming discord_krisp@1 to /home/vylssius/.config/discord/0.0.40/modules/pending/discord_krisp-1.zip: 23%
2024-01-20T00:32:08.326Z [Modules] Streaming discord_krisp@1 to /home/vylssius/.config/discord/0.0.40/modules/pending/discord_krisp-1.zip: 24%
2024-01-20T00:32:08.326Z [Modules] Streaming discord_krisp@1 to /home/vylssius/.config/discord/0.0.40/modules/pending/discord_krisp-1.zip: 25%
2024-01-20T00:32:08.326Z [Modules] Streaming discord_krisp@1 to /home/vylssius/.config/discord/0.0.40/modules/pending/discord_krisp-1.zip: 26%
2024-01-20T00:32:08.330Z [Modules] Streaming discord_krisp@1 to /home/vylssius/.config/discord/0.0.40/modules/pending/discord_krisp-1.zip: 27%
2024-01-20T00:32:08.331Z [Modules] Streaming discord_krisp@1 to /home/vylssius/.config/discord/0.0.40/modules/pending/discord_krisp-1.zip: 28%
2024-01-20T00:32:08.331Z [Modules] Streaming discord_krisp@1 to /home/vylssius/.config/discord/0.0.40/modules/pending/discord_krisp-1.zip: 29%
2024-01-20T00:32:08.333Z [Modules] Streaming discord_krisp@1 to /home/vylssius/.config/discord/0.0.40/modules/pending/discord_krisp-1.zip: 30%
2024-01-20T00:32:08.336Z [Modules] Streaming discord_krisp@1 to /home/vylssius/.config/discord/0.0.40/modules/pending/discord_krisp-1.zip: 31%
2024-01-20T00:32:08.340Z [Modules] Streaming discord_krisp@1 to /home/vylssius/.config/discord/0.0.40/modules/pending/discord_krisp-1.zip: 32%
2024-01-20T00:32:08.343Z [Modules] Streaming discord_krisp@1 to /home/vylssius/.config/discord/0.0.40/modules/pending/discord_krisp-1.zip: 33%
2024-01-20T00:32:08.348Z [Modules] Streaming discord_krisp@1 to /home/vylssius/.config/discord/0.0.40/modules/pending/discord_krisp-1.zip: 34%
2024-01-20T00:32:08.351Z [Modules] Streaming discord_krisp@1 to /home/vylssius/.config/discord/0.0.40/modules/pending/discord_krisp-1.zip: 35%
2024-01-20T00:32:08.355Z [Modules] Streaming discord_krisp@1 to /home/vylssius/.config/discord/0.0.40/modules/pending/discord_krisp-1.zip: 36%
2024-01-20T00:32:08.376Z [Modules] Streaming discord_krisp@1 to /home/vylssius/.config/discord/0.0.40/modules/pending/discord_krisp-1.zip: 37%
2024-01-20T00:32:08.377Z [Modules] Streaming discord_krisp@1 to /home/vylssius/.config/discord/0.0.40/modules/pending/discord_krisp-1.zip: 38%
2024-01-20T00:32:08.377Z [Modules] Streaming discord_krisp@1 to /home/vylssius/.config/discord/0.0.40/modules/pending/discord_krisp-1.zip: 39%
2024-01-20T00:32:08.383Z [Modules] Streaming discord_krisp@1 to /home/vylssius/.config/discord/0.0.40/modules/pending/discord_krisp-1.zip: 40%
2024-01-20T00:32:08.383Z [Modules] Streaming discord_krisp@1 to /home/vylssius/.config/discord/0.0.40/modules/pending/discord_krisp-1.zip: 41%
2024-01-20T00:32:08.504Z [Modules] Checking for host updates.
2024-01-20T00:32:08.550Z [Modules] Starting to install discord_rpc...
2024-01-20T00:32:08.603Z [Modules] Streaming discord_krisp@1 to /home/vylssius/.config/discord/0.0.40/modules/pending/discord_krisp-1.zip: 42%
2024-01-20T00:32:08.606Z [Modules] Streaming discord_krisp@1 to /home/vylssius/.config/discord/0.0.40/modules/pending/discord_krisp-1.zip: 43%
2024-01-20T00:32:08.610Z [Modules] Streaming discord_krisp@1 to /home/vylssius/.config/discord/0.0.40/modules/pending/discord_krisp-1.zip: 44%
2024-01-20T00:32:08.612Z [Modules] Streaming discord_krisp@1 to /home/vylssius/.config/discord/0.0.40/modules/pending/discord_krisp-1.zip: 45%
2024-01-20T00:32:08.616Z [Modules] Streaming discord_krisp@1 to /home/vylssius/.config/discord/0.0.40/modules/pending/discord_krisp-1.zip: 46%
2024-01-20T00:32:08.619Z [Modules] Streaming discord_krisp@1 to /home/vylssius/.config/discord/0.0.40/modules/pending/discord_krisp-1.zip: 47%
2024-01-20T00:32:08.622Z [Modules] Streaming discord_krisp@1 to /home/vylssius/.config/discord/0.0.40/modules/pending/discord_krisp-1.zip: 48%
2024-01-20T00:32:08.625Z [Modules] Streaming discord_krisp@1 to /home/vylssius/.config/discord/0.0.40/modules/pending/discord_krisp-1.zip: 49%
2024-01-20T00:32:08.629Z [Modules] Streaming discord_krisp@1 to /home/vylssius/.config/discord/0.0.40/modules/pending/discord_krisp-1.zip: 50%
2024-01-20T00:32:08.633Z [Modules] Streaming discord_krisp@1 to /home/vylssius/.config/discord/0.0.40/modules/pending/discord_krisp-1.zip: 51%
2024-01-20T00:32:08.636Z [Modules] Streaming discord_krisp@1 to /home/vylssius/.config/discord/0.0.40/modules/pending/discord_krisp-1.zip: 52%
2024-01-20T00:32:08.641Z [Modules] Streaming discord_krisp@1 to /home/vylssius/.config/discord/0.0.40/modules/pending/discord_krisp-1.zip: 53%
2024-01-20T00:32:08.644Z [Modules] Streaming discord_krisp@1 to /home/vylssius/.config/discord/0.0.40/modules/pending/discord_krisp-1.zip: 54%
2024-01-20T00:32:08.648Z [Modules] Streaming discord_krisp@1 to /home/vylssius/.config/discord/0.0.40/modules/pending/discord_krisp-1.zip: 55%
2024-01-20T00:32:08.651Z [Modules] Streaming discord_krisp@1 to /home/vylssius/.config/discord/0.0.40/modules/pending/discord_krisp-1.zip: 56%
2024-01-20T00:32:08.655Z [Modules] Streaming discord_krisp@1 to /home/vylssius/.config/discord/0.0.40/modules/pending/discord_krisp-1.zip: 57%
2024-01-20T00:32:08.658Z [Modules] Streaming discord_krisp@1 to /home/vylssius/.config/discord/0.0.40/modules/pending/discord_krisp-1.zip: 58%
2024-01-20T00:32:08.660Z [Modules] Streaming discord_krisp@1 to /home/vylssius/.config/discord/0.0.40/modules/pending/discord_krisp-1.zip: 59%
2024-01-20T00:32:08.664Z [Modules] Streaming discord_krisp@1 to /home/vylssius/.config/discord/0.0.40/modules/pending/discord_krisp-1.zip: 60%
2024-01-20T00:32:08.667Z [Modules] Streaming discord_krisp@1 to /home/vylssius/.config/discord/0.0.40/modules/pending/discord_krisp-1.zip: 61%
2024-01-20T00:32:08.671Z [Modules] Streaming discord_krisp@1 to /home/vylssius/.config/discord/0.0.40/modules/pending/discord_krisp-1.zip: 62%
2024-01-20T00:32:08.674Z [Modules] Streaming discord_krisp@1 to /home/vylssius/.config/discord/0.0.40/modules/pending/discord_krisp-1.zip: 63%
2024-01-20T00:32:08.679Z [Modules] Streaming discord_krisp@1 to /home/vylssius/.config/discord/0.0.40/modules/pending/discord_krisp-1.zip: 64%
2024-01-20T00:32:08.681Z [Modules] Streaming discord_krisp@1 to /home/vylssius/.config/discord/0.0.40/modules/pending/discord_krisp-1.zip: 65%
2024-01-20T00:32:08.685Z [Modules] Streaming discord_krisp@1 to /home/vylssius/.config/discord/0.0.40/modules/pending/discord_krisp-1.zip: 66%
2024-01-20T00:32:08.688Z [Modules] Streaming discord_krisp@1 to /home/vylssius/.config/discord/0.0.40/modules/pending/discord_krisp-1.zip: 67%
2024-01-20T00:32:08.692Z [Modules] Streaming discord_krisp@1 to /home/vylssius/.config/discord/0.0.40/modules/pending/discord_krisp-1.zip: 68%
2024-01-20T00:32:08.696Z [Modules] Streaming discord_krisp@1 to /home/vylssius/.config/discord/0.0.40/modules/pending/discord_krisp-1.zip: 69%
2024-01-20T00:32:08.699Z [Modules] Streaming discord_krisp@1 to /home/vylssius/.config/discord/0.0.40/modules/pending/discord_krisp-1.zip: 70%
2024-01-20T00:32:08.702Z [Modules] Streaming discord_krisp@1 to /home/vylssius/.config/discord/0.0.40/modules/pending/discord_krisp-1.zip: 71%
2024-01-20T00:32:08.705Z [Modules] Streaming discord_krisp@1 to /home/vylssius/.config/discord/0.0.40/modules/pending/discord_krisp-1.zip: 72%
2024-01-20T00:32:08.709Z [Modules] Streaming discord_krisp@1 to /home/vylssius/.config/discord/0.0.40/modules/pending/discord_krisp-1.zip: 73%
2024-01-20T00:32:08.712Z [Modules] Streaming discord_krisp@1 to /home/vylssius/.config/discord/0.0.40/modules/pending/discord_krisp-1.zip: 74%
2024-01-20T00:32:08.717Z [Modules] Streaming discord_krisp@1 to /home/vylssius/.config/discord/0.0.40/modules/pending/discord_krisp-1.zip: 75%
2024-01-20T00:32:08.718Z [Modules] Host is up to date.
2024-01-20T00:32:08.718Z [Modules] Checking for module updates at https://discord.com/api/modules/stable/versions.json
2024-01-20T00:32:08.719Z [Modules] Streaming discord_krisp@1 to /home/vylssius/.config/discord/0.0.40/modules/pending/discord_krisp-1.zip: 76%
2024-01-20T00:32:08.720Z [Modules] No module updates available.
2024-01-20T00:32:08.723Z [Modules] Streaming discord_krisp@1 to /home/vylssius/.config/discord/0.0.40/modules/pending/discord_krisp-1.zip: 77%
2024-01-20T00:32:08.726Z [Modules] Streaming discord_krisp@1 to /home/vylssius/.config/discord/0.0.40/modules/pending/discord_krisp-1.zip: 78%
2024-01-20T00:32:08.728Z [Modules] Streaming discord_krisp@1 to /home/vylssius/.config/discord/0.0.40/modules/pending/discord_krisp-1.zip: 79%
2024-01-20T00:32:08.733Z [Modules] Streaming discord_krisp@1 to /home/vylssius/.config/discord/0.0.40/modules/pending/discord_krisp-1.zip: 80%
2024-01-20T00:32:08.736Z [Modules] Streaming discord_krisp@1 to /home/vylssius/.config/discord/0.0.40/modules/pending/discord_krisp-1.zip: 81%
2024-01-20T00:32:08.739Z [Modules] Streaming discord_krisp@1 to /home/vylssius/.config/discord/0.0.40/modules/pending/discord_krisp-1.zip: 82%
2024-01-20T00:32:08.772Z [Modules] Streaming discord_krisp@1 to /home/vylssius/.config/discord/0.0.40/modules/pending/discord_krisp-1.zip: 83%
2024-01-20T00:32:08.775Z [Modules] Streaming discord_krisp@1 to /home/vylssius/.config/discord/0.0.40/modules/pending/discord_krisp-1.zip: 84%
2024-01-20T00:32:08.779Z [Modules] Streaming discord_krisp@1 to /home/vylssius/.config/discord/0.0.40/modules/pending/discord_krisp-1.zip: 85%
2024-01-20T00:32:08.782Z [Modules] Streaming discord_krisp@1 to /home/vylssius/.config/discord/0.0.40/modules/pending/discord_krisp-1.zip: 86%
2024-01-20T00:32:08.786Z [Modules] Streaming discord_krisp@1 to /home/vylssius/.config/discord/0.0.40/modules/pending/discord_krisp-1.zip: 87%
2024-01-20T00:32:08.789Z [Modules] Streaming discord_krisp@1 to /home/vylssius/.config/discord/0.0.40/modules/pending/discord_krisp-1.zip: 88%
2024-01-20T00:32:08.792Z [Modules] Streaming discord_krisp@1 to /home/vylssius/.config/discord/0.0.40/modules/pending/discord_krisp-1.zip: 89%
2024-01-20T00:32:08.796Z [Modules] Streaming discord_krisp@1 to /home/vylssius/.config/discord/0.0.40/modules/pending/discord_krisp-1.zip: 90%
2024-01-20T00:32:08.799Z [Modules] Streaming discord_krisp@1 to /home/vylssius/.config/discord/0.0.40/modules/pending/discord_krisp-1.zip: 91%
2024-01-20T00:32:08.802Z [Modules] Streaming discord_krisp@1 to /home/vylssius/.config/discord/0.0.40/modules/pending/discord_krisp-1.zip: 92%
2024-01-20T00:32:08.806Z [Modules] Streaming discord_krisp@1 to /home/vylssius/.config/discord/0.0.40/modules/pending/discord_krisp-1.zip: 93%
2024-01-20T00:32:08.810Z [Modules] Streaming discord_krisp@1 to /home/vylssius/.config/discord/0.0.40/modules/pending/discord_krisp-1.zip: 94%
2024-01-20T00:32:08.813Z [Modules] Streaming discord_krisp@1 to /home/vylssius/.config/discord/0.0.40/modules/pending/discord_krisp-1.zip: 95%
2024-01-20T00:32:08.816Z [Modules] Streaming discord_krisp@1 to /home/vylssius/.config/discord/0.0.40/modules/pending/discord_krisp-1.zip: 96%
2024-01-20T00:32:08.819Z [Modules] Streaming discord_krisp@1 to /home/vylssius/.config/discord/0.0.40/modules/pending/discord_krisp-1.zip: 97%
2024-01-20T00:32:08.823Z [Modules] Streaming discord_krisp@1 to /home/vylssius/.config/discord/0.0.40/modules/pending/discord_krisp-1.zip: 98%
2024-01-20T00:32:08.826Z [Modules] Streaming discord_krisp@1 to /home/vylssius/.config/discord/0.0.40/modules/pending/discord_krisp-1.zip: 99%
2024-01-20T00:32:08.829Z [Modules] Streaming discord_krisp@1 to /home/vylssius/.config/discord/0.0.40/modules/pending/discord_krisp-1.zip: 100%
2024-01-20T00:32:08.830Z [Modules] Fetching discord_game_utils@1 from https://discord.com/api/modules/stable/discord_game_utils/1
2024-01-20T00:32:08.830Z [Modules] Streaming discord_game_utils@1 to /home/vylssius/.config/discord/0.0.40/modules/pending/discord_game_utils-1.zip
2024-01-20T00:32:08.830Z [Modules] Installing discord_krisp@1 from /home/vylssius/.config/discord/0.0.40/modules/pending/discord_krisp-1.zip
2024-01-20T00:32:08.958Z [Modules] Streaming discord_game_utils@1 to /home/vylssius/.config/discord/0.0.40/modules/pending/discord_game_utils-1.zip: 2%
2024-01-20T00:32:08.959Z [Modules] Streaming discord_game_utils@1 to /home/vylssius/.config/discord/0.0.40/modules/pending/discord_game_utils-1.zip: 3%
2024-01-20T00:32:08.959Z [Modules] Streaming discord_game_utils@1 to /home/vylssius/.config/discord/0.0.40/modules/pending/discord_game_utils-1.zip: 6%
2024-01-20T00:32:08.960Z [Modules] Streaming discord_game_utils@1 to /home/vylssius/.config/discord/0.0.40/modules/pending/discord_game_utils-1.zip: 9%
2024-01-20T00:32:08.962Z [Modules] Streaming discord_game_utils@1 to /home/vylssius/.config/discord/0.0.40/modules/pending/discord_game_utils-1.zip: 11%
2024-01-20T00:32:08.963Z [Modules] Streaming discord_game_utils@1 to /home/vylssius/.config/discord/0.0.40/modules/pending/discord_game_utils-1.zip: 16%
2024-01-20T00:32:08.964Z [Modules] Streaming discord_game_utils@1 to /home/vylssius/.config/discord/0.0.40/modules/pending/discord_game_utils-1.zip: 19%
2024-01-20T00:32:08.965Z [Modules] Streaming discord_game_utils@1 to /home/vylssius/.config/discord/0.0.40/modules/pending/discord_game_utils-1.zip: 22%
2024-01-20T00:32:08.966Z [Modules] Streaming discord_game_utils@1 to /home/vylssius/.config/discord/0.0.40/modules/pending/discord_game_utils-1.zip: 24%
2024-01-20T00:32:08.967Z [Modules] Streaming discord_game_utils@1 to /home/vylssius/.config/discord/0.0.40/modules/pending/discord_game_utils-1.zip: 25%
2024-01-20T00:32:08.970Z [Modules] Streaming discord_game_utils@1 to /home/vylssius/.config/discord/0.0.40/modules/pending/discord_game_utils-1.zip: 28%
2024-01-20T00:32:08.971Z [Modules] Streaming discord_game_utils@1 to /home/vylssius/.config/discord/0.0.40/modules/pending/discord_game_utils-1.zip: 31%
2024-01-20T00:32:08.972Z [Modules] Streaming discord_game_utils@1 to /home/vylssius/.config/discord/0.0.40/modules/pending/discord_game_utils-1.zip: 33%
2024-01-20T00:32:08.973Z [Modules] Streaming discord_game_utils@1 to /home/vylssius/.config/discord/0.0.40/modules/pending/discord_game_utils-1.zip: 36%
2024-01-20T00:32:08.973Z [Modules] Streaming discord_game_utils@1 to /home/vylssius/.config/discord/0.0.40/modules/pending/discord_game_utils-1.zip: 38%
2024-01-20T00:32:08.974Z [Modules] Streaming discord_game_utils@1 to /home/vylssius/.config/discord/0.0.40/modules/pending/discord_game_utils-1.zip: 41%
2024-01-20T00:32:08.975Z [Modules] Streaming discord_game_utils@1 to /home/vylssius/.config/discord/0.0.40/modules/pending/discord_game_utils-1.zip: 44%
2024-01-20T00:32:08.976Z [Modules] Streaming discord_game_utils@1 to /home/vylssius/.config/discord/0.0.40/modules/pending/discord_game_utils-1.zip: 46%
2024-01-20T00:32:08.977Z [Modules] Streaming discord_game_utils@1 to /home/vylssius/.config/discord/0.0.40/modules/pending/discord_game_utils-1.zip: 49%
2024-01-20T00:32:08.978Z [Modules] Streaming discord_game_utils@1 to /home/vylssius/.config/discord/0.0.40/modules/pending/discord_game_utils-1.zip: 51%
2024-01-20T00:32:08.979Z [Modules] Streaming discord_game_utils@1 to /home/vylssius/.config/discord/0.0.40/modules/pending/discord_game_utils-1.zip: 54%
2024-01-20T00:32:08.980Z [Modules] Streaming discord_game_utils@1 to /home/vylssius/.config/discord/0.0.40/modules/pending/discord_game_utils-1.zip: 57%
2024-01-20T00:32:08.981Z [Modules] Streaming discord_game_utils@1 to /home/vylssius/.config/discord/0.0.40/modules/pending/discord_game_utils-1.zip: 59%
2024-01-20T00:32:08.982Z [Modules] Streaming discord_game_utils@1 to /home/vylssius/.config/discord/0.0.40/modules/pending/discord_game_utils-1.zip: 62%
2024-01-20T00:32:08.983Z [Modules] Streaming discord_game_utils@1 to /home/vylssius/.config/discord/0.0.40/modules/pending/discord_game_utils-1.zip: 64%
2024-01-20T00:32:08.985Z [Modules] Streaming discord_game_utils@1 to /home/vylssius/.config/discord/0.0.40/modules/pending/discord_game_utils-1.zip: 67%
2024-01-20T00:32:08.986Z [Modules] Streaming discord_game_utils@1 to /home/vylssius/.config/discord/0.0.40/modules/pending/discord_game_utils-1.zip: 70%
2024-01-20T00:32:08.986Z [Modules] Streaming discord_game_utils@1 to /home/vylssius/.config/discord/0.0.40/modules/pending/discord_game_utils-1.zip: 72%
2024-01-20T00:32:08.987Z [Modules] Streaming discord_game_utils@1 to /home/vylssius/.config/discord/0.0.40/modules/pending/discord_game_utils-1.zip: 75%
2024-01-20T00:32:08.988Z [Modules] Streaming discord_game_utils@1 to /home/vylssius/.config/discord/0.0.40/modules/pending/discord_game_utils-1.zip: 77%
2024-01-20T00:32:08.989Z [Modules] Streaming discord_game_utils@1 to /home/vylssius/.config/discord/0.0.40/modules/pending/discord_game_utils-1.zip: 80%
2024-01-20T00:32:08.990Z [Modules] Streaming discord_game_utils@1 to /home/vylssius/.config/discord/0.0.40/modules/pending/discord_game_utils-1.zip: 83%
2024-01-20T00:32:08.992Z [Modules] Streaming discord_game_utils@1 to /home/vylssius/.config/discord/0.0.40/modules/pending/discord_game_utils-1.zip: 86%
2024-01-20T00:32:08.992Z [Modules] Streaming discord_game_utils@1 to /home/vylssius/.config/discord/0.0.40/modules/pending/discord_game_utils-1.zip: 89%
2024-01-20T00:32:08.993Z [Modules] Streaming discord_game_utils@1 to /home/vylssius/.config/discord/0.0.40/modules/pending/discord_game_utils-1.zip: 92%
2024-01-20T00:32:08.994Z [Modules] Streaming discord_game_utils@1 to /home/vylssius/.config/discord/0.0.40/modules/pending/discord_game_utils-1.zip: 94%
2024-01-20T00:32:08.995Z [Modules] Streaming discord_game_utils@1 to /home/vylssius/.config/discord/0.0.40/modules/pending/discord_game_utils-1.zip: 97%
2024-01-20T00:32:08.996Z [Modules] Streaming discord_game_utils@1 to /home/vylssius/.config/discord/0.0.40/modules/pending/discord_game_utils-1.zip: 99%
2024-01-20T00:32:08.996Z [Modules] Streaming discord_game_utils@1 to /home/vylssius/.config/discord/0.0.40/modules/pending/discord_game_utils-1.zip: 100%
2024-01-20T00:32:08.997Z [Modules] Fetching discord_rpc@1 from https://discord.com/api/modules/stable/discord_rpc/1
2024-01-20T00:32:08.997Z [Modules] Streaming discord_rpc@1 to /home/vylssius/.config/discord/0.0.40/modules/pending/discord_rpc-1.zip
2024-01-20T00:32:09.115Z [Modules] Streaming discord_rpc@1 to /home/vylssius/.config/discord/0.0.40/modules/pending/discord_rpc-1.zip: 100%
2024-01-20T00:32:09.116Z [Modules] Finished module downloads. [success: 3] [failure: 0]
2024-01-20T00:32:09.233Z [Modules] Installing discord_game_utils@1 from /home/vylssius/.config/discord/0.0.40/modules/pending/discord_game_utils-1.zip
2024-01-20T00:32:09.266Z [Modules] Installing discord_rpc@1 from /home/vylssius/.config/discord/0.0.40/modules/pending/discord_rpc-1.zip
2024-01-20T00:32:09.271Z [Modules] Finished module installations. [success: 3] [failure: 0]
2024-01-20T01:51:39.435Z [Modules] Modules initializing
2024-01-20T01:51:39.436Z [Modules] Distribution: remote
2024-01-20T01:51:39.436Z [Modules] Host updates: enabled
2024-01-20T01:51:39.436Z [Modules] Module updates: enabled
2024-01-20T01:51:39.436Z [Modules] Module install path: /home/vylssius/.config/discord/0.0.40/modules
2024-01-20T01:51:39.436Z [Modules] Module installed file path: /home/vylssius/.config/discord/0.0.40/modules/installed.json
2024-01-20T01:51:39.436Z [Modules] Module download path: /home/vylssius/.config/discord/0.0.40/modules/pending
2024-01-20T01:51:39.603Z [Modules] No updates to install
2024-01-20T01:51:39.603Z [Modules] Checking for host updates.
2024-01-20T01:51:39.804Z [Modules] Host is up to date.
2024-01-20T01:51:39.805Z [Modules] Checking for module updates at https://discord.com/api/modules/stable/versions.json
2024-01-20T01:51:39.857Z [Modules] No module updates available.
2024-01-20T01:51:41.482Z [Modules] Checking for host updates.
2024-01-20T01:51:41.599Z [Modules] Host is up to date.
2024-01-20T01:51:41.599Z [Modules] Checking for module updates at https://discord.com/api/modules/stable/versions.json
2024-01-20T01:51:41.600Z [Modules] No module updates available.
