[ 05/04/2023 16:47:25.005 parse_config_libconfig WARN ] The refresh-rate option has been deprecated. Please remove it from your configuration file. If you encounter any problems without this feature, please feel free to open a bug report
Failed to start bluetooth.service: Interactive authentication required.
See system logs and 'systemctl status bluetooth.service' for details.
polybar-msg: No active ipc channels
polybar|error: module/mpd: Connection refused
polybar|error: Disabling module "network" (reason: Invalid network interface "wlan0")
polybar|error: Disabling module "temperature" (reason: The file '/sys/devices/pci0000:00/0000:00:01.3/0000:01:00.0/hwmon/hwmon0/temp1_input' does not exist)
polybar|error: Disabling module "volume" (reason: Cannot find simple element)
polybar|error: Disabling module "brightness" (reason: The file '/sys/class/backlight/amdgpu_bl0/brightness' does not exist)
polybar|error: module/mpd: Connection refused
polybar|error: module/mpd: Connection refused
polybar|error: module/mpd: Connection refused
polybar|error: module/mpd: Connection refused
polybar|error: module/mpd: Connection refused
polybar|error: module/mpd: Connection refused
ATTENTION: default value of option mesa_glthread overridden by environment.
ATTENTION: default value of option mesa_glthread overridden by environment.
ATTENTION: default value of option mesa_glthread overridden by environment.
polybar|error: module/mpd: Connection refused
[ERROR glean_core] Error setting metrics feature config: Json(Error("EOF while parsing a value", line: 1, column: 0))
polybar|error: module/mpd: Connection refused
polybar|error: module/mpd: Connection refused
polybar|error: module/mpd: Connection refused
polybar|error: module/mpd: Connection refused
polybar|error: module/mpd: Connection refused
polybar|error: module/mpd: Connection refused
polybar|error: module/mpd: Connection refused
polybar|error: module/mpd: Connection refused
polybar|error: module/mpd: Connection refused
polybar|error: module/mpd: Connection refused
polybar|error: module/mpd: Connection refused
polybar|error: module/mpd: Connection refused
polybar|error: module/mpd: Connection refused
polybar|error: module/mpd: Connection refused
polybar|error: module/mpd: Connection refused
polybar|error: module/mpd: Connection refused
polybar|error: module/mpd: Connection refused
polybar|error: module/mpd: Connection refused
polybar|error: module/mpd: Connection refused
polybar|error: module/mpd: Connection refused
polybar|error: module/mpd: Connection refused
polybar|error: module/mpd: Connection refused
polybar|error: module/mpd: Connection refused
polybar|error: module/mpd: Connection refused
polybar|error: module/mpd: Connection refused
polybar|error: module/mpd: Connection refused
polybar|error: module/mpd: Connection refused
polybar|error: module/mpd: Connection refused
polybar|error: module/mpd: Connection refused
polybar|error: module/mpd: Connection refused
polybar|error: module/mpd: Connection refused
polybar|error: module/mpd: Connection refused
polybar|error: module/mpd: Connection refused
polybar|error: module/mpd: Connection refused
polybar|error: module/mpd: Connection refused
polybar|error: module/mpd: Connection refused
polybar|error: module/mpd: Connection refused
polybar|error: module/mpd: Connection refused
polybar|error: module/mpd: Connection refused
polybar|error: module/mpd: Connection refused
polybar|error: module/mpd: Connection refused
polybar|error: module/mpd: Connection refused
polybar|error: module/mpd: Connection refused
polybar|error: module/mpd: Connection refused
polybar|error: module/mpd: Connection refused
polybar|error: module/mpd: Connection refused
polybar|error: module/mpd: Connection refused
polybar|error: module/mpd: Connection refused
polybar|error: module/mpd: Connection refused
polybar|error: module/mpd: Connection refused
polybar|error: module/mpd: Connection refused
polybar|error: module/mpd: Connection refused
polybar|error: module/mpd: Connection refused
polybar|error: module/mpd: Connection refused
polybar|error: module/mpd: Connection refused
polybar|error: module/mpd: Connection refused
polybar|error: module/mpd: Connection refused
polybar|error: module/mpd: Connection refused
[124 16:49:27.241018] [PARSE ERROR] Unknown OSC code: 13
[124 16:49:27.241078] [PARSE ERROR] Unknown OSC code: 708
[124 16:49:27.241316] [PARSE ERROR] Unknown OSC code: 13
[124 16:49:27.241353] [PARSE ERROR] Unknown OSC code: 708
polybar|error: module/mpd: Connection refused
polybar|error: module/mpd: Connection refused
[124 16:49:31.737245] Escape codes to resize text area are not supported
polybar|error: module/mpd: Connection refused
polybar|error: module/mpd: Connection refused
polybar|error: module/mpd: Connection refused
polybar|error: module/mpd: Connection refused
polybar|error: module/mpd: Connection refused
polybar|error: module/mpd: Connection refused
[124 16:49:44.617395] Escape codes to resize text area are not supported
polybar|error: module/mpd: Connection refused
polybar|error: module/mpd: Connection refused
polybar|error: module/mpd: Connection refused
polybar|error: module/mpd: Connection refused
polybar|error: module/mpd: Connection refused
polybar|error: module/mpd: Connection refused
polybar|error: module/mpd: Connection refused
polybar|error: module/mpd: Connection refused
polybar|error: module/mpd: Connection refused
polybar|error: module/mpd: Connection refused
polybar|error: module/mpd: Connection refused
polybar|error: module/mpd: Connection refused
polybar|error: module/mpd: Connection refused
polybar|error: module/mpd: Connection refused
polybar|error: module/mpd: Connection refused
polybar|error: module/mpd: Connection refused
polybar|error: module/mpd: Connection refused
polybar|error: module/mpd: Connection refused
polybar|error: module/mpd: Connection refused
polybar|error: module/mpd: Connection refused
polybar|error: module/mpd: Connection refused
polybar|error: module/mpd: Connection refused
polybar|error: module/mpd: Connection refused
polybar|error: module/mpd: Connection refused
polybar|error: module/mpd: Connection refused
polybar|error: module/mpd: Connection refused
polybar|error: module/mpd: Connection refused
[124 16:50:38.286616] Escape codes to resize text area are not supported
polybar|error: module/mpd: Connection refused
polybar|error: module/mpd: Connection refused
polybar|error: module/mpd: Connection refused
polybar|error: module/mpd: Connection refused
polybar|error: module/mpd: Connection refused
polybar|error: module/mpd: Connection refused
polybar|error: module/mpd: Connection refused
polybar|error: module/mpd: Connection refused
polybar|error: module/mpd: Connection refused
polybar|error: module/mpd: Connection refused
polybar|error: module/mpd: Connection refused
polybar|error: module/mpd: Connection refused
polybar|error: module/mpd: Connection refused
polybar|error: module/mpd: Connection refused
polybar|error: module/mpd: Connection refused
polybar|error: module/mpd: Connection refused
polybar|error: module/mpd: Connection refused
polybar|error: module/mpd: Connection refused
polybar|error: module/mpd: Connection refused
polybar|error: module/mpd: Connection refused
polybar|error: module/mpd: Connection refused
polybar|error: module/mpd: Connection refused
polybar|error: module/mpd: Connection refused
polybar|error: module/mpd: Connection refused
polybar|error: module/mpd: Connection refused
polybar|error: module/mpd: Connection refused
polybar|error: module/mpd: Connection refused
polybar|error: module/mpd: Connection refused
polybar|error: module/mpd: Connection refused
polybar|error: module/mpd: Connection refused
polybar|error: module/mpd: Connection refused
polybar|error: module/mpd: Connection refused
polybar|error: module/mpd: Connection refused
polybar|error: module/mpd: Connection refused
polybar|error: module/mpd: Connection refused
polybar|error: module/mpd: Connection refused
[124 16:51:50.171192] Escape codes to resize text area are not supported
polybar|error: module/mpd: Connection refused
polybar|error: module/mpd: Connection refused
polybar|error: module/mpd: Connection refused
polybar|error: module/mpd: Connection refused
polybar|error: module/mpd: Connection refused
polybar|error: module/mpd: Connection refused
polybar|error: module/mpd: Connection refused
polybar|error: module/mpd: Connection refused
polybar|error: module/mpd: Connection refused
polybar|error: module/mpd: Connection refused
polybar|error: module/mpd: Connection refused
polybar|error: module/mpd: Connection refused
polybar|error: module/mpd: Connection refused
polybar|error: module/mpd: Connection refused
polybar|error: module/mpd: Connection refused
polybar|error: module/mpd: Connection refused
polybar|error: module/mpd: Connection refused
polybar|error: module/mpd: Connection refused
polybar|error: module/mpd: Connection refused
polybar|error: module/mpd: Connection refused
polybar|error: module/mpd: Connection refused
polybar|error: module/mpd: Connection refused
polybar|error: module/mpd: Connection refused
polybar|error: module/mpd: Connection refused
polybar|error: module/mpd: Connection refused
polybar|error: module/mpd: Connection refused
polybar|error: module/mpd: Connection refused
polybar|error: module/mpd: Connection refused
polybar|error: module/mpd: Connection refused
polybar|error: module/mpd: Connection refused
polybar|error: module/mpd: Connection refused
polybar|error: module/mpd: Connection refused
polybar|error: module/mpd: Connection refused
polybar|error: module/mpd: Connection refused
polybar|error: module/mpd: Connection refused
polybar|error: module/mpd: Connection refused
polybar|error: module/mpd: Connection refused
polybar|error: module/mpd: Connection refused
polybar|error: module/mpd: Connection refused
polybar|error: module/mpd: Connection refused
polybar|error: module/mpd: Connection refused
polybar|error: module/mpd: Connection refused
polybar|error: module/mpd: Connection refused
polybar|error: module/mpd: Connection refused
polybar|error: module/mpd: Connection refused
polybar|error: module/mpd: Connection refused
polybar|error: module/mpd: Connection refused
polybar|error: module/mpd: Connection refused
polybar|error: module/mpd: Connection refused
polybar|error: module/mpd: Connection refused
polybar|error: module/mpd: Connection refused
polybar|error: module/mpd: Connection refused
polybar|error: module/mpd: Connection refused
polybar|error: module/mpd: Connection refused
polybar|error: module/mpd: Connection refused
polybar|error: module/mpd: Connection refused
polybar|error: module/mpd: Connection refused
polybar|error: module/mpd: Connection refused
polybar|error: module/mpd: Connection refused
polybar|error: module/mpd: Connection refused
polybar|error: module/mpd: Connection refused
polybar|error: module/mpd: Connection refused
polybar|error: module/mpd: Connection refused
polybar|error: module/mpd: Connection refused
polybar|error: module/mpd: Connection refused
polybar|error: module/mpd: Connection refused
polybar|error: module/mpd: Connection refused
polybar|error: module/mpd: Connection refused
polybar|error: module/mpd: Connection refused
polybar|error: module/mpd: Connection refused
polybar|error: module/mpd: Connection refused
polybar|error: module/mpd: Connection refused
polybar|error: module/mpd: Connection refused
polybar|error: module/mpd: Connection refused
polybar|error: module/mpd: Connection refused
polybar|error: module/mpd: Connection refused
polybar|error: module/mpd: Connection refused
polybar|error: module/mpd: Connection refused
polybar|error: module/mpd: Connection refused
polybar|error: module/mpd: Connection refused
polybar|error: module/mpd: Connection refused
polybar|error: module/mpd: Connection refused
polybar|error: module/mpd: Connection refused
polybar|error: module/mpd: Connection refused
polybar|error: module/mpd: Connection refused
polybar|error: module/mpd: Connection refused
polybar|error: module/mpd: Connection refused
polybar|error: module/mpd: Connection refused
polybar|error: module/mpd: Connection refused
polybar|error: module/mpd: Connection refused
polybar|error: module/mpd: Connection refused
polybar|error: module/mpd: Connection refused
polybar|error: module/mpd: Connection refused
polybar|error: module/mpd: Connection refused
polybar|error: module/mpd: Connection refused
polybar|error: module/mpd: Connection refused
polybar|error: module/mpd: Connection refused
polybar|error: module/mpd: Connection refused
polybar|error: module/mpd: Connection refused
polybar|error: module/mpd: Connection refused
polybar|error: module/mpd: Connection refused
polybar|error: module/mpd: Connection refused
polybar|error: module/mpd: Connection refused
polybar|error: module/mpd: Connection refused
polybar|error: module/mpd: Connection refused
polybar|error: module/mpd: Connection refused
polybar|error: module/mpd: Connection refused
[124 16:55:24.217910] [PARSE ERROR] Unknown OSC code: 13
[124 16:55:24.217958] [PARSE ERROR] Unknown OSC code: 708
[124 16:55:24.218178] [PARSE ERROR] Unknown OSC code: 13
[124 16:55:24.218215] [PARSE ERROR] Unknown OSC code: 708
polybar|error: module/mpd: Connection refused
polybar|error: module/mpd: Connection refused
polybar|error: module/mpd: Connection refused
polybar|error: module/mpd: Connection refused
polybar|error: module/mpd: Connection refused
polybar|error: module/mpd: Connection refused
polybar|error: module/mpd: Connection refused
polybar|error: module/mpd: Connection refused
polybar|error: module/mpd: Connection refused
polybar|error: module/mpd: Connection refused
polybar|error: module/mpd: Connection refused
polybar|error: module/mpd: Connection refused
polybar|error: module/mpd: Connection refused
polybar|error: module/mpd: Connection refused
polybar|error: module/mpd: Connection refused
polybar|error: module/mpd: Connection refused
polybar|error: module/mpd: Connection refused
polybar|error: module/mpd: Connection refused
polybar|error: module/mpd: Connection refused
polybar|error: module/mpd: Connection refused
polybar|error: module/mpd: Connection refused
polybar|error: module/mpd: Connection refused
[124 16:56:09.003922] Escape codes to resize text area are not supported
polybar|error: module/mpd: Connection refused
polybar|error: module/mpd: Connection refused
polybar|error: module/mpd: Connection refused
polybar|error: module/mpd: Connection refused
polybar|error: module/mpd: Connection refused
polybar|error: module/mpd: Connection refused
polybar|error: module/mpd: Connection refused
polybar|error: module/mpd: Connection refused
polybar|error: module/mpd: Connection refused
polybar|error: module/mpd: Connection refused
polybar|error: module/mpd: Connection refused
polybar|error: module/mpd: Connection refused
polybar|error: module/mpd: Connection refused
polybar|error: module/mpd: Connection refused
polybar|error: module/mpd: Connection refused
polybar|error: module/mpd: Connection refused
polybar|error: module/mpd: Connection refused
polybar|error: module/mpd: Connection refused
polybar|error: module/mpd: Connection refused
polybar|error: module/mpd: Connection refused
polybar|error: module/mpd: Connection refused
polybar|error: module/mpd: Connection refused
polybar|error: module/mpd: Connection refused
polybar|error: module/mpd: Connection refused
polybar|error: module/mpd: Connection refused
polybar|error: module/mpd: Connection refused
polybar|error: module/mpd: Connection refused
polybar|error: module/mpd: Connection refused
polybar|error: module/mpd: Connection refused
polybar|error: module/mpd: Connection refused
polybar|error: module/mpd: Connection refused
polybar|error: module/mpd: Connection refused
polybar|error: module/mpd: Connection refused
polybar|error: module/mpd: Connection refused
polybar|error: module/mpd: Connection refused
polybar|error: module/mpd: Connection refused
polybar|error: module/mpd: Connection refused
polybar|error: module/mpd: Connection refused
polybar|error: module/mpd: Connection refused
polybar|error: module/mpd: Connection refused
polybar|error: module/mpd: Connection refused
polybar|error: module/mpd: Connection refused
polybar|error: module/mpd: Connection refused
polybar|error: module/mpd: Connection refused
polybar|error: module/mpd: Connection refused
polybar|error: module/mpd: Connection refused
polybar|error: module/mpd: Connection refused
polybar|error: module/mpd: Connection refused
polybar|error: module/mpd: Connection refused
polybar|error: module/mpd: Connection refused
polybar|error: module/mpd: Connection refused
polybar|error: module/mpd: Connection refused
polybar|error: module/mpd: Connection refused
polybar|error: module/mpd: Connection refused
polybar|error: module/mpd: Connection refused
polybar|error: module/mpd: Connection refused
polybar|error: module/mpd: Connection refused
polybar|error: module/mpd: Connection refused
polybar|error: module/mpd: Connection refused
polybar|error: module/mpd: Connection refused
polybar|error: module/mpd: Connection refused
polybar|error: module/mpd: Connection refused
polybar|error: module/mpd: Connection refused
polybar|error: module/mpd: Connection refused
polybar|error: module/mpd: Connection refused
polybar|error: module/mpd: Connection refused
polybar|error: module/mpd: Connection refused
polybar|error: module/mpd: Connection refused
polybar|error: module/mpd: Connection refused
polybar|error: module/mpd: Connection refused
polybar|error: module/mpd: Connection refused
polybar|error: module/mpd: Connection refused
polybar|error: module/mpd: Connection refused
polybar|error: module/mpd: Connection refused
polybar|error: module/mpd: Connection refused
polybar|error: module/mpd: Connection refused
polybar|error: module/mpd: Connection refused
polybar|error: module/mpd: Connection refused
polybar|error: module/mpd: Connection refused
polybar|error: module/mpd: Connection refused
polybar|error: module/mpd: Connection refused
polybar|error: module/mpd: Connection refused
polybar|error: module/mpd: Connection refused
polybar|error: module/mpd: Connection refused
polybar|error: module/mpd: Connection refused
polybar|error: module/mpd: Connection refused
polybar|error: module/mpd: Connection refused
polybar|error: module/mpd: Connection refused
polybar|error: module/mpd: Connection refused
polybar|error: module/mpd: Connection refused
polybar|error: module/mpd: Connection refused
