[2023-05-07T04:55:57.449Z][INFO] Command-line: /home/vylssius/Unity/Hub/Editor/2021.3.24f1/Editor/Data/Resources/PackageManager/Server/UnityPackageManager -s 24337 -p 51119 -l 2
[2023-05-07T04:55:57.453Z][INFO] Creating server instance
[2023-05-07T04:55:57.499Z][INFO] Starting Server
[2023-05-07T04:55:57.501Z][INFO] Server started on port [51119]
[2023-05-07T04:55:57.516Z][INFO] GET '/health' <-- Request received
[2023-05-07T04:55:57.517Z][INFO] GET '/health' --> 200 (1 ms)
[2023-05-07T04:56:41.121Z][INFO] PATCH '/project/dependencies' <-- Request received
[2023-05-07T04:56:41.158Z][INFO] PATCH '/project/dependencies' --> 200 (36 ms)
[2023-05-07T04:56:41.264Z][INFO] POST '/project/dependencies' <-- Request received
[2023-05-07T04:56:42.185Z][INFO] POST '/project/dependencies' --> 200 (921 ms)
[2023-05-07T04:56:43.025Z][INFO] GET '/project/registries' <-- Request received
[2023-05-07T04:56:43.027Z][INFO] GET '/project/dependencies' <-- Request received
[2023-05-07T04:56:43.037Z][INFO] GET '/project/registries' --> 200 (12 ms)
[2023-05-07T04:56:43.133Z][INFO] GET '/project/dependencies' --> 200 (106 ms)
[2023-05-07T04:56:48.956Z][INFO] GET '/project/dependencies' <-- Request received
[2023-05-07T04:56:48.957Z][INFO] GET '/project/registries' <-- Request received
[2023-05-07T04:56:48.957Z][INFO] GET '/project/dependencies' <-- Request received
[2023-05-07T04:56:48.979Z][INFO] GET '/project/registries' --> 200 (21 ms)
[2023-05-07T04:56:49.122Z][INFO] GET '/project/dependencies' --> 200 (166 ms)
[2023-05-07T04:56:49.130Z][INFO] GET '/project/dependencies' --> 200 (173 ms)
[2023-05-07T04:56:51.040Z][INFO] GET '/project/dependencies' <-- Request received
[2023-05-07T04:56:52.163Z][INFO] Downloading package [com.unity.package-manager.metadata-2021.3@0.0.12] from registry 'https://packages.unity.com'
[2023-05-07T04:56:52.634Z][INFO] Finished downloading package [com.unity.package-manager.metadata-2021.3@0.0.12] from registry 'https://packages.unity.com' (1849 bytes in 471 ms)
[2023-05-07T04:56:53.146Z][INFO] GET '/project/dependencies' --> 200 (2106 ms)
